This file contains any messages produced by compilers while
running configure, to aid debugging if configure makes a mistake.

It was created by Spread configure 5.0.0, which was
generated by GNU Autoconf 2.59.  Invocation command line was

  $ ./configure 

## --------- ##
## Platform. ##
## --------- ##

hostname = Sofias-MBP-2.home
uname -m = x86_64
uname -r = 21.2.0
uname -s = Darwin
uname -v = Darwin Kernel Version 21.2.0: Sun Nov 28 20:28:54 PST 2021; root:xnu-8019.61.5~1/RELEASE_X86_64

/usr/bin/uname -p = i386
/bin/uname -X     = unknown

/bin/arch              = unknown
/usr/bin/arch -k       = unknown
/usr/convex/getsysinfo = unknown
hostinfo               = Mach kernel version:
	 Darwin Kernel Version 21.2.0: Sun Nov 28 20:28:54 PST 2021; root:xnu-8019.61.5~1/RELEASE_X86_64
Kernel configured for up to 12 processors.
6 processors are physically available.
12 processors are logically available.
Processor type: x86_64h (Intel x86-64h Haswell)
Processors active: 0 1 2 3 4 5 6 7 8 9 10 11
Primary memory available: 16.00 gigabytes
Default processor set: 485 tasks, 2364 threads, 12 processors
Load average: 2.88, Mach factor: 9.11
/bin/machine           = unknown
/usr/bin/oslevel       = unknown
/bin/universe          = unknown

PATH: /Users/sofiafernandes/.nvm/versions/node/v18.16.0/bin
PATH: /Users/sofiafernandes/miniconda3/bin
PATH: /Users/sofiafernandes/miniconda3/condabin
PATH: /usr/local/bin
PATH: /usr/bin
PATH: /bin
PATH: /usr/sbin
PATH: /sbin
PATH: /usr/local/share/dotnet
PATH: ~/.dotnet/tools


## ----------- ##
## Core tests. ##
## ----------- ##

configure:1355: checking build system type
configure:1373: result: i386-apple-darwin21.2.0
configure:1381: checking host system type
configure:1395: result: i386-apple-darwin21.2.0
configure:1457: checking for gcc
configure:1473: found /usr/bin/gcc
configure:1483: result: gcc
configure:1727: checking for C compiler version
configure:1730: gcc --version </dev/null >&5
Apple clang version 13.1.6 (clang-1316.0.21.2.5)
Target: x86_64-apple-darwin21.2.0
Thread model: posix
InstalledDir: /Library/Developer/CommandLineTools/usr/bin
configure:1733: $? = 0
configure:1735: gcc -v </dev/null >&5
Apple clang version 13.1.6 (clang-1316.0.21.2.5)
Target: x86_64-apple-darwin21.2.0
Thread model: posix
InstalledDir: /Library/Developer/CommandLineTools/usr/bin
configure:1738: $? = 0
configure:1740: gcc -V </dev/null >&5
clang: error: argument to '-V' is missing (expected 1 value)
clang: error: no input files
configure:1743: $? = 1
configure:1766: checking for C compiler default output file name
configure:1769: gcc    conftest.c  >&5
configure:1772: $? = 0
configure:1818: result: a.out
configure:1823: checking whether the C compiler works
configure:1829: ./a.out
configure:1832: $? = 0
configure:1849: result: yes
configure:1856: checking whether we are cross compiling
configure:1858: result: no
configure:1861: checking for suffix of executables
configure:1863: gcc -o conftest    conftest.c  >&5
configure:1866: $? = 0
configure:1891: result: 
configure:1897: checking for suffix of object files
configure:1918: gcc -c   conftest.c >&5
configure:1921: $? = 0
configure:1943: result: o
configure:1947: checking whether we are using the GNU C compiler
configure:1971: gcc -c   conftest.c >&5
configure:1977: $? = 0
configure:1981: test -z 
			 || test ! -s conftest.err
configure:1984: $? = 0
configure:1987: test -s conftest.o
configure:1990: $? = 0
configure:2003: result: yes
configure:2009: checking whether gcc accepts -g
configure:2030: gcc -c -g  conftest.c >&5
configure:2036: $? = 0
configure:2040: test -z 
			 || test ! -s conftest.err
configure:2043: $? = 0
configure:2046: test -s conftest.o
configure:2049: $? = 0
configure:2060: result: yes
configure:2077: checking for gcc option to accept ANSI C
configure:2147: gcc  -c -g -O2  conftest.c >&5
configure:2153: $? = 0
configure:2157: test -z 
			 || test ! -s conftest.err
configure:2160: $? = 0
configure:2163: test -s conftest.o
configure:2166: $? = 0
configure:2184: result: none needed
configure:2202: gcc -c -g -O2  conftest.c >&5
conftest.c:2:3: error: unknown type name 'choke'
  choke me
  ^
conftest.c:2:11: error: expected ';' after top level declarator
  choke me
          ^
          ;
2 errors generated.
configure:2208: $? = 1
configure: failed program was:
| #ifndef __cplusplus
|   choke me
| #endif
configure:2342: checking whether byte ordering is bigendian
configure:2369: gcc -c -g -O2  conftest.c >&5
configure:2375: $? = 0
configure:2379: test -z 
			 || test ! -s conftest.err
configure:2382: $? = 0
configure:2385: test -s conftest.o
configure:2388: $? = 0
configure:2412: gcc -c -g -O2  conftest.c >&5
conftest.c:16:2: error: use of undeclared identifier 'not'
 not big endian
 ^
1 error generated.
configure:2418: $? = 1
configure: failed program was:
| /* confdefs.h.  */
| 
| #define PACKAGE_NAME "Spread"
| #define PACKAGE_TARNAME "spread"
| #define PACKAGE_VERSION "5.0.0"
| #define PACKAGE_STRING "Spread 5.0.0"
| #define PACKAGE_BUGREPORT ""
| /* end confdefs.h.  */
| #include <sys/types.h>
| #include <sys/param.h>
| 
| int
| main ()
| {
| #if BYTE_ORDER != BIG_ENDIAN
|  not big endian
| #endif
| 
|   ;
|   return 0;
| }
configure:2553: result: no
configure:2579: checking how to run the C preprocessor
configure:2614: gcc -E  conftest.c
configure:2620: $? = 0
configure:2652: gcc -E  conftest.c
conftest.c:9:10: fatal error: 'ac_nonexistent.h' file not found
#include <ac_nonexistent.h>
         ^~~~~~~~~~~~~~~~~~
1 error generated.
configure:2658: $? = 1
configure: failed program was:
| /* confdefs.h.  */
| 
| #define PACKAGE_NAME "Spread"
| #define PACKAGE_TARNAME "spread"
| #define PACKAGE_VERSION "5.0.0"
| #define PACKAGE_STRING "Spread 5.0.0"
| #define PACKAGE_BUGREPORT ""
| /* end confdefs.h.  */
| #include <ac_nonexistent.h>
configure:2697: result: gcc -E
configure:2721: gcc -E  conftest.c
configure:2727: $? = 0
configure:2759: gcc -E  conftest.c
conftest.c:9:10: fatal error: 'ac_nonexistent.h' file not found
#include <ac_nonexistent.h>
         ^~~~~~~~~~~~~~~~~~
1 error generated.
configure:2765: $? = 1
configure: failed program was:
| /* confdefs.h.  */
| 
| #define PACKAGE_NAME "Spread"
| #define PACKAGE_TARNAME "spread"
| #define PACKAGE_VERSION "5.0.0"
| #define PACKAGE_STRING "Spread 5.0.0"
| #define PACKAGE_BUGREPORT ""
| /* end confdefs.h.  */
| #include <ac_nonexistent.h>
configure:2849: checking for ranlib
configure:2865: found /usr/bin/ranlib
configure:2876: result: ranlib
configure:2901: checking for a BSD-compatible install
configure:2956: result: /usr/bin/install -c
configure:2967: checking whether ln -s works
configure:2971: result: yes
configure:2982: checking for bison
configure:2998: found /usr/bin/bison
configure:3008: result: bison -y
configure:3021: checking for flex
configure:3039: found /usr/bin/flex
configure:3051: result: /usr/bin/flex
configure:3061: checking for ar
configure:3079: found /usr/bin/ar
configure:3091: result: /usr/bin/ar
configure:3102: checking for perl5
configure:3135: result: no
configure:3102: checking for perl
configure:3120: found /usr/bin/perl
configure:3132: result: /usr/bin/perl
configure:3156: checking for inline
configure:3177: gcc -c -g -O2  conftest.c >&5
configure:3183: $? = 0
configure:3187: test -z 
			 || test ! -s conftest.err
configure:3190: $? = 0
configure:3193: test -s conftest.o
configure:3196: $? = 0
configure:3208: result: inline
configure:3280: checking if we need -pthread for threads
configure:3303: gcc -o conftest -g -O2 -Wall  -pthread  conftest.c  >&5
configure:3309: $? = 0
configure:3313: test -z 
			 || test ! -s conftest.err
configure:3316: $? = 0
configure:3319: test -s conftest
configure:3322: $? = 0
configure:3338: result: yes
configure:3352: checking for pthread_create in -lpthread
configure:3382: gcc -o conftest -g -O2 -Wall   conftest.c -lpthread   >&5
configure:3388: $? = 0
configure:3392: test -z 
			 || test ! -s conftest.err
configure:3395: $? = 0
configure:3398: test -s conftest
configure:3401: $? = 0
configure:3414: result: yes
configure:3426: checking for thr_create in -lthread
configure:3456: gcc -o conftest -g -O2 -Wall   conftest.c -lthread  -lpthread  >&5
ld: library not found for -lthread
clang: error: linker command failed with exit code 1 (use -v to see invocation)
configure:3462: $? = 1
configure: failed program was:
| /* confdefs.h.  */
| 
| #define PACKAGE_NAME "Spread"
| #define PACKAGE_TARNAME "spread"
| #define PACKAGE_VERSION "5.0.0"
| #define PACKAGE_STRING "Spread 5.0.0"
| #define PACKAGE_BUGREPORT ""
| #define HAVE_LIBPTHREAD 1
| /* end confdefs.h.  */
| 
| /* Override any gcc2 internal prototype to avoid an error.  */
| #ifdef __cplusplus
| extern "C"
| #endif
| /* We use char because int might match the return type of a gcc2
|    builtin and then its argument prototype would still apply.  */
| char thr_create ();
| int
| main ()
| {
| thr_create ();
|   ;
|   return 0;
| }
configure:3488: result: no
configure:3500: checking for sem_wait in -lposix4
configure:3530: gcc -o conftest -g -O2 -Wall   conftest.c -lposix4  -lpthread  >&5
ld: library not found for -lposix4
clang: error: linker command failed with exit code 1 (use -v to see invocation)
configure:3536: $? = 1
configure: failed program was:
| /* confdefs.h.  */
| 
| #define PACKAGE_NAME "Spread"
| #define PACKAGE_TARNAME "spread"
| #define PACKAGE_VERSION "5.0.0"
| #define PACKAGE_STRING "Spread 5.0.0"
| #define PACKAGE_BUGREPORT ""
| #define HAVE_LIBPTHREAD 1
| /* end confdefs.h.  */
| 
| /* Override any gcc2 internal prototype to avoid an error.  */
| #ifdef __cplusplus
| extern "C"
| #endif
| /* We use char because int might match the return type of a gcc2
|    builtin and then its argument prototype would still apply.  */
| char sem_wait ();
| int
| main ()
| {
| sem_wait ();
|   ;
|   return 0;
| }
configure:3562: result: no
configure:3579: checking for pthread_atfork
configure:3636: gcc -o conftest -g -O2 -Wall   conftest.c -lpthread  >&5
configure:3642: $? = 0
configure:3646: test -z 
			 || test ! -s conftest.err
configure:3649: $? = 0
configure:3652: test -s conftest
configure:3655: $? = 0
configure:3667: result: yes
configure:3680: checking for gethostbyaddr in -lnsl
configure:3710: gcc -o conftest -g -O2 -Wall   conftest.c -lnsl   >&5
ld: library not found for -lnsl
clang: error: linker command failed with exit code 1 (use -v to see invocation)
configure:3716: $? = 1
configure: failed program was:
| /* confdefs.h.  */
| 
| #define PACKAGE_NAME "Spread"
| #define PACKAGE_TARNAME "spread"
| #define PACKAGE_VERSION "5.0.0"
| #define PACKAGE_STRING "Spread 5.0.0"
| #define PACKAGE_BUGREPORT ""
| #define HAVE_LIBPTHREAD 1
| #define HAVE_PTHREAD_ATFORK 1
| /* end confdefs.h.  */
| 
| /* Override any gcc2 internal prototype to avoid an error.  */
| #ifdef __cplusplus
| extern "C"
| #endif
| /* We use char because int might match the return type of a gcc2
|    builtin and then its argument prototype would still apply.  */
| char gethostbyaddr ();
| int
| main ()
| {
| gethostbyaddr ();
|   ;
|   return 0;
| }
configure:3742: result: no
configure:3754: checking for socket in -lsocket
configure:3784: gcc -o conftest -g -O2 -Wall   conftest.c -lsocket   >&5
ld: library not found for -lsocket
clang: error: linker command failed with exit code 1 (use -v to see invocation)
configure:3790: $? = 1
configure: failed program was:
| /* confdefs.h.  */
| 
| #define PACKAGE_NAME "Spread"
| #define PACKAGE_TARNAME "spread"
| #define PACKAGE_VERSION "5.0.0"
| #define PACKAGE_STRING "Spread 5.0.0"
| #define PACKAGE_BUGREPORT ""
| #define HAVE_LIBPTHREAD 1
| #define HAVE_PTHREAD_ATFORK 1
| /* end confdefs.h.  */
| 
| /* Override any gcc2 internal prototype to avoid an error.  */
| #ifdef __cplusplus
| extern "C"
| #endif
| /* We use char because int might match the return type of a gcc2
|    builtin and then its argument prototype would still apply.  */
| char socket ();
| int
| main ()
| {
| socket ();
|   ;
|   return 0;
| }
configure:3816: result: no
configure:3827: checking for library containing shm_open
configure:3857: gcc -o conftest -g -O2 -Wall   conftest.c  >&5
configure:3863: $? = 0
configure:3867: test -z 
			 || test ! -s conftest.err
configure:3870: $? = 0
configure:3873: test -s conftest
configure:3876: $? = 0
configure:3946: result: none required
configure:3953: checking for library containing nanosleep
configure:3983: gcc -o conftest -g -O2 -Wall   conftest.c  >&5
configure:3989: $? = 0
configure:3993: test -z 
			 || test ! -s conftest.err
configure:3996: $? = 0
configure:3999: test -s conftest
configure:4002: $? = 0
configure:4072: result: none required
configure:4080: checking for sqrt in -lm
configure:4110: gcc -o conftest -g -O2 -Wall   conftest.c -lm   >&5
conftest.c:18:6: warning: incompatible redeclaration of library function 'sqrt' [-Wincompatible-library-redeclaration]
char sqrt ();
     ^
conftest.c:18:6: note: 'sqrt' is a builtin with type 'double (double)'
1 warning generated.
configure:4116: $? = 0
configure:4120: test -z 
			 || test ! -s conftest.err
configure:4123: $? = 0
configure:4126: test -s conftest
configure:4129: $? = 0
configure:4142: result: yes
configure:4154: checking for clock_gettime in -lrt
configure:4184: gcc -o conftest -g -O2 -Wall   conftest.c -lrt  -lm  >&5
ld: library not found for -lrt
clang: error: linker command failed with exit code 1 (use -v to see invocation)
configure:4190: $? = 1
configure: failed program was:
| /* confdefs.h.  */
| 
| #define PACKAGE_NAME "Spread"
| #define PACKAGE_TARNAME "spread"
| #define PACKAGE_VERSION "5.0.0"
| #define PACKAGE_STRING "Spread 5.0.0"
| #define PACKAGE_BUGREPORT ""
| #define HAVE_LIBPTHREAD 1
| #define HAVE_PTHREAD_ATFORK 1
| #define HAVE_LIBM 1
| /* end confdefs.h.  */
| 
| /* Override any gcc2 internal prototype to avoid an error.  */
| #ifdef __cplusplus
| extern "C"
| #endif
| /* We use char because int might match the return type of a gcc2
|    builtin and then its argument prototype would still apply.  */
| char clock_gettime ();
| int
| main ()
| {
| clock_gettime ();
|   ;
|   return 0;
| }
configure:4216: result: no
configure:4228: checking for dladdr in -ldl
configure:4258: gcc -o conftest -g -O2 -Wall   conftest.c -ldl  -lm  >&5
configure:4264: $? = 0
configure:4268: test -z 
			 || test ! -s conftest.err
configure:4271: $? = 0
configure:4274: test -s conftest
configure:4277: $? = 0
configure:4290: result: yes
configure:4306: checking for strftime
configure:4363: gcc -o conftest -g -O2 -Wall   conftest.c -ldl -lm  >&5
configure:4369: $? = 0
configure:4373: test -z 
			 || test ! -s conftest.err
configure:4376: $? = 0
configure:4379: test -s conftest
configure:4382: $? = 0
configure:4394: result: yes
configure:4481: checking for egrep
configure:4491: result: grep -E
configure:4496: checking for ANSI C header files
configure:4521: gcc -c -g -O2 -Wall  conftest.c >&5
configure:4527: $? = 0
configure:4531: test -z 
			 || test ! -s conftest.err
configure:4534: $? = 0
configure:4537: test -s conftest.o
configure:4540: $? = 0
configure:4629: gcc -o conftest -g -O2 -Wall   conftest.c -ldl -lm  >&5
conftest.c:31:7: error: implicitly declaring library function 'exit' with type 'void (int) __attribute__((noreturn))' [-Werror,-Wimplicit-function-declaration]
      exit(2);
      ^
conftest.c:31:7: note: include the header <stdlib.h> or explicitly provide a declaration for 'exit'
1 error generated.
configure:4632: $? = 1
configure: program exited with status 1
configure: failed program was:
| /* confdefs.h.  */
| 
| #define PACKAGE_NAME "Spread"
| #define PACKAGE_TARNAME "spread"
| #define PACKAGE_VERSION "5.0.0"
| #define PACKAGE_STRING "Spread 5.0.0"
| #define PACKAGE_BUGREPORT ""
| #define HAVE_LIBPTHREAD 1
| #define HAVE_PTHREAD_ATFORK 1
| #define HAVE_LIBM 1
| #define HAVE_LIBDL 1
| #define HAVE_STRFTIME 1
| /* end confdefs.h.  */
| #include <ctype.h>
| #if ((' ' & 0x0FF) == 0x020)
| # define ISLOWER(c) ('a' <= (c) && (c) <= 'z')
| # define TOUPPER(c) (ISLOWER(c) ? 'A' + ((c) - 'a') : (c))
| #else
| # define ISLOWER(c) 		   (('a' <= (c) && (c) <= 'i') 		     || ('j' <= (c) && (c) <= 'r') 		     || ('s' <= (c) && (c) <= 'z'))
| # define TOUPPER(c) (ISLOWER(c) ? ((c) | 0x40) : (c))
| #endif
| 
| #define XOR(e, f) (((e) && !(f)) || (!(e) && (f)))
| int
| main ()
| {
|   int i;
|   for (i = 0; i < 256; i++)
|     if (XOR (islower (i), ISLOWER (i))
| 	|| toupper (i) != TOUPPER (i))
|       exit(2);
|   exit (0);
| }
configure:4652: result: no
configure:4676: checking for sys/types.h
configure:4692: gcc -c -g -O2 -Wall  conftest.c >&5
configure:4698: $? = 0
configure:4702: test -z 
			 || test ! -s conftest.err
configure:4705: $? = 0
configure:4708: test -s conftest.o
configure:4711: $? = 0
configure:4722: result: yes
configure:4676: checking for sys/stat.h
configure:4692: gcc -c -g -O2 -Wall  conftest.c >&5
configure:4698: $? = 0
configure:4702: test -z 
			 || test ! -s conftest.err
configure:4705: $? = 0
configure:4708: test -s conftest.o
configure:4711: $? = 0
configure:4722: result: yes
configure:4676: checking for stdlib.h
configure:4692: gcc -c -g -O2 -Wall  conftest.c >&5
configure:4698: $? = 0
configure:4702: test -z 
			 || test ! -s conftest.err
configure:4705: $? = 0
configure:4708: test -s conftest.o
configure:4711: $? = 0
configure:4722: result: yes
configure:4676: checking for string.h
configure:4692: gcc -c -g -O2 -Wall  conftest.c >&5
configure:4698: $? = 0
configure:4702: test -z 
			 || test ! -s conftest.err
configure:4705: $? = 0
configure:4708: test -s conftest.o
configure:4711: $? = 0
configure:4722: result: yes
configure:4676: checking for memory.h
configure:4692: gcc -c -g -O2 -Wall  conftest.c >&5
configure:4698: $? = 0
configure:4702: test -z 
			 || test ! -s conftest.err
configure:4705: $? = 0
configure:4708: test -s conftest.o
configure:4711: $? = 0
configure:4722: result: yes
configure:4676: checking for strings.h
configure:4692: gcc -c -g -O2 -Wall  conftest.c >&5
configure:4698: $? = 0
configure:4702: test -z 
			 || test ! -s conftest.err
configure:4705: $? = 0
configure:4708: test -s conftest.o
configure:4711: $? = 0
configure:4722: result: yes
configure:4676: checking for inttypes.h
configure:4692: gcc -c -g -O2 -Wall  conftest.c >&5
configure:4698: $? = 0
configure:4702: test -z 
			 || test ! -s conftest.err
configure:4705: $? = 0
configure:4708: test -s conftest.o
configure:4711: $? = 0
configure:4722: result: yes
configure:4676: checking for stdint.h
configure:4692: gcc -c -g -O2 -Wall  conftest.c >&5
configure:4698: $? = 0
configure:4702: test -z 
			 || test ! -s conftest.err
configure:4705: $? = 0
configure:4708: test -s conftest.o
configure:4711: $? = 0
configure:4722: result: yes
configure:4676: checking for unistd.h
configure:4692: gcc -c -g -O2 -Wall  conftest.c >&5
configure:4698: $? = 0
configure:4702: test -z 
			 || test ! -s conftest.err
configure:4705: $? = 0
configure:4708: test -s conftest.o
configure:4711: $? = 0
configure:4722: result: yes
configure:4782: checking arpa/inet.h usability
configure:4794: gcc -c -g -O2 -Wall  conftest.c >&5
configure:4800: $? = 0
configure:4804: test -z 
			 || test ! -s conftest.err
configure:4807: $? = 0
configure:4810: test -s conftest.o
configure:4813: $? = 0
configure:4823: result: yes
configure:4827: checking arpa/inet.h presence
configure:4837: gcc -E  conftest.c
configure:4843: $? = 0
configure:4863: result: yes
configure:4898: checking for arpa/inet.h
configure:4905: result: yes
configure:4782: checking assert.h usability
configure:4794: gcc -c -g -O2 -Wall  conftest.c >&5
configure:4800: $? = 0
configure:4804: test -z 
			 || test ! -s conftest.err
configure:4807: $? = 0
configure:4810: test -s conftest.o
configure:4813: $? = 0
configure:4823: result: yes
configure:4827: checking assert.h presence
configure:4837: gcc -E  conftest.c
configure:4843: $? = 0
configure:4863: result: yes
configure:4898: checking for assert.h
configure:4905: result: yes
configure:4782: checking errno.h usability
configure:4794: gcc -c -g -O2 -Wall  conftest.c >&5
configure:4800: $? = 0
configure:4804: test -z 
			 || test ! -s conftest.err
configure:4807: $? = 0
configure:4810: test -s conftest.o
configure:4813: $? = 0
configure:4823: result: yes
configure:4827: checking errno.h presence
configure:4837: gcc -E  conftest.c
configure:4843: $? = 0
configure:4863: result: yes
configure:4898: checking for errno.h
configure:4905: result: yes
configure:4782: checking grp.h usability
configure:4794: gcc -c -g -O2 -Wall  conftest.c >&5
configure:4800: $? = 0
configure:4804: test -z 
			 || test ! -s conftest.err
configure:4807: $? = 0
configure:4810: test -s conftest.o
configure:4813: $? = 0
configure:4823: result: yes
configure:4827: checking grp.h presence
configure:4837: gcc -E  conftest.c
configure:4843: $? = 0
configure:4863: result: yes
configure:4898: checking for grp.h
configure:4905: result: yes
configure:4782: checking limits.h usability
configure:4794: gcc -c -g -O2 -Wall  conftest.c >&5
configure:4800: $? = 0
configure:4804: test -z 
			 || test ! -s conftest.err
configure:4807: $? = 0
configure:4810: test -s conftest.o
configure:4813: $? = 0
configure:4823: result: yes
configure:4827: checking limits.h presence
configure:4837: gcc -E  conftest.c
configure:4843: $? = 0
configure:4863: result: yes
configure:4898: checking for limits.h
configure:4905: result: yes
configure:4782: checking netdb.h usability
configure:4794: gcc -c -g -O2 -Wall  conftest.c >&5
configure:4800: $? = 0
configure:4804: test -z 
			 || test ! -s conftest.err
configure:4807: $? = 0
configure:4810: test -s conftest.o
configure:4813: $? = 0
configure:4823: result: yes
configure:4827: checking netdb.h presence
configure:4837: gcc -E  conftest.c
configure:4843: $? = 0
configure:4863: result: yes
configure:4898: checking for netdb.h
configure:4905: result: yes
configure:4782: checking netinet/in.h usability
configure:4794: gcc -c -g -O2 -Wall  conftest.c >&5
configure:4800: $? = 0
configure:4804: test -z 
			 || test ! -s conftest.err
configure:4807: $? = 0
configure:4810: test -s conftest.o
configure:4813: $? = 0
configure:4823: result: yes
configure:4827: checking netinet/in.h presence
configure:4837: gcc -E  conftest.c
configure:4843: $? = 0
configure:4863: result: yes
configure:4898: checking for netinet/in.h
configure:4905: result: yes
configure:4782: checking netinet/tcp.h usability
configure:4794: gcc -c -g -O2 -Wall  conftest.c >&5
configure:4800: $? = 0
configure:4804: test -z 
			 || test ! -s conftest.err
configure:4807: $? = 0
configure:4810: test -s conftest.o
configure:4813: $? = 0
configure:4823: result: yes
configure:4827: checking netinet/tcp.h presence
configure:4837: gcc -E  conftest.c
configure:4843: $? = 0
configure:4863: result: yes
configure:4898: checking for netinet/tcp.h
configure:4905: result: yes
configure:4782: checking process.h usability
configure:4794: gcc -c -g -O2 -Wall  conftest.c >&5
conftest.c:65:10: fatal error: 'process.h' file not found
#include <process.h>
         ^~~~~~~~~~~
1 error generated.
configure:4800: $? = 1
configure: failed program was:
| /* confdefs.h.  */
| 
| #define PACKAGE_NAME "Spread"
| #define PACKAGE_TARNAME "spread"
| #define PACKAGE_VERSION "5.0.0"
| #define PACKAGE_STRING "Spread 5.0.0"
| #define PACKAGE_BUGREPORT ""
| #define HAVE_LIBPTHREAD 1
| #define HAVE_PTHREAD_ATFORK 1
| #define HAVE_LIBM 1
| #define HAVE_LIBDL 1
| #define HAVE_STRFTIME 1
| #define HAVE_SYS_TYPES_H 1
| #define HAVE_SYS_STAT_H 1
| #define HAVE_STDLIB_H 1
| #define HAVE_STRING_H 1
| #define HAVE_MEMORY_H 1
| #define HAVE_STRINGS_H 1
| #define HAVE_INTTYPES_H 1
| #define HAVE_STDINT_H 1
| #define HAVE_UNISTD_H 1
| #define HAVE_ARPA_INET_H 1
| #define HAVE_ASSERT_H 1
| #define HAVE_ERRNO_H 1
| #define HAVE_GRP_H 1
| #define HAVE_LIMITS_H 1
| #define HAVE_NETDB_H 1
| #define HAVE_NETINET_IN_H 1
| #define HAVE_NETINET_TCP_H 1
| /* end confdefs.h.  */
| #include <stdio.h>
| #if HAVE_SYS_TYPES_H
| # include <sys/types.h>
| #endif
| #if HAVE_SYS_STAT_H
| # include <sys/stat.h>
| #endif
| #if STDC_HEADERS
| # include <stdlib.h>
| # include <stddef.h>
| #else
| # if HAVE_STDLIB_H
| #  include <stdlib.h>
| # endif
| #endif
| #if HAVE_STRING_H
| # if !STDC_HEADERS && HAVE_MEMORY_H
| #  include <memory.h>
| # endif
| # include <string.h>
| #endif
| #if HAVE_STRINGS_H
| # include <strings.h>
| #endif
| #if HAVE_INTTYPES_H
| # include <inttypes.h>
| #else
| # if HAVE_STDINT_H
| #  include <stdint.h>
| # endif
| #endif
| #if HAVE_UNISTD_H
| # include <unistd.h>
| #endif
| #include <process.h>
configure:4823: result: no
configure:4827: checking process.h presence
configure:4837: gcc -E  conftest.c
conftest.c:31:10: fatal error: 'process.h' file not found
#include <process.h>
         ^~~~~~~~~~~
1 error generated.
configure:4843: $? = 1
configure: failed program was:
| /* confdefs.h.  */
| 
| #define PACKAGE_NAME "Spread"
| #define PACKAGE_TARNAME "spread"
| #define PACKAGE_VERSION "5.0.0"
| #define PACKAGE_STRING "Spread 5.0.0"
| #define PACKAGE_BUGREPORT ""
| #define HAVE_LIBPTHREAD 1
| #define HAVE_PTHREAD_ATFORK 1
| #define HAVE_LIBM 1
| #define HAVE_LIBDL 1
| #define HAVE_STRFTIME 1
| #define HAVE_SYS_TYPES_H 1
| #define HAVE_SYS_STAT_H 1
| #define HAVE_STDLIB_H 1
| #define HAVE_STRING_H 1
| #define HAVE_MEMORY_H 1
| #define HAVE_STRINGS_H 1
| #define HAVE_INTTYPES_H 1
| #define HAVE_STDINT_H 1
| #define HAVE_UNISTD_H 1
| #define HAVE_ARPA_INET_H 1
| #define HAVE_ASSERT_H 1
| #define HAVE_ERRNO_H 1
| #define HAVE_GRP_H 1
| #define HAVE_LIMITS_H 1
| #define HAVE_NETDB_H 1
| #define HAVE_NETINET_IN_H 1
| #define HAVE_NETINET_TCP_H 1
| /* end confdefs.h.  */
| #include <process.h>
configure:4863: result: no
configure:4898: checking for process.h
configure:4905: result: no
configure:4782: checking pthread.h usability
configure:4794: gcc -c -g -O2 -Wall  conftest.c >&5
configure:4800: $? = 0
configure:4804: test -z 
			 || test ! -s conftest.err
configure:4807: $? = 0
configure:4810: test -s conftest.o
configure:4813: $? = 0
configure:4823: result: yes
configure:4827: checking pthread.h presence
configure:4837: gcc -E  conftest.c
configure:4843: $? = 0
configure:4863: result: yes
configure:4898: checking for pthread.h
configure:4905: result: yes
configure:4782: checking pwd.h usability
configure:4794: gcc -c -g -O2 -Wall  conftest.c >&5
configure:4800: $? = 0
configure:4804: test -z 
			 || test ! -s conftest.err
configure:4807: $? = 0
configure:4810: test -s conftest.o
configure:4813: $? = 0
configure:4823: result: yes
configure:4827: checking pwd.h presence
configure:4837: gcc -E  conftest.c
configure:4843: $? = 0
configure:4863: result: yes
configure:4898: checking for pwd.h
configure:4905: result: yes
configure:4782: checking signal.h usability
configure:4794: gcc -c -g -O2 -Wall  conftest.c >&5
configure:4800: $? = 0
configure:4804: test -z 
			 || test ! -s conftest.err
configure:4807: $? = 0
configure:4810: test -s conftest.o
configure:4813: $? = 0
configure:4823: result: yes
configure:4827: checking signal.h presence
configure:4837: gcc -E  conftest.c
configure:4843: $? = 0
configure:4863: result: yes
configure:4898: checking for signal.h
configure:4905: result: yes
configure:4782: checking stdarg.h usability
configure:4794: gcc -c -g -O2 -Wall  conftest.c >&5
configure:4800: $? = 0
configure:4804: test -z 
			 || test ! -s conftest.err
configure:4807: $? = 0
configure:4810: test -s conftest.o
configure:4813: $? = 0
configure:4823: result: yes
configure:4827: checking stdarg.h presence
configure:4837: gcc -E  conftest.c
configure:4843: $? = 0
configure:4863: result: yes
configure:4898: checking for stdarg.h
configure:4905: result: yes
configure:4773: checking for stdint.h
configure:4778: result: yes
configure:4782: checking stdio.h usability
configure:4794: gcc -c -g -O2 -Wall  conftest.c >&5
configure:4800: $? = 0
configure:4804: test -z 
			 || test ! -s conftest.err
configure:4807: $? = 0
configure:4810: test -s conftest.o
configure:4813: $? = 0
configure:4823: result: yes
configure:4827: checking stdio.h presence
configure:4837: gcc -E  conftest.c
configure:4843: $? = 0
configure:4863: result: yes
configure:4898: checking for stdio.h
configure:4905: result: yes
configure:4773: checking for stdlib.h
configure:4778: result: yes
configure:4773: checking for string.h
configure:4778: result: yes
configure:4782: checking sys/inttypes.h usability
configure:4794: gcc -c -g -O2 -Wall  conftest.c >&5
conftest.c:73:10: fatal error: 'sys/inttypes.h' file not found
#include <sys/inttypes.h>
         ^~~~~~~~~~~~~~~~
1 error generated.
configure:4800: $? = 1
configure: failed program was:
| /* confdefs.h.  */
| 
| #define PACKAGE_NAME "Spread"
| #define PACKAGE_TARNAME "spread"
| #define PACKAGE_VERSION "5.0.0"
| #define PACKAGE_STRING "Spread 5.0.0"
| #define PACKAGE_BUGREPORT ""
| #define HAVE_LIBPTHREAD 1
| #define HAVE_PTHREAD_ATFORK 1
| #define HAVE_LIBM 1
| #define HAVE_LIBDL 1
| #define HAVE_STRFTIME 1
| #define HAVE_SYS_TYPES_H 1
| #define HAVE_SYS_STAT_H 1
| #define HAVE_STDLIB_H 1
| #define HAVE_STRING_H 1
| #define HAVE_MEMORY_H 1
| #define HAVE_STRINGS_H 1
| #define HAVE_INTTYPES_H 1
| #define HAVE_STDINT_H 1
| #define HAVE_UNISTD_H 1
| #define HAVE_ARPA_INET_H 1
| #define HAVE_ASSERT_H 1
| #define HAVE_ERRNO_H 1
| #define HAVE_GRP_H 1
| #define HAVE_LIMITS_H 1
| #define HAVE_NETDB_H 1
| #define HAVE_NETINET_IN_H 1
| #define HAVE_NETINET_TCP_H 1
| #define HAVE_PTHREAD_H 1
| #define HAVE_PWD_H 1
| #define HAVE_SIGNAL_H 1
| #define HAVE_STDARG_H 1
| #define HAVE_STDINT_H 1
| #define HAVE_STDIO_H 1
| #define HAVE_STDLIB_H 1
| #define HAVE_STRING_H 1
| /* end confdefs.h.  */
| #include <stdio.h>
| #if HAVE_SYS_TYPES_H
| # include <sys/types.h>
| #endif
| #if HAVE_SYS_STAT_H
| # include <sys/stat.h>
| #endif
| #if STDC_HEADERS
| # include <stdlib.h>
| # include <stddef.h>
| #else
| # if HAVE_STDLIB_H
| #  include <stdlib.h>
| # endif
| #endif
| #if HAVE_STRING_H
| # if !STDC_HEADERS && HAVE_MEMORY_H
| #  include <memory.h>
| # endif
| # include <string.h>
| #endif
| #if HAVE_STRINGS_H
| # include <strings.h>
| #endif
| #if HAVE_INTTYPES_H
| # include <inttypes.h>
| #else
| # if HAVE_STDINT_H
| #  include <stdint.h>
| # endif
| #endif
| #if HAVE_UNISTD_H
| # include <unistd.h>
| #endif
| #include <sys/inttypes.h>
configure:4823: result: no
configure:4827: checking sys/inttypes.h presence
configure:4837: gcc -E  conftest.c
conftest.c:39:10: fatal error: 'sys/inttypes.h' file not found
#include <sys/inttypes.h>
         ^~~~~~~~~~~~~~~~
1 error generated.
configure:4843: $? = 1
configure: failed program was:
| /* confdefs.h.  */
| 
| #define PACKAGE_NAME "Spread"
| #define PACKAGE_TARNAME "spread"
| #define PACKAGE_VERSION "5.0.0"
| #define PACKAGE_STRING "Spread 5.0.0"
| #define PACKAGE_BUGREPORT ""
| #define HAVE_LIBPTHREAD 1
| #define HAVE_PTHREAD_ATFORK 1
| #define HAVE_LIBM 1
| #define HAVE_LIBDL 1
| #define HAVE_STRFTIME 1
| #define HAVE_SYS_TYPES_H 1
| #define HAVE_SYS_STAT_H 1
| #define HAVE_STDLIB_H 1
| #define HAVE_STRING_H 1
| #define HAVE_MEMORY_H 1
| #define HAVE_STRINGS_H 1
| #define HAVE_INTTYPES_H 1
| #define HAVE_STDINT_H 1
| #define HAVE_UNISTD_H 1
| #define HAVE_ARPA_INET_H 1
| #define HAVE_ASSERT_H 1
| #define HAVE_ERRNO_H 1
| #define HAVE_GRP_H 1
| #define HAVE_LIMITS_H 1
| #define HAVE_NETDB_H 1
| #define HAVE_NETINET_IN_H 1
| #define HAVE_NETINET_TCP_H 1
| #define HAVE_PTHREAD_H 1
| #define HAVE_PWD_H 1
| #define HAVE_SIGNAL_H 1
| #define HAVE_STDARG_H 1
| #define HAVE_STDINT_H 1
| #define HAVE_STDIO_H 1
| #define HAVE_STDLIB_H 1
| #define HAVE_STRING_H 1
| /* end confdefs.h.  */
| #include <sys/inttypes.h>
configure:4863: result: no
configure:4898: checking for sys/inttypes.h
configure:4905: result: no
configure:4782: checking sys/ioctl.h usability
configure:4794: gcc -c -g -O2 -Wall  conftest.c >&5
configure:4800: $? = 0
configure:4804: test -z 
			 || test ! -s conftest.err
configure:4807: $? = 0
configure:4810: test -s conftest.o
configure:4813: $? = 0
configure:4823: result: yes
configure:4827: checking sys/ioctl.h presence
configure:4837: gcc -E  conftest.c
configure:4843: $? = 0
configure:4863: result: yes
configure:4898: checking for sys/ioctl.h
configure:4905: result: yes
configure:4782: checking sys/param.h usability
configure:4794: gcc -c -g -O2 -Wall  conftest.c >&5
configure:4800: $? = 0
configure:4804: test -z 
			 || test ! -s conftest.err
configure:4807: $? = 0
configure:4810: test -s conftest.o
configure:4813: $? = 0
configure:4823: result: yes
configure:4827: checking sys/param.h presence
configure:4837: gcc -E  conftest.c
configure:4843: $? = 0
configure:4863: result: yes
configure:4898: checking for sys/param.h
configure:4905: result: yes
configure:4782: checking sys/socket.h usability
configure:4794: gcc -c -g -O2 -Wall  conftest.c >&5
configure:4800: $? = 0
configure:4804: test -z 
			 || test ! -s conftest.err
configure:4807: $? = 0
configure:4810: test -s conftest.o
configure:4813: $? = 0
configure:4823: result: yes
configure:4827: checking sys/socket.h presence
configure:4837: gcc -E  conftest.c
configure:4843: $? = 0
configure:4863: result: yes
configure:4898: checking for sys/socket.h
configure:4905: result: yes
configure:4773: checking for sys/stat.h
configure:4778: result: yes
configure:4782: checking sys/time.h usability
configure:4794: gcc -c -g -O2 -Wall  conftest.c >&5
configure:4800: $? = 0
configure:4804: test -z 
			 || test ! -s conftest.err
configure:4807: $? = 0
configure:4810: test -s conftest.o
configure:4813: $? = 0
configure:4823: result: yes
configure:4827: checking sys/time.h presence
configure:4837: gcc -E  conftest.c
configure:4843: $? = 0
configure:4863: result: yes
configure:4898: checking for sys/time.h
configure:4905: result: yes
configure:4782: checking sys/timeb.h usability
configure:4794: gcc -c -g -O2 -Wall  conftest.c >&5
configure:4800: $? = 0
configure:4804: test -z 
			 || test ! -s conftest.err
configure:4807: $? = 0
configure:4810: test -s conftest.o
configure:4813: $? = 0
configure:4823: result: yes
configure:4827: checking sys/timeb.h presence
configure:4837: gcc -E  conftest.c
configure:4843: $? = 0
configure:4863: result: yes
configure:4898: checking for sys/timeb.h
configure:4905: result: yes
configure:4773: checking for sys/types.h
configure:4778: result: yes
configure:4782: checking sys/uio.h usability
configure:4794: gcc -c -g -O2 -Wall  conftest.c >&5
configure:4800: $? = 0
configure:4804: test -z 
			 || test ! -s conftest.err
configure:4807: $? = 0
configure:4810: test -s conftest.o
configure:4813: $? = 0
configure:4823: result: yes
configure:4827: checking sys/uio.h presence
configure:4837: gcc -E  conftest.c
configure:4843: $? = 0
configure:4863: result: yes
configure:4898: checking for sys/uio.h
configure:4905: result: yes
configure:4782: checking sys/un.h usability
configure:4794: gcc -c -g -O2 -Wall  conftest.c >&5
configure:4800: $? = 0
configure:4804: test -z 
			 || test ! -s conftest.err
configure:4807: $? = 0
configure:4810: test -s conftest.o
configure:4813: $? = 0
configure:4823: result: yes
configure:4827: checking sys/un.h presence
configure:4837: gcc -E  conftest.c
configure:4843: $? = 0
configure:4863: result: yes
configure:4898: checking for sys/un.h
configure:4905: result: yes
configure:4782: checking sys/filio.h usability
configure:4794: gcc -c -g -O2 -Wall  conftest.c >&5
configure:4800: $? = 0
configure:4804: test -z 
			 || test ! -s conftest.err
configure:4807: $? = 0
configure:4810: test -s conftest.o
configure:4813: $? = 0
configure:4823: result: yes
configure:4827: checking sys/filio.h presence
configure:4837: gcc -E  conftest.c
configure:4843: $? = 0
configure:4863: result: yes
configure:4898: checking for sys/filio.h
configure:4905: result: yes
configure:4782: checking sys/select.h usability
configure:4794: gcc -c -g -O2 -Wall  conftest.c >&5
configure:4800: $? = 0
configure:4804: test -z 
			 || test ! -s conftest.err
configure:4807: $? = 0
configure:4810: test -s conftest.o
configure:4813: $? = 0
configure:4823: result: yes
configure:4827: checking sys/select.h presence
configure:4837: gcc -E  conftest.c
configure:4843: $? = 0
configure:4863: result: yes
configure:4898: checking for sys/select.h
configure:4905: result: yes
configure:4782: checking time.h usability
configure:4794: gcc -c -g -O2 -Wall  conftest.c >&5
configure:4800: $? = 0
configure:4804: test -z 
			 || test ! -s conftest.err
configure:4807: $? = 0
configure:4810: test -s conftest.o
configure:4813: $? = 0
configure:4823: result: yes
configure:4827: checking time.h presence
configure:4837: gcc -E  conftest.c
configure:4843: $? = 0
configure:4863: result: yes
configure:4898: checking for time.h
configure:4905: result: yes
configure:4773: checking for unistd.h
configure:4778: result: yes
configure:4782: checking windows.h usability
configure:4794: gcc -c -g -O2 -Wall  conftest.c >&5
conftest.c:86:10: fatal error: 'windows.h' file not found
#include <windows.h>
         ^~~~~~~~~~~
1 error generated.
configure:4800: $? = 1
configure: failed program was:
| /* confdefs.h.  */
| 
| #define PACKAGE_NAME "Spread"
| #define PACKAGE_TARNAME "spread"
| #define PACKAGE_VERSION "5.0.0"
| #define PACKAGE_STRING "Spread 5.0.0"
| #define PACKAGE_BUGREPORT ""
| #define HAVE_LIBPTHREAD 1
| #define HAVE_PTHREAD_ATFORK 1
| #define HAVE_LIBM 1
| #define HAVE_LIBDL 1
| #define HAVE_STRFTIME 1
| #define HAVE_SYS_TYPES_H 1
| #define HAVE_SYS_STAT_H 1
| #define HAVE_STDLIB_H 1
| #define HAVE_STRING_H 1
| #define HAVE_MEMORY_H 1
| #define HAVE_STRINGS_H 1
| #define HAVE_INTTYPES_H 1
| #define HAVE_STDINT_H 1
| #define HAVE_UNISTD_H 1
| #define HAVE_ARPA_INET_H 1
| #define HAVE_ASSERT_H 1
| #define HAVE_ERRNO_H 1
| #define HAVE_GRP_H 1
| #define HAVE_LIMITS_H 1
| #define HAVE_NETDB_H 1
| #define HAVE_NETINET_IN_H 1
| #define HAVE_NETINET_TCP_H 1
| #define HAVE_PTHREAD_H 1
| #define HAVE_PWD_H 1
| #define HAVE_SIGNAL_H 1
| #define HAVE_STDARG_H 1
| #define HAVE_STDINT_H 1
| #define HAVE_STDIO_H 1
| #define HAVE_STDLIB_H 1
| #define HAVE_STRING_H 1
| #define HAVE_SYS_IOCTL_H 1
| #define HAVE_SYS_PARAM_H 1
| #define HAVE_SYS_SOCKET_H 1
| #define HAVE_SYS_STAT_H 1
| #define HAVE_SYS_TIME_H 1
| #define HAVE_SYS_TIMEB_H 1
| #define HAVE_SYS_TYPES_H 1
| #define HAVE_SYS_UIO_H 1
| #define HAVE_SYS_UN_H 1
| #define HAVE_SYS_FILIO_H 1
| #define HAVE_SYS_SELECT_H 1
| #define HAVE_TIME_H 1
| #define HAVE_UNISTD_H 1
| /* end confdefs.h.  */
| #include <stdio.h>
| #if HAVE_SYS_TYPES_H
| # include <sys/types.h>
| #endif
| #if HAVE_SYS_STAT_H
| # include <sys/stat.h>
| #endif
| #if STDC_HEADERS
| # include <stdlib.h>
| # include <stddef.h>
| #else
| # if HAVE_STDLIB_H
| #  include <stdlib.h>
| # endif
| #endif
| #if HAVE_STRING_H
| # if !STDC_HEADERS && HAVE_MEMORY_H
| #  include <memory.h>
| # endif
| # include <string.h>
| #endif
| #if HAVE_STRINGS_H
| # include <strings.h>
| #endif
| #if HAVE_INTTYPES_H
| # include <inttypes.h>
| #else
| # if HAVE_STDINT_H
| #  include <stdint.h>
| # endif
| #endif
| #if HAVE_UNISTD_H
| # include <unistd.h>
| #endif
| #include <windows.h>
configure:4823: result: no
configure:4827: checking windows.h presence
configure:4837: gcc -E  conftest.c
conftest.c:52:10: fatal error: 'windows.h' file not found
#include <windows.h>
         ^~~~~~~~~~~
1 error generated.
configure:4843: $? = 1
configure: failed program was:
| /* confdefs.h.  */
| 
| #define PACKAGE_NAME "Spread"
| #define PACKAGE_TARNAME "spread"
| #define PACKAGE_VERSION "5.0.0"
| #define PACKAGE_STRING "Spread 5.0.0"
| #define PACKAGE_BUGREPORT ""
| #define HAVE_LIBPTHREAD 1
| #define HAVE_PTHREAD_ATFORK 1
| #define HAVE_LIBM 1
| #define HAVE_LIBDL 1
| #define HAVE_STRFTIME 1
| #define HAVE_SYS_TYPES_H 1
| #define HAVE_SYS_STAT_H 1
| #define HAVE_STDLIB_H 1
| #define HAVE_STRING_H 1
| #define HAVE_MEMORY_H 1
| #define HAVE_STRINGS_H 1
| #define HAVE_INTTYPES_H 1
| #define HAVE_STDINT_H 1
| #define HAVE_UNISTD_H 1
| #define HAVE_ARPA_INET_H 1
| #define HAVE_ASSERT_H 1
| #define HAVE_ERRNO_H 1
| #define HAVE_GRP_H 1
| #define HAVE_LIMITS_H 1
| #define HAVE_NETDB_H 1
| #define HAVE_NETINET_IN_H 1
| #define HAVE_NETINET_TCP_H 1
| #define HAVE_PTHREAD_H 1
| #define HAVE_PWD_H 1
| #define HAVE_SIGNAL_H 1
| #define HAVE_STDARG_H 1
| #define HAVE_STDINT_H 1
| #define HAVE_STDIO_H 1
| #define HAVE_STDLIB_H 1
| #define HAVE_STRING_H 1
| #define HAVE_SYS_IOCTL_H 1
| #define HAVE_SYS_PARAM_H 1
| #define HAVE_SYS_SOCKET_H 1
| #define HAVE_SYS_STAT_H 1
| #define HAVE_SYS_TIME_H 1
| #define HAVE_SYS_TIMEB_H 1
| #define HAVE_SYS_TYPES_H 1
| #define HAVE_SYS_UIO_H 1
| #define HAVE_SYS_UN_H 1
| #define HAVE_SYS_FILIO_H 1
| #define HAVE_SYS_SELECT_H 1
| #define HAVE_TIME_H 1
| #define HAVE_UNISTD_H 1
| /* end confdefs.h.  */
| #include <windows.h>
configure:4863: result: no
configure:4898: checking for windows.h
configure:4905: result: no
configure:4782: checking winsock2.h usability
configure:4794: gcc -c -g -O2 -Wall  conftest.c >&5
conftest.c:86:10: fatal error: 'winsock2.h' file not found
#include <winsock2.h>
         ^~~~~~~~~~~~
1 error generated.
configure:4800: $? = 1
configure: failed program was:
| /* confdefs.h.  */
| 
| #define PACKAGE_NAME "Spread"
| #define PACKAGE_TARNAME "spread"
| #define PACKAGE_VERSION "5.0.0"
| #define PACKAGE_STRING "Spread 5.0.0"
| #define PACKAGE_BUGREPORT ""
| #define HAVE_LIBPTHREAD 1
| #define HAVE_PTHREAD_ATFORK 1
| #define HAVE_LIBM 1
| #define HAVE_LIBDL 1
| #define HAVE_STRFTIME 1
| #define HAVE_SYS_TYPES_H 1
| #define HAVE_SYS_STAT_H 1
| #define HAVE_STDLIB_H 1
| #define HAVE_STRING_H 1
| #define HAVE_MEMORY_H 1
| #define HAVE_STRINGS_H 1
| #define HAVE_INTTYPES_H 1
| #define HAVE_STDINT_H 1
| #define HAVE_UNISTD_H 1
| #define HAVE_ARPA_INET_H 1
| #define HAVE_ASSERT_H 1
| #define HAVE_ERRNO_H 1
| #define HAVE_GRP_H 1
| #define HAVE_LIMITS_H 1
| #define HAVE_NETDB_H 1
| #define HAVE_NETINET_IN_H 1
| #define HAVE_NETINET_TCP_H 1
| #define HAVE_PTHREAD_H 1
| #define HAVE_PWD_H 1
| #define HAVE_SIGNAL_H 1
| #define HAVE_STDARG_H 1
| #define HAVE_STDINT_H 1
| #define HAVE_STDIO_H 1
| #define HAVE_STDLIB_H 1
| #define HAVE_STRING_H 1
| #define HAVE_SYS_IOCTL_H 1
| #define HAVE_SYS_PARAM_H 1
| #define HAVE_SYS_SOCKET_H 1
| #define HAVE_SYS_STAT_H 1
| #define HAVE_SYS_TIME_H 1
| #define HAVE_SYS_TIMEB_H 1
| #define HAVE_SYS_TYPES_H 1
| #define HAVE_SYS_UIO_H 1
| #define HAVE_SYS_UN_H 1
| #define HAVE_SYS_FILIO_H 1
| #define HAVE_SYS_SELECT_H 1
| #define HAVE_TIME_H 1
| #define HAVE_UNISTD_H 1
| /* end confdefs.h.  */
| #include <stdio.h>
| #if HAVE_SYS_TYPES_H
| # include <sys/types.h>
| #endif
| #if HAVE_SYS_STAT_H
| # include <sys/stat.h>
| #endif
| #if STDC_HEADERS
| # include <stdlib.h>
| # include <stddef.h>
| #else
| # if HAVE_STDLIB_H
| #  include <stdlib.h>
| # endif
| #endif
| #if HAVE_STRING_H
| # if !STDC_HEADERS && HAVE_MEMORY_H
| #  include <memory.h>
| # endif
| # include <string.h>
| #endif
| #if HAVE_STRINGS_H
| # include <strings.h>
| #endif
| #if HAVE_INTTYPES_H
| # include <inttypes.h>
| #else
| # if HAVE_STDINT_H
| #  include <stdint.h>
| # endif
| #endif
| #if HAVE_UNISTD_H
| # include <unistd.h>
| #endif
| #include <winsock2.h>
configure:4823: result: no
configure:4827: checking winsock2.h presence
configure:4837: gcc -E  conftest.c
conftest.c:52:10: fatal error: 'winsock2.h' file not found
#include <winsock2.h>
         ^~~~~~~~~~~~
1 error generated.
configure:4843: $? = 1
configure: failed program was:
| /* confdefs.h.  */
| 
| #define PACKAGE_NAME "Spread"
| #define PACKAGE_TARNAME "spread"
| #define PACKAGE_VERSION "5.0.0"
| #define PACKAGE_STRING "Spread 5.0.0"
| #define PACKAGE_BUGREPORT ""
| #define HAVE_LIBPTHREAD 1
| #define HAVE_PTHREAD_ATFORK 1
| #define HAVE_LIBM 1
| #define HAVE_LIBDL 1
| #define HAVE_STRFTIME 1
| #define HAVE_SYS_TYPES_H 1
| #define HAVE_SYS_STAT_H 1
| #define HAVE_STDLIB_H 1
| #define HAVE_STRING_H 1
| #define HAVE_MEMORY_H 1
| #define HAVE_STRINGS_H 1
| #define HAVE_INTTYPES_H 1
| #define HAVE_STDINT_H 1
| #define HAVE_UNISTD_H 1
| #define HAVE_ARPA_INET_H 1
| #define HAVE_ASSERT_H 1
| #define HAVE_ERRNO_H 1
| #define HAVE_GRP_H 1
| #define HAVE_LIMITS_H 1
| #define HAVE_NETDB_H 1
| #define HAVE_NETINET_IN_H 1
| #define HAVE_NETINET_TCP_H 1
| #define HAVE_PTHREAD_H 1
| #define HAVE_PWD_H 1
| #define HAVE_SIGNAL_H 1
| #define HAVE_STDARG_H 1
| #define HAVE_STDINT_H 1
| #define HAVE_STDIO_H 1
| #define HAVE_STDLIB_H 1
| #define HAVE_STRING_H 1
| #define HAVE_SYS_IOCTL_H 1
| #define HAVE_SYS_PARAM_H 1
| #define HAVE_SYS_SOCKET_H 1
| #define HAVE_SYS_STAT_H 1
| #define HAVE_SYS_TIME_H 1
| #define HAVE_SYS_TIMEB_H 1
| #define HAVE_SYS_TYPES_H 1
| #define HAVE_SYS_UIO_H 1
| #define HAVE_SYS_UN_H 1
| #define HAVE_SYS_FILIO_H 1
| #define HAVE_SYS_SELECT_H 1
| #define HAVE_TIME_H 1
| #define HAVE_UNISTD_H 1
| /* end confdefs.h.  */
| #include <winsock2.h>
configure:4863: result: no
configure:4898: checking for winsock2.h
configure:4905: result: no
configure:4782: checking ifaddrs.h usability
configure:4794: gcc -c -g -O2 -Wall  conftest.c >&5
configure:4800: $? = 0
configure:4804: test -z 
			 || test ! -s conftest.err
configure:4807: $? = 0
configure:4810: test -s conftest.o
configure:4813: $? = 0
configure:4823: result: yes
configure:4827: checking ifaddrs.h presence
configure:4837: gcc -E  conftest.c
configure:4843: $? = 0
configure:4863: result: yes
configure:4898: checking for ifaddrs.h
configure:4905: result: yes
configure:4782: checking poll.h usability
configure:4794: gcc -c -g -O2 -Wall  conftest.c >&5
configure:4800: $? = 0
configure:4804: test -z 
			 || test ! -s conftest.err
configure:4807: $? = 0
configure:4810: test -s conftest.o
configure:4813: $? = 0
configure:4823: result: yes
configure:4827: checking poll.h presence
configure:4837: gcc -E  conftest.c
configure:4843: $? = 0
configure:4863: result: yes
configure:4898: checking for poll.h
configure:4905: result: yes
configure:4934: checking for bcopy
configure:4991: gcc -o conftest -g -O2 -Wall   conftest.c -ldl -lm  >&5
configure:4997: $? = 0
configure:5001: test -z 
			 || test ! -s conftest.err
configure:5004: $? = 0
configure:5007: test -s conftest
configure:5010: $? = 0
configure:5022: result: yes
configure:4934: checking for inet_aton
configure:4991: gcc -o conftest -g -O2 -Wall   conftest.c -ldl -lm  >&5
configure:4997: $? = 0
configure:5001: test -z 
			 || test ! -s conftest.err
configure:5004: $? = 0
configure:5007: test -s conftest
configure:5010: $? = 0
configure:5022: result: yes
configure:4934: checking for inet_ntoa
configure:4991: gcc -o conftest -g -O2 -Wall   conftest.c -ldl -lm  >&5
configure:4997: $? = 0
configure:5001: test -z 
			 || test ! -s conftest.err
configure:5004: $? = 0
configure:5007: test -s conftest
configure:5010: $? = 0
configure:5022: result: yes
configure:4934: checking for inet_ntop
configure:4991: gcc -o conftest -g -O2 -Wall   conftest.c -ldl -lm  >&5
configure:4997: $? = 0
configure:5001: test -z 
			 || test ! -s conftest.err
configure:5004: $? = 0
configure:5007: test -s conftest
configure:5010: $? = 0
configure:5022: result: yes
configure:4934: checking for memmove
configure:4991: gcc -o conftest -g -O2 -Wall   conftest.c -ldl -lm  >&5
conftest.c:82:6: warning: incompatible redeclaration of library function 'memmove' [-Wincompatible-library-redeclaration]
char memmove ();
     ^
conftest.c:82:6: note: 'memmove' is a builtin with type 'void *(void *, const void *, unsigned long)'
1 warning generated.
configure:4997: $? = 0
configure:5001: test -z 
			 || test ! -s conftest.err
configure:5004: $? = 0
configure:5007: test -s conftest
configure:5010: $? = 0
configure:5022: result: yes
configure:4934: checking for setsid
configure:4991: gcc -o conftest -g -O2 -Wall   conftest.c -ldl -lm  >&5
configure:4997: $? = 0
configure:5001: test -z 
			 || test ! -s conftest.err
configure:5004: $? = 0
configure:5007: test -s conftest
configure:5010: $? = 0
configure:5022: result: yes
configure:4934: checking for snprintf
configure:4991: gcc -o conftest -g -O2 -Wall   conftest.c -ldl -lm  >&5
conftest.c:84:6: warning: incompatible redeclaration of library function 'snprintf' [-Wincompatible-library-redeclaration]
char snprintf ();
     ^
conftest.c:84:6: note: 'snprintf' is a builtin with type 'int (char *, unsigned long, const char *, ...)'
1 warning generated.
configure:4997: $? = 0
configure:5001: test -z 
			 || test ! -s conftest.err
configure:5004: $? = 0
configure:5007: test -s conftest
configure:5010: $? = 0
configure:5022: result: yes
configure:4934: checking for strerror
configure:4991: gcc -o conftest -g -O2 -Wall   conftest.c -ldl -lm  >&5
conftest.c:85:6: warning: incompatible redeclaration of library function 'strerror' [-Wincompatible-library-redeclaration]
char strerror ();
     ^
conftest.c:85:6: note: 'strerror' is a builtin with type 'char *(int)'
1 warning generated.
configure:4997: $? = 0
configure:5001: test -z 
			 || test ! -s conftest.err
configure:5004: $? = 0
configure:5007: test -s conftest
configure:5010: $? = 0
configure:5022: result: yes
configure:4934: checking for lrand48
configure:4991: gcc -o conftest -g -O2 -Wall   conftest.c -ldl -lm  >&5
configure:4997: $? = 0
configure:5001: test -z 
			 || test ! -s conftest.err
configure:5004: $? = 0
configure:5007: test -s conftest
configure:5010: $? = 0
configure:5022: result: yes
configure:4934: checking for getifaddrs
configure:4991: gcc -o conftest -g -O2 -Wall   conftest.c -ldl -lm  >&5
configure:4997: $? = 0
configure:5001: test -z 
			 || test ! -s conftest.err
configure:5004: $? = 0
configure:5007: test -s conftest
configure:5010: $? = 0
configure:5022: result: yes
configure:4934: checking for select
configure:4991: gcc -o conftest -g -O2 -Wall   conftest.c -ldl -lm  >&5
configure:4997: $? = 0
configure:5001: test -z 
			 || test ! -s conftest.err
configure:5004: $? = 0
configure:5007: test -s conftest
configure:5010: $? = 0
configure:5022: result: yes
configure:4934: checking for poll
configure:4991: gcc -o conftest -g -O2 -Wall   conftest.c -ldl -lm  >&5
configure:4997: $? = 0
configure:5001: test -z 
			 || test ! -s conftest.err
configure:5004: $? = 0
configure:5007: test -s conftest
configure:5010: $? = 0
configure:5022: result: yes
configure:5037: checking for gettimeofday
configure:5094: gcc -o conftest -g -O2 -Wall   conftest.c -ldl -lm  >&5
configure:5100: $? = 0
configure:5104: test -z 
			 || test ! -s conftest.err
configure:5107: $? = 0
configure:5110: test -s conftest
configure:5113: $? = 0
configure:5125: result: yes
configure:5037: checking for time
configure:5094: gcc -o conftest -g -O2 -Wall   conftest.c -ldl -lm  >&5
configure:5100: $? = 0
configure:5104: test -z 
			 || test ! -s conftest.err
configure:5107: $? = 0
configure:5110: test -s conftest
configure:5113: $? = 0
configure:5125: result: yes
configure:5137: checking for clock_gettime(CLOCK_MONOTONIC)
configure:5160: gcc -o conftest -g -O2 -Wall   conftest.c -ldl -lm  >&5
configure:5163: $? = 0
configure:5165: ./conftest
configure:5168: $? = 0
configure:5184: result: yes
configure:5196: checking whether snprintf correctly terminates long strings
configure:5217: gcc -o conftest -g -O2 -Wall   conftest.c -ldl -lm  >&5
configure:5220: $? = 0
configure:5222: ./conftest
configure:5225: $? = 0
configure:5227: result: yes
configure:5258: checking for char
configure:5282: gcc -c -g -O2 -Wall  conftest.c >&5
configure:5288: $? = 0
configure:5292: test -z 
			 || test ! -s conftest.err
configure:5295: $? = 0
configure:5298: test -s conftest.o
configure:5301: $? = 0
configure:5312: result: yes
configure:5315: checking size of char
configure:5634: gcc -o conftest -g -O2 -Wall   conftest.c -ldl -lm  >&5
configure:5637: $? = 0
configure:5639: ./conftest
configure:5642: $? = 0
configure:5665: result: 1
configure:5672: checking for short int
configure:5696: gcc -c -g -O2 -Wall  conftest.c >&5
configure:5702: $? = 0
configure:5706: test -z 
			 || test ! -s conftest.err
configure:5709: $? = 0
configure:5712: test -s conftest.o
configure:5715: $? = 0
configure:5726: result: yes
configure:5729: checking size of short int
configure:6048: gcc -o conftest -g -O2 -Wall   conftest.c -ldl -lm  >&5
configure:6051: $? = 0
configure:6053: ./conftest
configure:6056: $? = 0
configure:6079: result: 2
configure:6086: checking for int
configure:6110: gcc -c -g -O2 -Wall  conftest.c >&5
configure:6116: $? = 0
configure:6120: test -z 
			 || test ! -s conftest.err
configure:6123: $? = 0
configure:6126: test -s conftest.o
configure:6129: $? = 0
configure:6140: result: yes
configure:6143: checking size of int
configure:6462: gcc -o conftest -g -O2 -Wall   conftest.c -ldl -lm  >&5
configure:6465: $? = 0
configure:6467: ./conftest
configure:6470: $? = 0
configure:6493: result: 4
configure:6500: checking for long int
configure:6524: gcc -c -g -O2 -Wall  conftest.c >&5
configure:6530: $? = 0
configure:6534: test -z 
			 || test ! -s conftest.err
configure:6537: $? = 0
configure:6540: test -s conftest.o
configure:6543: $? = 0
configure:6554: result: yes
configure:6557: checking size of long int
configure:6876: gcc -o conftest -g -O2 -Wall   conftest.c -ldl -lm  >&5
configure:6879: $? = 0
configure:6881: ./conftest
configure:6884: $? = 0
configure:6907: result: 8
configure:6914: checking for long long int
configure:6938: gcc -c -g -O2 -Wall  conftest.c >&5
configure:6944: $? = 0
configure:6948: test -z 
			 || test ! -s conftest.err
configure:6951: $? = 0
configure:6954: test -s conftest.o
configure:6957: $? = 0
configure:6968: result: yes
configure:6971: checking size of long long int
configure:7290: gcc -o conftest -g -O2 -Wall   conftest.c -ldl -lm  >&5
configure:7293: $? = 0
configure:7295: ./conftest
configure:7298: $? = 0
configure:7321: result: 8
configure:7330: checking for windows arch
configure:7352: gcc -c -g -O2 -Wall  conftest.c >&5
conftest.c:74:11: fatal error: 'process.h' file not found
 #include <process.h>
          ^~~~~~~~~~~
1 error generated.
configure:7358: $? = 1
configure: failed program was:
| /* confdefs.h.  */
| 
| #define PACKAGE_NAME "Spread"
| #define PACKAGE_TARNAME "spread"
| #define PACKAGE_VERSION "5.0.0"
| #define PACKAGE_STRING "Spread 5.0.0"
| #define PACKAGE_BUGREPORT ""
| #define HAVE_LIBPTHREAD 1
| #define HAVE_PTHREAD_ATFORK 1
| #define HAVE_LIBM 1
| #define HAVE_LIBDL 1
| #define HAVE_STRFTIME 1
| #define HAVE_SYS_TYPES_H 1
| #define HAVE_SYS_STAT_H 1
| #define HAVE_STDLIB_H 1
| #define HAVE_STRING_H 1
| #define HAVE_MEMORY_H 1
| #define HAVE_STRINGS_H 1
| #define HAVE_INTTYPES_H 1
| #define HAVE_STDINT_H 1
| #define HAVE_UNISTD_H 1
| #define HAVE_ARPA_INET_H 1
| #define HAVE_ASSERT_H 1
| #define HAVE_ERRNO_H 1
| #define HAVE_GRP_H 1
| #define HAVE_LIMITS_H 1
| #define HAVE_NETDB_H 1
| #define HAVE_NETINET_IN_H 1
| #define HAVE_NETINET_TCP_H 1
| #define HAVE_PTHREAD_H 1
| #define HAVE_PWD_H 1
| #define HAVE_SIGNAL_H 1
| #define HAVE_STDARG_H 1
| #define HAVE_STDINT_H 1
| #define HAVE_STDIO_H 1
| #define HAVE_STDLIB_H 1
| #define HAVE_STRING_H 1
| #define HAVE_SYS_IOCTL_H 1
| #define HAVE_SYS_PARAM_H 1
| #define HAVE_SYS_SOCKET_H 1
| #define HAVE_SYS_STAT_H 1
| #define HAVE_SYS_TIME_H 1
| #define HAVE_SYS_TIMEB_H 1
| #define HAVE_SYS_TYPES_H 1
| #define HAVE_SYS_UIO_H 1
| #define HAVE_SYS_UN_H 1
| #define HAVE_SYS_FILIO_H 1
| #define HAVE_SYS_SELECT_H 1
| #define HAVE_TIME_H 1
| #define HAVE_UNISTD_H 1
| #define HAVE_IFADDRS_H 1
| #define HAVE_POLL_H 1
| #define HAVE_BCOPY 1
| #define HAVE_INET_ATON 1
| #define HAVE_INET_NTOA 1
| #define HAVE_INET_NTOP 1
| #define HAVE_MEMMOVE 1
| #define HAVE_SETSID 1
| #define HAVE_SNPRINTF 1
| #define HAVE_STRERROR 1
| #define HAVE_LRAND48 1
| #define HAVE_GETIFADDRS 1
| #define HAVE_SELECT 1
| #define HAVE_POLL 1
| #define HAVE_GETTIMEOFDAY 1
| #define HAVE_TIME 1
| #define HAVE_CLOCK_GETTIME_CLOCK_MONOTONIC 1
| #define SIZEOF_CHAR 1
| #define SIZEOF_SHORT_INT 2
| #define SIZEOF_INT 4
| #define SIZEOF_LONG_INT 8
| #define SIZEOF_LONG_LONG_INT 8
| /* end confdefs.h.  */
|  #include <process.h>
| int
| main ()
| {
|  CRITICAL_SECTION mutex; InitializeCriticalSection(mutex);
|   ;
|   return 0;
| }
configure:7384: result: no
configure:7394: checking for struct timezone type
configure:7418: gcc -c -g -O2 -Wall  conftest.c >&5
conftest.c:80:18: warning: unused variable 'opt' [-Wunused-variable]
 struct timezone opt;
                 ^
1 warning generated.
configure:7424: $? = 0
configure:7428: test -z 
			 || test ! -s conftest.err
configure:7431: $? = 0
configure:7434: test -s conftest.o
configure:7437: $? = 0
configure:7450: result: yes
configure:7460: checking for struct sockopt_len_t type
configure:7483: gcc -c -g -O2 -Wall  conftest.c >&5
conftest.c:80:9: error: unknown type name 'sockopt_len_t'; did you mean 'socklen_t'?
 static sockopt_len_t opt; opt=0;
        ^~~~~~~~~~~~~
        socklen_t
/Library/Developer/CommandLineTools/SDKs/MacOSX12.1.sdk/usr/include/sys/_types/_socklen_t.h:31:33: note: 'socklen_t' declared here
typedef __darwin_socklen_t      socklen_t;
                                ^
1 error generated.
configure:7489: $? = 1
configure: failed program was:
| /* confdefs.h.  */
| 
| #define PACKAGE_NAME "Spread"
| #define PACKAGE_TARNAME "spread"
| #define PACKAGE_VERSION "5.0.0"
| #define PACKAGE_STRING "Spread 5.0.0"
| #define PACKAGE_BUGREPORT ""
| #define HAVE_LIBPTHREAD 1
| #define HAVE_PTHREAD_ATFORK 1
| #define HAVE_LIBM 1
| #define HAVE_LIBDL 1
| #define HAVE_STRFTIME 1
| #define HAVE_SYS_TYPES_H 1
| #define HAVE_SYS_STAT_H 1
| #define HAVE_STDLIB_H 1
| #define HAVE_STRING_H 1
| #define HAVE_MEMORY_H 1
| #define HAVE_STRINGS_H 1
| #define HAVE_INTTYPES_H 1
| #define HAVE_STDINT_H 1
| #define HAVE_UNISTD_H 1
| #define HAVE_ARPA_INET_H 1
| #define HAVE_ASSERT_H 1
| #define HAVE_ERRNO_H 1
| #define HAVE_GRP_H 1
| #define HAVE_LIMITS_H 1
| #define HAVE_NETDB_H 1
| #define HAVE_NETINET_IN_H 1
| #define HAVE_NETINET_TCP_H 1
| #define HAVE_PTHREAD_H 1
| #define HAVE_PWD_H 1
| #define HAVE_SIGNAL_H 1
| #define HAVE_STDARG_H 1
| #define HAVE_STDINT_H 1
| #define HAVE_STDIO_H 1
| #define HAVE_STDLIB_H 1
| #define HAVE_STRING_H 1
| #define HAVE_SYS_IOCTL_H 1
| #define HAVE_SYS_PARAM_H 1
| #define HAVE_SYS_SOCKET_H 1
| #define HAVE_SYS_STAT_H 1
| #define HAVE_SYS_TIME_H 1
| #define HAVE_SYS_TIMEB_H 1
| #define HAVE_SYS_TYPES_H 1
| #define HAVE_SYS_UIO_H 1
| #define HAVE_SYS_UN_H 1
| #define HAVE_SYS_FILIO_H 1
| #define HAVE_SYS_SELECT_H 1
| #define HAVE_TIME_H 1
| #define HAVE_UNISTD_H 1
| #define HAVE_IFADDRS_H 1
| #define HAVE_POLL_H 1
| #define HAVE_BCOPY 1
| #define HAVE_INET_ATON 1
| #define HAVE_INET_NTOA 1
| #define HAVE_INET_NTOP 1
| #define HAVE_MEMMOVE 1
| #define HAVE_SETSID 1
| #define HAVE_SNPRINTF 1
| #define HAVE_STRERROR 1
| #define HAVE_LRAND48 1
| #define HAVE_GETIFADDRS 1
| #define HAVE_SELECT 1
| #define HAVE_POLL 1
| #define HAVE_GETTIMEOFDAY 1
| #define HAVE_TIME 1
| #define HAVE_CLOCK_GETTIME_CLOCK_MONOTONIC 1
| #define SIZEOF_CHAR 1
| #define SIZEOF_SHORT_INT 2
| #define SIZEOF_INT 4
| #define SIZEOF_LONG_INT 8
| #define SIZEOF_LONG_LONG_INT 8
| #define HAVE_STRUCT_TIMEZONE 1
| /* end confdefs.h.  */
|  #include <sys/types.h>
| 		  #include <sys/socket.h>
| int
| main ()
| {
|  static sockopt_len_t opt; opt=0;
|   ;
|   return 0;
| }
configure:7515: result: no
configure:7525: checking for struct msghdr type
configure:7548: gcc -c -g -O2 -Wall  conftest.c >&5
configure:7554: $? = 0
configure:7558: test -z 
			 || test ! -s conftest.err
configure:7561: $? = 0
configure:7564: test -s conftest.o
configure:7567: $? = 0
configure:7580: result: yes
configure:7590: checking for struct msghdr control
configure:7613: gcc -c -g -O2 -Wall  conftest.c >&5
configure:7619: $? = 0
configure:7623: test -z 
			 || test ! -s conftest.err
configure:7626: $? = 0
configure:7629: test -s conftest.o
configure:7632: $? = 0
configure:7645: result: yes
configure:7730: checking for u_int type
configure:7752: gcc -c -g -O2 -Wall  conftest.c >&5
conftest.c:80:8: warning: variable 'a' set but not used [-Wunused-but-set-variable]
 u_int a; a = 1;
       ^
1 warning generated.
configure:7758: $? = 0
configure:7762: test -z 
			 || test ! -s conftest.err
configure:7765: $? = 0
configure:7768: test -s conftest.o
configure:7771: $? = 0
configure:7784: result: yes
configure:7795: checking for intXX_t types
configure:7817: gcc -c -g -O2 -Wall  conftest.c >&5
conftest.c:81:9: warning: variable 'a' set but not used [-Wunused-but-set-variable]
 int8_t a; int16_t b; int32_t c; a = b = c = 1;
        ^
1 warning generated.
configure:7823: $? = 0
configure:7827: test -z 
			 || test ! -s conftest.err
configure:7830: $? = 0
configure:7833: test -s conftest.o
configure:7836: $? = 0
configure:7849: result: yes
configure:7860: checking for int64_t type
configure:7882: gcc -c -g -O2 -Wall  conftest.c >&5
conftest.c:82:10: warning: variable 'a' set but not used [-Wunused-but-set-variable]
 int64_t a; a = 1;
         ^
1 warning generated.
configure:7888: $? = 0
configure:7892: test -z 
			 || test ! -s conftest.err
configure:7895: $? = 0
configure:7898: test -s conftest.o
configure:7901: $? = 0
configure:7914: result: yes
configure:7925: checking for u_intXX_t types
configure:7947: gcc -c -g -O2 -Wall  conftest.c >&5
conftest.c:83:11: warning: variable 'a' set but not used [-Wunused-but-set-variable]
 u_int8_t a; u_int16_t b; u_int32_t c; a = b = c = 1;
          ^
1 warning generated.
configure:7953: $? = 0
configure:7957: test -z 
			 || test ! -s conftest.err
configure:7960: $? = 0
configure:7963: test -s conftest.o
configure:7966: $? = 0
configure:7979: result: yes
configure:7990: checking for u_int64_t types
configure:8012: gcc -c -g -O2 -Wall  conftest.c >&5
conftest.c:84:12: warning: variable 'a' set but not used [-Wunused-but-set-variable]
 u_int64_t a; a = 1;
           ^
1 warning generated.
configure:8018: $? = 0
configure:8022: test -z 
			 || test ! -s conftest.err
configure:8025: $? = 0
configure:8028: test -s conftest.o
configure:8031: $? = 0
configure:8044: result: yes
configure:8194: checking for socklen_t
configure:8219: gcc -c -g -O2 -Wall  conftest.c >&5
conftest.c:88:11: warning: variable 'foo' set but not used [-Wunused-but-set-variable]
socklen_t foo; foo = 1235;
          ^
1 warning generated.
configure:8225: $? = 0
configure:8229: test -z 
			 || test ! -s conftest.err
configure:8232: $? = 0
configure:8235: test -s conftest.o
configure:8238: $? = 0
configure:8251: result: yes
configure:8261: checking for size_t
configure:8285: gcc -c -g -O2 -Wall  conftest.c >&5
conftest.c:88:9: warning: variable 'foo' set but not used [-Wunused-but-set-variable]
 size_t foo; foo = 1235;
        ^
1 warning generated.
configure:8291: $? = 0
configure:8295: test -z 
			 || test ! -s conftest.err
configure:8298: $? = 0
configure:8301: test -s conftest.o
configure:8304: $? = 0
configure:8317: result: yes
configure:8327: checking for ssize_t
configure:8351: gcc -c -g -O2 -Wall  conftest.c >&5
conftest.c:89:10: warning: variable 'foo' set but not used [-Wunused-but-set-variable]
 ssize_t foo; foo = 1235;
         ^
1 warning generated.
configure:8357: $? = 0
configure:8361: test -z 
			 || test ! -s conftest.err
configure:8364: $? = 0
configure:8367: test -s conftest.o
configure:8370: $? = 0
configure:8383: result: yes
configure:8393: checking for clock_t
configure:8417: gcc -c -g -O2 -Wall  conftest.c >&5
conftest.c:90:10: warning: variable 'foo' set but not used [-Wunused-but-set-variable]
 clock_t foo; foo = 1235;
         ^
1 warning generated.
configure:8423: $? = 0
configure:8427: test -z 
			 || test ! -s conftest.err
configure:8430: $? = 0
configure:8433: test -s conftest.o
configure:8436: $? = 0
configure:8449: result: yes
configure:8459: checking for sa_family_t
configure:8484: gcc -c -g -O2 -Wall  conftest.c >&5
conftest.c:92:14: warning: variable 'foo' set but not used [-Wunused-but-set-variable]
 sa_family_t foo; foo = 1235;
             ^
conftest.c:92:25: warning: implicit conversion from 'int' to 'sa_family_t' (aka 'unsigned char') changes value from 1235 to 211 [-Wconstant-conversion]
 sa_family_t foo; foo = 1235;
                      ~ ^~~~
2 warnings generated.
configure:8490: $? = 0
configure:8494: test -z 
			 || test ! -s conftest.err
configure:8497: $? = 0
configure:8500: test -s conftest.o
configure:8503: $? = 0
configure:8565: result: yes
configure:8575: checking for struct sockaddr_storage
configure:8600: gcc -c -g -O2 -Wall  conftest.c >&5
conftest.c:93:26: warning: unused variable 's' [-Wunused-variable]
 struct sockaddr_storage s;
                         ^
1 warning generated.
configure:8606: $? = 0
configure:8610: test -z 
			 || test ! -s conftest.err
configure:8613: $? = 0
configure:8616: test -s conftest.o
configure:8619: $? = 0
configure:8632: result: yes
configure:8642: checking for struct sockaddr_in6
configure:8667: gcc -c -g -O2 -Wall  conftest.c >&5
configure:8673: $? = 0
configure:8677: test -z 
			 || test ! -s conftest.err
configure:8680: $? = 0
configure:8683: test -s conftest.o
configure:8686: $? = 0
configure:8699: result: yes
configure:8709: checking for struct in6_addr
configure:8734: gcc -c -g -O2 -Wall  conftest.c >&5
configure:8740: $? = 0
configure:8744: test -z 
			 || test ! -s conftest.err
configure:8747: $? = 0
configure:8750: test -s conftest.o
configure:8753: $? = 0
configure:8766: result: yes
configure:8776: checking for struct addrinfo
configure:8802: gcc -c -g -O2 -Wall  conftest.c >&5
configure:8808: $? = 0
configure:8812: test -z 
			 || test ! -s conftest.err
configure:8815: $? = 0
configure:8818: test -s conftest.o
configure:8821: $? = 0
configure:8834: result: yes
configure:8844: checking for struct timeval
configure:8866: gcc -c -g -O2 -Wall  conftest.c >&5
configure:8872: $? = 0
configure:8876: test -z 
			 || test ! -s conftest.err
configure:8879: $? = 0
configure:8882: test -s conftest.o
configure:8885: $? = 0
configure:8898: result: yes
configure:8909: checking for sa_len field in struct sockaddr
configure:8934: gcc -c -g -O2 -Wall  conftest.c >&5
configure:8940: $? = 0
configure:8944: test -z 
			 || test ! -s conftest.err
configure:8947: $? = 0
configure:8950: test -s conftest.o
configure:8953: $? = 0
configure:8965: result: yes
configure:8975: checking for sun_len field in struct sockaddr_un
configure:9000: gcc -c -g -O2 -Wall  conftest.c >&5
conftest.c:99:21: error: variable has incomplete type 'struct sockaddr_un'
 struct sockaddr_un s; s.sun_len = 1;
                    ^
conftest.c:99:9: note: forward declaration of 'struct sockaddr_un'
 struct sockaddr_un s; s.sun_len = 1;
        ^
1 error generated.
configure:9006: $? = 1
configure: failed program was:
| /* confdefs.h.  */
| 
| #define PACKAGE_NAME "Spread"
| #define PACKAGE_TARNAME "spread"
| #define PACKAGE_VERSION "5.0.0"
| #define PACKAGE_STRING "Spread 5.0.0"
| #define PACKAGE_BUGREPORT ""
| #define HAVE_LIBPTHREAD 1
| #define HAVE_PTHREAD_ATFORK 1
| #define HAVE_LIBM 1
| #define HAVE_LIBDL 1
| #define HAVE_STRFTIME 1
| #define HAVE_SYS_TYPES_H 1
| #define HAVE_SYS_STAT_H 1
| #define HAVE_STDLIB_H 1
| #define HAVE_STRING_H 1
| #define HAVE_MEMORY_H 1
| #define HAVE_STRINGS_H 1
| #define HAVE_INTTYPES_H 1
| #define HAVE_STDINT_H 1
| #define HAVE_UNISTD_H 1
| #define HAVE_ARPA_INET_H 1
| #define HAVE_ASSERT_H 1
| #define HAVE_ERRNO_H 1
| #define HAVE_GRP_H 1
| #define HAVE_LIMITS_H 1
| #define HAVE_NETDB_H 1
| #define HAVE_NETINET_IN_H 1
| #define HAVE_NETINET_TCP_H 1
| #define HAVE_PTHREAD_H 1
| #define HAVE_PWD_H 1
| #define HAVE_SIGNAL_H 1
| #define HAVE_STDARG_H 1
| #define HAVE_STDINT_H 1
| #define HAVE_STDIO_H 1
| #define HAVE_STDLIB_H 1
| #define HAVE_STRING_H 1
| #define HAVE_SYS_IOCTL_H 1
| #define HAVE_SYS_PARAM_H 1
| #define HAVE_SYS_SOCKET_H 1
| #define HAVE_SYS_STAT_H 1
| #define HAVE_SYS_TIME_H 1
| #define HAVE_SYS_TIMEB_H 1
| #define HAVE_SYS_TYPES_H 1
| #define HAVE_SYS_UIO_H 1
| #define HAVE_SYS_UN_H 1
| #define HAVE_SYS_FILIO_H 1
| #define HAVE_SYS_SELECT_H 1
| #define HAVE_TIME_H 1
| #define HAVE_UNISTD_H 1
| #define HAVE_IFADDRS_H 1
| #define HAVE_POLL_H 1
| #define HAVE_BCOPY 1
| #define HAVE_INET_ATON 1
| #define HAVE_INET_NTOA 1
| #define HAVE_INET_NTOP 1
| #define HAVE_MEMMOVE 1
| #define HAVE_SETSID 1
| #define HAVE_SNPRINTF 1
| #define HAVE_STRERROR 1
| #define HAVE_LRAND48 1
| #define HAVE_GETIFADDRS 1
| #define HAVE_SELECT 1
| #define HAVE_POLL 1
| #define HAVE_GETTIMEOFDAY 1
| #define HAVE_TIME 1
| #define HAVE_CLOCK_GETTIME_CLOCK_MONOTONIC 1
| #define SIZEOF_CHAR 1
| #define SIZEOF_SHORT_INT 2
| #define SIZEOF_INT 4
| #define SIZEOF_LONG_INT 8
| #define SIZEOF_LONG_LONG_INT 8
| #define HAVE_STRUCT_TIMEZONE 1
| #define ARCH_SCATTER_CONTROL 1
| #define HAVE_U_INT 1
| #define HAVE_INTXX_T 1
| #define HAVE_INT64_T 1
| #define HAVE_U_INTXX_T 1
| #define HAVE_U_INT64_T 1
| #define HAVE_SOCKLEN_T 1
| #define HAVE_SIZE_T 1
| #define HAVE_SSIZE_T 1
| #define HAVE_CLOCK_T 1
| #define HAVE_SA_FAMILY_T 1
| #define HAVE_STRUCT_SOCKADDR_STORAGE 1
| #define HAVE_STRUCT_SOCKADDR_IN6 1
| #define HAVE_STRUCT_IN6_ADDR 1
| #define HAVE_STRUCT_ADDRINFO 1
| #define HAVE_STRUCT_TIMEVAL 1
| #define HAVE_SA_LEN_IN_SOCKADDR 1
| /* end confdefs.h.  */
| 
| #include <sys/types.h>
| #include <sys/socket.h>
| 
| int
| main ()
| {
|  struct sockaddr_un s; s.sun_len = 1;
|   ;
|   return 0;
| }
configure:9031: result: no
configure:9041: checking for sin_len field in sockaddr_in
configure:9067: gcc -c -g -O2 -Wall  conftest.c >&5
configure:9073: $? = 0
configure:9077: test -z 
			 || test ! -s conftest.err
configure:9080: $? = 0
configure:9083: test -s conftest.o
configure:9086: $? = 0
configure:9098: result: yes
configure:9108: checking for sin6_len field in sockaddr_in6
configure:9134: gcc -c -g -O2 -Wall  conftest.c >&5
configure:9140: $? = 0
configure:9144: test -z 
			 || test ! -s conftest.err
configure:9147: $? = 0
configure:9150: test -s conftest.o
configure:9153: $? = 0
configure:9165: result: yes
configure:9175: checking for ss_family field in struct sockaddr_storage
configure:9200: gcc -c -g -O2 -Wall  conftest.c >&5
configure:9206: $? = 0
configure:9210: test -z 
			 || test ! -s conftest.err
configure:9213: $? = 0
configure:9216: test -s conftest.o
configure:9219: $? = 0
configure:9231: result: yes
configure:9241: checking for __ss_family field in struct sockaddr_storage
configure:9266: gcc -c -g -O2 -Wall  conftest.c >&5
conftest.c:102:31: error: no member named '__ss_family' in 'struct sockaddr_storage'; did you mean 'ss_family'?
 struct sockaddr_storage s; s.__ss_family = 1;
                              ^~~~~~~~~~~
                              ss_family
/Library/Developer/CommandLineTools/SDKs/MacOSX12.1.sdk/usr/include/sys/socket.h:447:18: note: 'ss_family' declared here
        sa_family_t     ss_family;      /* [XSI] address family */
                        ^
1 error generated.
configure:9272: $? = 1
configure: failed program was:
| /* confdefs.h.  */
| 
| #define PACKAGE_NAME "Spread"
| #define PACKAGE_TARNAME "spread"
| #define PACKAGE_VERSION "5.0.0"
| #define PACKAGE_STRING "Spread 5.0.0"
| #define PACKAGE_BUGREPORT ""
| #define HAVE_LIBPTHREAD 1
| #define HAVE_PTHREAD_ATFORK 1
| #define HAVE_LIBM 1
| #define HAVE_LIBDL 1
| #define HAVE_STRFTIME 1
| #define HAVE_SYS_TYPES_H 1
| #define HAVE_SYS_STAT_H 1
| #define HAVE_STDLIB_H 1
| #define HAVE_STRING_H 1
| #define HAVE_MEMORY_H 1
| #define HAVE_STRINGS_H 1
| #define HAVE_INTTYPES_H 1
| #define HAVE_STDINT_H 1
| #define HAVE_UNISTD_H 1
| #define HAVE_ARPA_INET_H 1
| #define HAVE_ASSERT_H 1
| #define HAVE_ERRNO_H 1
| #define HAVE_GRP_H 1
| #define HAVE_LIMITS_H 1
| #define HAVE_NETDB_H 1
| #define HAVE_NETINET_IN_H 1
| #define HAVE_NETINET_TCP_H 1
| #define HAVE_PTHREAD_H 1
| #define HAVE_PWD_H 1
| #define HAVE_SIGNAL_H 1
| #define HAVE_STDARG_H 1
| #define HAVE_STDINT_H 1
| #define HAVE_STDIO_H 1
| #define HAVE_STDLIB_H 1
| #define HAVE_STRING_H 1
| #define HAVE_SYS_IOCTL_H 1
| #define HAVE_SYS_PARAM_H 1
| #define HAVE_SYS_SOCKET_H 1
| #define HAVE_SYS_STAT_H 1
| #define HAVE_SYS_TIME_H 1
| #define HAVE_SYS_TIMEB_H 1
| #define HAVE_SYS_TYPES_H 1
| #define HAVE_SYS_UIO_H 1
| #define HAVE_SYS_UN_H 1
| #define HAVE_SYS_FILIO_H 1
| #define HAVE_SYS_SELECT_H 1
| #define HAVE_TIME_H 1
| #define HAVE_UNISTD_H 1
| #define HAVE_IFADDRS_H 1
| #define HAVE_POLL_H 1
| #define HAVE_BCOPY 1
| #define HAVE_INET_ATON 1
| #define HAVE_INET_NTOA 1
| #define HAVE_INET_NTOP 1
| #define HAVE_MEMMOVE 1
| #define HAVE_SETSID 1
| #define HAVE_SNPRINTF 1
| #define HAVE_STRERROR 1
| #define HAVE_LRAND48 1
| #define HAVE_GETIFADDRS 1
| #define HAVE_SELECT 1
| #define HAVE_POLL 1
| #define HAVE_GETTIMEOFDAY 1
| #define HAVE_TIME 1
| #define HAVE_CLOCK_GETTIME_CLOCK_MONOTONIC 1
| #define SIZEOF_CHAR 1
| #define SIZEOF_SHORT_INT 2
| #define SIZEOF_INT 4
| #define SIZEOF_LONG_INT 8
| #define SIZEOF_LONG_LONG_INT 8
| #define HAVE_STRUCT_TIMEZONE 1
| #define ARCH_SCATTER_CONTROL 1
| #define HAVE_U_INT 1
| #define HAVE_INTXX_T 1
| #define HAVE_INT64_T 1
| #define HAVE_U_INTXX_T 1
| #define HAVE_U_INT64_T 1
| #define HAVE_SOCKLEN_T 1
| #define HAVE_SIZE_T 1
| #define HAVE_SSIZE_T 1
| #define HAVE_CLOCK_T 1
| #define HAVE_SA_FAMILY_T 1
| #define HAVE_STRUCT_SOCKADDR_STORAGE 1
| #define HAVE_STRUCT_SOCKADDR_IN6 1
| #define HAVE_STRUCT_IN6_ADDR 1
| #define HAVE_STRUCT_ADDRINFO 1
| #define HAVE_STRUCT_TIMEVAL 1
| #define HAVE_SA_LEN_IN_SOCKADDR 1
| #define HAVE_SIN_LEN_IN_SOCKADDR_IN 1
| #define HAVE_SIN6_LEN_IN_SOCKADDR_IN6 1
| #define HAVE_SS_FAMILY_IN_SS 1
| /* end confdefs.h.  */
| 
| #include <sys/types.h>
| #include <sys/socket.h>
| 
| int
| main ()
| {
|  struct sockaddr_storage s; s.__ss_family = 1;
|   ;
|   return 0;
| }
configure:9298: result: no
configure:9308: checking for pid_t
configure:9332: gcc -c -g -O2 -Wall  conftest.c >&5
conftest.c:101:8: warning: variable 'foo' set but not used [-Wunused-but-set-variable]
 pid_t foo; foo = 1235;
       ^
1 warning generated.
configure:9338: $? = 0
configure:9342: test -z 
			 || test ! -s conftest.err
configure:9345: $? = 0
configure:9348: test -s conftest.o
configure:9351: $? = 0
configure:9364: result: yes
configure:9374: checking if libc defines __progname
configure:9396: gcc -o conftest -g -O2 -Wall   conftest.c -ldl -lm  >&5
conftest.c:100:27: error: implicitly declaring library function 'printf' with type 'int (const char *, ...)' [-Werror,-Wimplicit-function-declaration]
 extern char *__progname; printf("%s", __progname);
                          ^
conftest.c:100:27: note: include the header <stdio.h> or explicitly provide a declaration for 'printf'
1 error generated.
configure:9402: $? = 1
configure: failed program was:
| /* confdefs.h.  */
| 
| #define PACKAGE_NAME "Spread"
| #define PACKAGE_TARNAME "spread"
| #define PACKAGE_VERSION "5.0.0"
| #define PACKAGE_STRING "Spread 5.0.0"
| #define PACKAGE_BUGREPORT ""
| #define HAVE_LIBPTHREAD 1
| #define HAVE_PTHREAD_ATFORK 1
| #define HAVE_LIBM 1
| #define HAVE_LIBDL 1
| #define HAVE_STRFTIME 1
| #define HAVE_SYS_TYPES_H 1
| #define HAVE_SYS_STAT_H 1
| #define HAVE_STDLIB_H 1
| #define HAVE_STRING_H 1
| #define HAVE_MEMORY_H 1
| #define HAVE_STRINGS_H 1
| #define HAVE_INTTYPES_H 1
| #define HAVE_STDINT_H 1
| #define HAVE_UNISTD_H 1
| #define HAVE_ARPA_INET_H 1
| #define HAVE_ASSERT_H 1
| #define HAVE_ERRNO_H 1
| #define HAVE_GRP_H 1
| #define HAVE_LIMITS_H 1
| #define HAVE_NETDB_H 1
| #define HAVE_NETINET_IN_H 1
| #define HAVE_NETINET_TCP_H 1
| #define HAVE_PTHREAD_H 1
| #define HAVE_PWD_H 1
| #define HAVE_SIGNAL_H 1
| #define HAVE_STDARG_H 1
| #define HAVE_STDINT_H 1
| #define HAVE_STDIO_H 1
| #define HAVE_STDLIB_H 1
| #define HAVE_STRING_H 1
| #define HAVE_SYS_IOCTL_H 1
| #define HAVE_SYS_PARAM_H 1
| #define HAVE_SYS_SOCKET_H 1
| #define HAVE_SYS_STAT_H 1
| #define HAVE_SYS_TIME_H 1
| #define HAVE_SYS_TIMEB_H 1
| #define HAVE_SYS_TYPES_H 1
| #define HAVE_SYS_UIO_H 1
| #define HAVE_SYS_UN_H 1
| #define HAVE_SYS_FILIO_H 1
| #define HAVE_SYS_SELECT_H 1
| #define HAVE_TIME_H 1
| #define HAVE_UNISTD_H 1
| #define HAVE_IFADDRS_H 1
| #define HAVE_POLL_H 1
| #define HAVE_BCOPY 1
| #define HAVE_INET_ATON 1
| #define HAVE_INET_NTOA 1
| #define HAVE_INET_NTOP 1
| #define HAVE_MEMMOVE 1
| #define HAVE_SETSID 1
| #define HAVE_SNPRINTF 1
| #define HAVE_STRERROR 1
| #define HAVE_LRAND48 1
| #define HAVE_GETIFADDRS 1
| #define HAVE_SELECT 1
| #define HAVE_POLL 1
| #define HAVE_GETTIMEOFDAY 1
| #define HAVE_TIME 1
| #define HAVE_CLOCK_GETTIME_CLOCK_MONOTONIC 1
| #define SIZEOF_CHAR 1
| #define SIZEOF_SHORT_INT 2
| #define SIZEOF_INT 4
| #define SIZEOF_LONG_INT 8
| #define SIZEOF_LONG_LONG_INT 8
| #define HAVE_STRUCT_TIMEZONE 1
| #define ARCH_SCATTER_CONTROL 1
| #define HAVE_U_INT 1
| #define HAVE_INTXX_T 1
| #define HAVE_INT64_T 1
| #define HAVE_U_INTXX_T 1
| #define HAVE_U_INT64_T 1
| #define HAVE_SOCKLEN_T 1
| #define HAVE_SIZE_T 1
| #define HAVE_SSIZE_T 1
| #define HAVE_CLOCK_T 1
| #define HAVE_SA_FAMILY_T 1
| #define HAVE_STRUCT_SOCKADDR_STORAGE 1
| #define HAVE_STRUCT_SOCKADDR_IN6 1
| #define HAVE_STRUCT_IN6_ADDR 1
| #define HAVE_STRUCT_ADDRINFO 1
| #define HAVE_STRUCT_TIMEVAL 1
| #define HAVE_SA_LEN_IN_SOCKADDR 1
| #define HAVE_SIN_LEN_IN_SOCKADDR_IN 1
| #define HAVE_SIN6_LEN_IN_SOCKADDR_IN6 1
| #define HAVE_SS_FAMILY_IN_SS 1
| #define HAVE_PID_T 1
| /* end confdefs.h.  */
| 
| int
| main ()
| {
|  extern char *__progname; printf("%s", __progname);
|   ;
|   return 0;
| }
configure:9429: result: no
configure:9440: checking if libc defines sys_errlist
configure:9462: gcc -o conftest -g -O2 -Wall   conftest.c -ldl -lm  >&5
conftest.c:100:42: error: implicitly declaring library function 'printf' with type 'int (const char *, ...)' [-Werror,-Wimplicit-function-declaration]
 extern const char *const sys_errlist[]; printf("%s", sys_errlist[0]);
                                         ^
conftest.c:100:42: note: include the header <stdio.h> or explicitly provide a declaration for 'printf'
1 error generated.
configure:9468: $? = 1
configure: failed program was:
| /* confdefs.h.  */
| 
| #define PACKAGE_NAME "Spread"
| #define PACKAGE_TARNAME "spread"
| #define PACKAGE_VERSION "5.0.0"
| #define PACKAGE_STRING "Spread 5.0.0"
| #define PACKAGE_BUGREPORT ""
| #define HAVE_LIBPTHREAD 1
| #define HAVE_PTHREAD_ATFORK 1
| #define HAVE_LIBM 1
| #define HAVE_LIBDL 1
| #define HAVE_STRFTIME 1
| #define HAVE_SYS_TYPES_H 1
| #define HAVE_SYS_STAT_H 1
| #define HAVE_STDLIB_H 1
| #define HAVE_STRING_H 1
| #define HAVE_MEMORY_H 1
| #define HAVE_STRINGS_H 1
| #define HAVE_INTTYPES_H 1
| #define HAVE_STDINT_H 1
| #define HAVE_UNISTD_H 1
| #define HAVE_ARPA_INET_H 1
| #define HAVE_ASSERT_H 1
| #define HAVE_ERRNO_H 1
| #define HAVE_GRP_H 1
| #define HAVE_LIMITS_H 1
| #define HAVE_NETDB_H 1
| #define HAVE_NETINET_IN_H 1
| #define HAVE_NETINET_TCP_H 1
| #define HAVE_PTHREAD_H 1
| #define HAVE_PWD_H 1
| #define HAVE_SIGNAL_H 1
| #define HAVE_STDARG_H 1
| #define HAVE_STDINT_H 1
| #define HAVE_STDIO_H 1
| #define HAVE_STDLIB_H 1
| #define HAVE_STRING_H 1
| #define HAVE_SYS_IOCTL_H 1
| #define HAVE_SYS_PARAM_H 1
| #define HAVE_SYS_SOCKET_H 1
| #define HAVE_SYS_STAT_H 1
| #define HAVE_SYS_TIME_H 1
| #define HAVE_SYS_TIMEB_H 1
| #define HAVE_SYS_TYPES_H 1
| #define HAVE_SYS_UIO_H 1
| #define HAVE_SYS_UN_H 1
| #define HAVE_SYS_FILIO_H 1
| #define HAVE_SYS_SELECT_H 1
| #define HAVE_TIME_H 1
| #define HAVE_UNISTD_H 1
| #define HAVE_IFADDRS_H 1
| #define HAVE_POLL_H 1
| #define HAVE_BCOPY 1
| #define HAVE_INET_ATON 1
| #define HAVE_INET_NTOA 1
| #define HAVE_INET_NTOP 1
| #define HAVE_MEMMOVE 1
| #define HAVE_SETSID 1
| #define HAVE_SNPRINTF 1
| #define HAVE_STRERROR 1
| #define HAVE_LRAND48 1
| #define HAVE_GETIFADDRS 1
| #define HAVE_SELECT 1
| #define HAVE_POLL 1
| #define HAVE_GETTIMEOFDAY 1
| #define HAVE_TIME 1
| #define HAVE_CLOCK_GETTIME_CLOCK_MONOTONIC 1
| #define SIZEOF_CHAR 1
| #define SIZEOF_SHORT_INT 2
| #define SIZEOF_INT 4
| #define SIZEOF_LONG_INT 8
| #define SIZEOF_LONG_LONG_INT 8
| #define HAVE_STRUCT_TIMEZONE 1
| #define ARCH_SCATTER_CONTROL 1
| #define HAVE_U_INT 1
| #define HAVE_INTXX_T 1
| #define HAVE_INT64_T 1
| #define HAVE_U_INTXX_T 1
| #define HAVE_U_INT64_T 1
| #define HAVE_SOCKLEN_T 1
| #define HAVE_SIZE_T 1
| #define HAVE_SSIZE_T 1
| #define HAVE_CLOCK_T 1
| #define HAVE_SA_FAMILY_T 1
| #define HAVE_STRUCT_SOCKADDR_STORAGE 1
| #define HAVE_STRUCT_SOCKADDR_IN6 1
| #define HAVE_STRUCT_IN6_ADDR 1
| #define HAVE_STRUCT_ADDRINFO 1
| #define HAVE_STRUCT_TIMEVAL 1
| #define HAVE_SA_LEN_IN_SOCKADDR 1
| #define HAVE_SIN_LEN_IN_SOCKADDR_IN 1
| #define HAVE_SIN6_LEN_IN_SOCKADDR_IN6 1
| #define HAVE_SS_FAMILY_IN_SS 1
| #define HAVE_PID_T 1
| /* end confdefs.h.  */
| 
| int
| main ()
| {
|  extern const char *const sys_errlist[]; printf("%s", sys_errlist[0]);
|   ;
|   return 0;
| }
configure:9495: result: no
configure:9505: checking if libc defines sys_nerr
configure:9527: gcc -o conftest -g -O2 -Wall   conftest.c -ldl -lm  >&5
conftest.c:100:23: error: implicitly declaring library function 'printf' with type 'int (const char *, ...)' [-Werror,-Wimplicit-function-declaration]
 extern int sys_nerr; printf("%i", sys_nerr);
                      ^
conftest.c:100:23: note: include the header <stdio.h> or explicitly provide a declaration for 'printf'
1 error generated.
configure:9533: $? = 1
configure: failed program was:
| /* confdefs.h.  */
| 
| #define PACKAGE_NAME "Spread"
| #define PACKAGE_TARNAME "spread"
| #define PACKAGE_VERSION "5.0.0"
| #define PACKAGE_STRING "Spread 5.0.0"
| #define PACKAGE_BUGREPORT ""
| #define HAVE_LIBPTHREAD 1
| #define HAVE_PTHREAD_ATFORK 1
| #define HAVE_LIBM 1
| #define HAVE_LIBDL 1
| #define HAVE_STRFTIME 1
| #define HAVE_SYS_TYPES_H 1
| #define HAVE_SYS_STAT_H 1
| #define HAVE_STDLIB_H 1
| #define HAVE_STRING_H 1
| #define HAVE_MEMORY_H 1
| #define HAVE_STRINGS_H 1
| #define HAVE_INTTYPES_H 1
| #define HAVE_STDINT_H 1
| #define HAVE_UNISTD_H 1
| #define HAVE_ARPA_INET_H 1
| #define HAVE_ASSERT_H 1
| #define HAVE_ERRNO_H 1
| #define HAVE_GRP_H 1
| #define HAVE_LIMITS_H 1
| #define HAVE_NETDB_H 1
| #define HAVE_NETINET_IN_H 1
| #define HAVE_NETINET_TCP_H 1
| #define HAVE_PTHREAD_H 1
| #define HAVE_PWD_H 1
| #define HAVE_SIGNAL_H 1
| #define HAVE_STDARG_H 1
| #define HAVE_STDINT_H 1
| #define HAVE_STDIO_H 1
| #define HAVE_STDLIB_H 1
| #define HAVE_STRING_H 1
| #define HAVE_SYS_IOCTL_H 1
| #define HAVE_SYS_PARAM_H 1
| #define HAVE_SYS_SOCKET_H 1
| #define HAVE_SYS_STAT_H 1
| #define HAVE_SYS_TIME_H 1
| #define HAVE_SYS_TIMEB_H 1
| #define HAVE_SYS_TYPES_H 1
| #define HAVE_SYS_UIO_H 1
| #define HAVE_SYS_UN_H 1
| #define HAVE_SYS_FILIO_H 1
| #define HAVE_SYS_SELECT_H 1
| #define HAVE_TIME_H 1
| #define HAVE_UNISTD_H 1
| #define HAVE_IFADDRS_H 1
| #define HAVE_POLL_H 1
| #define HAVE_BCOPY 1
| #define HAVE_INET_ATON 1
| #define HAVE_INET_NTOA 1
| #define HAVE_INET_NTOP 1
| #define HAVE_MEMMOVE 1
| #define HAVE_SETSID 1
| #define HAVE_SNPRINTF 1
| #define HAVE_STRERROR 1
| #define HAVE_LRAND48 1
| #define HAVE_GETIFADDRS 1
| #define HAVE_SELECT 1
| #define HAVE_POLL 1
| #define HAVE_GETTIMEOFDAY 1
| #define HAVE_TIME 1
| #define HAVE_CLOCK_GETTIME_CLOCK_MONOTONIC 1
| #define SIZEOF_CHAR 1
| #define SIZEOF_SHORT_INT 2
| #define SIZEOF_INT 4
| #define SIZEOF_LONG_INT 8
| #define SIZEOF_LONG_LONG_INT 8
| #define HAVE_STRUCT_TIMEZONE 1
| #define ARCH_SCATTER_CONTROL 1
| #define HAVE_U_INT 1
| #define HAVE_INTXX_T 1
| #define HAVE_INT64_T 1
| #define HAVE_U_INTXX_T 1
| #define HAVE_U_INT64_T 1
| #define HAVE_SOCKLEN_T 1
| #define HAVE_SIZE_T 1
| #define HAVE_SSIZE_T 1
| #define HAVE_CLOCK_T 1
| #define HAVE_SA_FAMILY_T 1
| #define HAVE_STRUCT_SOCKADDR_STORAGE 1
| #define HAVE_STRUCT_SOCKADDR_IN6 1
| #define HAVE_STRUCT_IN6_ADDR 1
| #define HAVE_STRUCT_ADDRINFO 1
| #define HAVE_STRUCT_TIMEVAL 1
| #define HAVE_SA_LEN_IN_SOCKADDR 1
| #define HAVE_SIN_LEN_IN_SOCKADDR_IN 1
| #define HAVE_SIN6_LEN_IN_SOCKADDR_IN6 1
| #define HAVE_SS_FAMILY_IN_SS 1
| #define HAVE_PID_T 1
| /* end confdefs.h.  */
| 
| int
| main ()
| {
|  extern int sys_nerr; printf("%i", sys_nerr);
|   ;
|   return 0;
| }
configure:9560: result: no
configure:9574: checking Check Spread's major version
configure:9576: result: 5
configure:9579: checking Check Spread's minor version
configure:9581: result: 0
configure:9584: checking Check Spread's patch version
configure:9586: result: 1
configure:9615: checking for nroff
configure:9634: found /usr/bin/nroff
configure:9646: result: /usr/bin/nroff
configure:9950: creating ./config.status

## ---------------------- ##
## Running config.status. ##
## ---------------------- ##

This file was extended by Spread config.status 5.0.0, which was
generated by GNU Autoconf 2.59.  Invocation command line was

  CONFIG_FILES    = 
  CONFIG_HEADERS  = 
  CONFIG_LINKS    = 
  CONFIG_COMMANDS = 
  $ ./config.status 

on Sofias-MBP-2.home

config.status:698: creating Makefile
config.status:698: creating daemon/Makefile
config.status:698: creating docs/Makefile
config.status:698: creating libspread/Makefile
config.status:698: creating examples/Makefile
config.status:802: creating daemon/config.h
configure:11204: configuring in stdutil
configure:11321: running /bin/sh './configure' --prefix=/usr/local  --cache-file=/dev/null --srcdir=.
configure:11204: configuring in libspread-util
configure:11321: running /bin/sh './configure' --prefix=/usr/local  --cache-file=/dev/null --srcdir=.

## ---------------- ##
## Cache variables. ##
## ---------------- ##

ac_cv_arch_win=no
ac_cv_build=i386-apple-darwin21.2.0
ac_cv_build_alias=i386-apple-darwin21.2.0
ac_cv_c_bigendian=no
ac_cv_c_compiler_gnu=yes
ac_cv_c_inline=inline
ac_cv_clock_gettime_monotonic=yes
ac_cv_env_CC_set=
ac_cv_env_CC_value=
ac_cv_env_CFLAGS_set=
ac_cv_env_CFLAGS_value=
ac_cv_env_CPPFLAGS_set=
ac_cv_env_CPPFLAGS_value=
ac_cv_env_CPP_set=
ac_cv_env_CPP_value=
ac_cv_env_LDFLAGS_set=
ac_cv_env_LDFLAGS_value=
ac_cv_env_build_alias_set=
ac_cv_env_build_alias_value=
ac_cv_env_host_alias_set=
ac_cv_env_host_alias_value=
ac_cv_env_target_alias_set=
ac_cv_env_target_alias_value=
ac_cv_exeext=
ac_cv_func_bcopy=yes
ac_cv_func_getifaddrs=yes
ac_cv_func_gettimeofday=yes
ac_cv_func_inet_aton=yes
ac_cv_func_inet_ntoa=yes
ac_cv_func_inet_ntop=yes
ac_cv_func_lrand48=yes
ac_cv_func_memmove=yes
ac_cv_func_poll=yes
ac_cv_func_pthread_atfork=yes
ac_cv_func_select=yes
ac_cv_func_setsid=yes
ac_cv_func_snprintf=yes
ac_cv_func_strerror=yes
ac_cv_func_strftime=yes
ac_cv_func_time=yes
ac_cv_have___ss_family_in_struct_ss=no
ac_cv_have_clock_t=yes
ac_cv_have_int64_t=yes
ac_cv_have_intxx_t=yes
ac_cv_have_pid_t=yes
ac_cv_have_sa_family_t=yes
ac_cv_have_sa_len_in_struct_sockaddr=yes
ac_cv_have_sin6_len_in_struct_sockaddr_in6=yes
ac_cv_have_sin_len_in_struct_sockaddr_in=yes
ac_cv_have_size_t=yes
ac_cv_have_socklen_t=yes
ac_cv_have_sockopt_len_t=no
ac_cv_have_ss_family_in_struct_ss=yes
ac_cv_have_ssize_t=yes
ac_cv_have_struct_addrinfo=yes
ac_cv_have_struct_in6_addr=yes
ac_cv_have_struct_msghdr=yes
ac_cv_have_struct_msghdr_ctl=yes
ac_cv_have_struct_sockaddr_in6=yes
ac_cv_have_struct_sockaddr_storage=yes
ac_cv_have_struct_timeval=yes
ac_cv_have_struct_timezone=yes
ac_cv_have_sun_len_in_struct_sockaddr_un=no
ac_cv_have_u_int=yes
ac_cv_have_u_int64_t=yes
ac_cv_have_u_intxx_t=yes
ac_cv_header_arpa_inet_h=yes
ac_cv_header_assert_h=yes
ac_cv_header_errno_h=yes
ac_cv_header_grp_h=yes
ac_cv_header_ifaddrs_h=yes
ac_cv_header_inttypes_h=yes
ac_cv_header_limits_h=yes
ac_cv_header_memory_h=yes
ac_cv_header_netdb_h=yes
ac_cv_header_netinet_in_h=yes
ac_cv_header_netinet_tcp_h=yes
ac_cv_header_poll_h=yes
ac_cv_header_process_h=no
ac_cv_header_pthread_h=yes
ac_cv_header_pwd_h=yes
ac_cv_header_signal_h=yes
ac_cv_header_stdarg_h=yes
ac_cv_header_stdc=no
ac_cv_header_stdint_h=yes
ac_cv_header_stdio_h=yes
ac_cv_header_stdlib_h=yes
ac_cv_header_string_h=yes
ac_cv_header_strings_h=yes
ac_cv_header_sys_filio_h=yes
ac_cv_header_sys_inttypes_h=no
ac_cv_header_sys_ioctl_h=yes
ac_cv_header_sys_param_h=yes
ac_cv_header_sys_select_h=yes
ac_cv_header_sys_socket_h=yes
ac_cv_header_sys_stat_h=yes
ac_cv_header_sys_time_h=yes
ac_cv_header_sys_timeb_h=yes
ac_cv_header_sys_types_h=yes
ac_cv_header_sys_uio_h=yes
ac_cv_header_sys_un_h=yes
ac_cv_header_time_h=yes
ac_cv_header_unistd_h=yes
ac_cv_header_windows_h=no
ac_cv_header_winsock2_h=no
ac_cv_host=i386-apple-darwin21.2.0
ac_cv_host_alias=i386-apple-darwin21.2.0
ac_cv_ldflag_pthread=yes
ac_cv_lib_dl_dladdr=yes
ac_cv_lib_m_sqrt=yes
ac_cv_lib_nsl_gethostbyaddr=no
ac_cv_lib_posix4_sem_wait=no
ac_cv_lib_pthread_pthread_create=yes
ac_cv_lib_rt_clock_gettime=no
ac_cv_lib_socket_socket=no
ac_cv_lib_thread_thr_create=no
ac_cv_libc_defines___progname=no
ac_cv_libc_defines_sys_errlist=no
ac_cv_libc_defines_sys_nerr=no
ac_cv_objext=o
ac_cv_path_AR=/usr/bin/ar
ac_cv_path_LEX=/usr/bin/flex
ac_cv_path_NROFF=/usr/bin/nroff
ac_cv_path_PERL=/usr/bin/perl
ac_cv_path_install='/usr/bin/install -c'
ac_cv_prog_CPP='gcc -E'
ac_cv_prog_YACC='bison -y'
ac_cv_prog_ac_ct_CC=gcc
ac_cv_prog_ac_ct_RANLIB=ranlib
ac_cv_prog_cc_g=yes
ac_cv_prog_cc_stdc=
ac_cv_prog_egrep='grep -E'
ac_cv_search_nanosleep='none required'
ac_cv_search_shm_open='none required'
ac_cv_sizeof_char=1
ac_cv_sizeof_int=4
ac_cv_sizeof_long_int=8
ac_cv_sizeof_long_long_int=8
ac_cv_sizeof_short_int=2
ac_cv_type_char=yes
ac_cv_type_int=yes
ac_cv_type_long_int=yes
ac_cv_type_long_long_int=yes
ac_cv_type_short_int=yes

## ----------------- ##
## Output variables. ##
## ----------------- ##

AR='/usr/bin/ar'
CC='gcc'
CFLAGS='-g -O2 -Wall'
CPP='gcc -E'
CPPFLAGS=''
DEFS='-DHAVE_CONFIG_H'
ECHO_C='ECHO_N=''
ECHO_T=''
EGREP='grep -E'
EXEEXT=''
INSTALL_DATA='${INSTALL} -m 644'
INSTALL_PROGRAM='${INSTALL}'
INSTALL_SCRIPT='${INSTALL}'
LD='gcc'
LDFLAGS=''
LEX='/usr/bin/flex'
LIBOBJS=''
LIBS='-ldl -lm '
LIBSPCORESO='libspread-core.dylib'
LIBSPSO='libspread.dylib'
LIBTSPCORESO='libtspread-core.dylib'
LN_S='ln -s'
LTLIBOBJS=''
MANTYPE='doc'
NROFF='/usr/bin/nroff'
OBJEXT='o'
PACKAGE_BUGREPORT=''
PACKAGE_NAME='Spread'
PACKAGE_STRING='Spread 5.0.0'
PACKAGE_TARNAME='spread'
PACKAGE_VERSION='5.0.0'
PATH_SEPARATOR=':'
PERL='/usr/bin/perl'
RANLIB='ranlib'
SHCC='gcc'
SHCFLAGS='-g -O2 -Wall -fPIC -fno-common'
SHCPPFLAGS=''
SHELL='/bin/sh'
SHLD='gcc -dynamiclib'
SHLDCONVERTSTATIC=''
SHLDCONVERTSTATICEND=''
SHLDFLAGS=' '
SHLDNAME='-headerpad_max_install_names -install_name '
SHLDOPTION='-Wl,'
SHLIBS='-ldl -lm '
SP_MAJOR_VERSION='5'
SP_MINOR_VERSION='0'
SP_PATCH_VERSION='1'
THLDFLAGS=''
THLIBS='-lpthread '
YACC='bison -y'
ac_ct_CC='gcc'
ac_ct_RANLIB='ranlib'
bindir='${exec_prefix}/bin'
build='i386-apple-darwin21.2.0'
build_alias=''
build_cpu='i386'
build_os='darwin21.2.0'
build_vendor='apple'
datadir='${prefix}/share'
docdir='${datadir}/doc/spread'
exec_prefix='${prefix}'
host='i386-apple-darwin21.2.0'
host_alias=''
host_cpu='i386'
host_os='darwin21.2.0'
host_vendor='apple'
includedir='${prefix}/include'
infodir='${prefix}/info'
libdir='${exec_prefix}/lib'
libexecdir='${exec_prefix}/libexec'
localstatedir='${prefix}/var'
mandir='${prefix}/man'
mansubdir='man'
oldincludedir='/usr/include'
piddir='/var/run'
prefix='/usr/local'
program_transform_name='s,x,x,'
sbindir='${exec_prefix}/sbin'
sharedstatedir='${prefix}/com'
subdirs=' stdutil libspread-util'
sysconfdir='${prefix}/etc'
target_alias=''

## ----------- ##
## confdefs.h. ##
## ----------- ##

#define ARCH_SCATTER_CONTROL 1
#define HAVE_ARPA_INET_H 1
#define HAVE_ASSERT_H 1
#define HAVE_BCOPY 1
#define HAVE_CLOCK_GETTIME_CLOCK_MONOTONIC 1
#define HAVE_CLOCK_T 1
#define HAVE_ERRNO_H 1
#define HAVE_GETIFADDRS 1
#define HAVE_GETTIMEOFDAY 1
#define HAVE_GRP_H 1
#define HAVE_IFADDRS_H 1
#define HAVE_INET_ATON 1
#define HAVE_INET_NTOA 1
#define HAVE_INET_NTOP 1
#define HAVE_INT64_T 1
#define HAVE_INTTYPES_H 1
#define HAVE_INTXX_T 1
#define HAVE_LIBDL 1
#define HAVE_LIBM 1
#define HAVE_LIBPTHREAD 1
#define HAVE_LIMITS_H 1
#define HAVE_LRAND48 1
#define HAVE_MEMMOVE 1
#define HAVE_MEMORY_H 1
#define HAVE_NETDB_H 1
#define HAVE_NETINET_IN_H 1
#define HAVE_NETINET_TCP_H 1
#define HAVE_PID_T 1
#define HAVE_POLL 1
#define HAVE_POLL_H 1
#define HAVE_PTHREAD_ATFORK 1
#define HAVE_PTHREAD_H 1
#define HAVE_PWD_H 1
#define HAVE_SA_FAMILY_T 1
#define HAVE_SA_LEN_IN_SOCKADDR 1
#define HAVE_SELECT 1
#define HAVE_SETSID 1
#define HAVE_SIGNAL_H 1
#define HAVE_SIN6_LEN_IN_SOCKADDR_IN6 1
#define HAVE_SIN_LEN_IN_SOCKADDR_IN 1
#define HAVE_SIZE_T 1
#define HAVE_SNPRINTF 1
#define HAVE_SOCKLEN_T 1
#define HAVE_SSIZE_T 1
#define HAVE_SS_FAMILY_IN_SS 1
#define HAVE_STDARG_H 1
#define HAVE_STDINT_H 1
#define HAVE_STDINT_H 1
#define HAVE_STDIO_H 1
#define HAVE_STDLIB_H 1
#define HAVE_STDLIB_H 1
#define HAVE_STRERROR 1
#define HAVE_STRFTIME 1
#define HAVE_STRINGS_H 1
#define HAVE_STRING_H 1
#define HAVE_STRING_H 1
#define HAVE_STRUCT_ADDRINFO 1
#define HAVE_STRUCT_IN6_ADDR 1
#define HAVE_STRUCT_SOCKADDR_IN6 1
#define HAVE_STRUCT_SOCKADDR_STORAGE 1
#define HAVE_STRUCT_TIMEVAL 1
#define HAVE_STRUCT_TIMEZONE 1
#define HAVE_SYS_FILIO_H 1
#define HAVE_SYS_IOCTL_H 1
#define HAVE_SYS_PARAM_H 1
#define HAVE_SYS_SELECT_H 1
#define HAVE_SYS_SOCKET_H 1
#define HAVE_SYS_STAT_H 1
#define HAVE_SYS_STAT_H 1
#define HAVE_SYS_TIMEB_H 1
#define HAVE_SYS_TIME_H 1
#define HAVE_SYS_TYPES_H 1
#define HAVE_SYS_TYPES_H 1
#define HAVE_SYS_UIO_H 1
#define HAVE_SYS_UN_H 1
#define HAVE_TIME 1
#define HAVE_TIME_H 1
#define HAVE_UNISTD_H 1
#define HAVE_UNISTD_H 1
#define HAVE_U_INT 1
#define HAVE_U_INT64_T 1
#define HAVE_U_INTXX_T 1
#define PACKAGE_BUGREPORT ""
#define PACKAGE_NAME "Spread"
#define PACKAGE_STRING "Spread 5.0.0"
#define PACKAGE_TARNAME "spread"
#define PACKAGE_VERSION "5.0.0"
#define SIZEOF_CHAR 1
#define SIZEOF_INT 4
#define SIZEOF_LONG_INT 8
#define SIZEOF_LONG_LONG_INT 8
#define SIZEOF_SHORT_INT 2
#define SPREAD_ETCDIR "/usr/local/etc"
#define SP_UNIX_SOCKET "/tmp"
#define _PATH_SPREAD_PIDDIR "/var/run"

configure: exit 0
