This file contains any messages produced by compilers while
running configure, to aid debugging if configure makes a mistake.

It was created by configure, which was
generated by GNU Autoconf 2.69.  Invocation command line was

  $ ./configure --prefix=/usr/local --cache-file=/dev/null --srcdir=.

## --------- ##
## Platform. ##
## --------- ##

hostname = vm-ubuntu-java11
uname -m = x86_64
uname -r = 5.15.0-1047-gcp
uname -s = Linux
uname -v = #55~20.04.1-Ubuntu SMP Wed Nov 15 11:38:25 UTC 2023

/usr/bin/uname -p = x86_64
/bin/uname -X     = unknown

/bin/arch              = x86_64
/usr/bin/arch -k       = unknown
/usr/convex/getsysinfo = unknown
/usr/bin/hostinfo      = unknown
/bin/machine           = unknown
/usr/bin/oslevel       = unknown
/bin/universe          = unknown

PATH: /usr/local/sbin
PATH: /usr/local/bin
PATH: /usr/sbin
PATH: /usr/bin
PATH: /sbin
PATH: /bin
PATH: /usr/games
PATH: /usr/local/games
PATH: /snap/bin


## ----------- ##
## Core tests. ##
## ----------- ##

configure:2218: checking for gcc
configure:2234: found /usr/bin/gcc
configure:2245: result: gcc
configure:2474: checking for C compiler version
configure:2483: gcc --version >&5
gcc (Ubuntu 9.4.0-1ubuntu1~20.04.2) 9.4.0
Copyright (C) 2019 Free Software Foundation, Inc.
This is free software; see the source for copying conditions.  There is NO
warranty; not even for MERCHANTABILITY or FITNESS FOR A PARTICULAR PURPOSE.

configure:2494: $? = 0
configure:2483: gcc -v >&5
Using built-in specs.
COLLECT_GCC=gcc
COLLECT_LTO_WRAPPER=/usr/lib/gcc/x86_64-linux-gnu/9/lto-wrapper
OFFLOAD_TARGET_NAMES=nvptx-none:hsa
OFFLOAD_TARGET_DEFAULT=1
Target: x86_64-linux-gnu
Configured with: ../src/configure -v --with-pkgversion='Ubuntu 9.4.0-1ubuntu1~20.04.2' --with-bugurl=file:///usr/share/doc/gcc-9/README.Bugs --enable-languages=c,ada,c++,go,brig,d,fortran,objc,obj-c++,gm2 --prefix=/usr --with-gcc-major-version-only --program-suffix=-9 --program-prefix=x86_64-linux-gnu- --enable-shared --enable-linker-build-id --libexecdir=/usr/lib --without-included-gettext --enable-threads=posix --libdir=/usr/lib --enable-nls --enable-clocale=gnu --enable-libstdcxx-debug --enable-libstdcxx-time=yes --with-default-libstdcxx-abi=new --enable-gnu-unique-object --disable-vtable-verify --enable-plugin --enable-default-pie --with-system-zlib --with-target-system-zlib=auto --enable-objc-gc=auto --enable-multiarch --disable-werror --with-arch-32=i686 --with-abi=m64 --with-multilib-list=m32,m64,mx32 --enable-multilib --with-tune=generic --enable-offload-targets=nvptx-none=/build/gcc-9-9QDOt0/gcc-9-9.4.0/debian/tmp-nvptx/usr,hsa --without-cuda-driver --enable-checking=release --build=x86_64-linux-gnu --host=x86_64-linux-gnu --target=x86_64-linux-gnu
Thread model: posix
gcc version 9.4.0 (Ubuntu 9.4.0-1ubuntu1~20.04.2) 
configure:2494: $? = 0
configure:2483: gcc -V >&5
gcc: error: unrecognized command line option '-V'
gcc: fatal error: no input files
compilation terminated.
configure:2494: $? = 1
configure:2483: gcc -qversion >&5
gcc: error: unrecognized command line option '-qversion'; did you mean '--version'?
gcc: fatal error: no input files
compilation terminated.
configure:2494: $? = 1
configure:2514: checking whether the C compiler works
configure:2536: gcc    conftest.c  >&5
configure:2540: $? = 0
configure:2588: result: yes
configure:2591: checking for C compiler default output file name
configure:2593: result: a.out
configure:2599: checking for suffix of executables
configure:2606: gcc -o conftest    conftest.c  >&5
configure:2610: $? = 0
configure:2632: result: 
configure:2654: checking whether we are cross compiling
configure:2662: gcc -o conftest    conftest.c  >&5
configure:2666: $? = 0
configure:2673: ./conftest
configure:2677: $? = 0
configure:2665: result: no
configure:2670: checking for suffix of object files
configure:2692: gcc -c   conftest.c >&5
configure:2696: $? = 0
configure:2717: result: o
configure:2721: checking whether we are using the GNU C compiler
configure:2740: gcc -c   conftest.c >&5
configure:2740: $? = 0
configure:2749: result: yes
configure:2758: checking whether gcc accepts -g
configure:2778: gcc -c -g  conftest.c >&5
configure:2778: $? = 0
configure:2819: result: yes
configure:2836: checking for gcc option to accept ISO C89
configure:2899: gcc  -c -g -O2  conftest.c >&5
configure:2899: $? = 0
configure:2912: result: none needed
configure:2934: checking for ar
configure:2952: found /usr/bin/ar
configure:2964: result: /usr/bin/ar
configure:2972: checking whether ln -s works
configure:2976: result: yes
configure:2997: checking for a BSD-compatible install
configure:3065: result: /usr/bin/install -c
configure:3094: checking if we need -pthread for threads
configure:3112: gcc -o conftest -g -O2 -Wall  -pthread  conftest.c  >&5
configure:3112: $? = 0
configure:3124: result: yes
configure:3137: checking for pthread_create in -lpthread
configure:3162: gcc -o conftest -g -O2 -Wall   conftest.c -lpthread   >&5
configure:3162: $? = 0
configure:3171: result: yes
configure:3182: checking for thr_create in -lthread
configure:3207: gcc -o conftest -g -O2 -Wall   conftest.c -lthread  -lpthread  >&5
/usr/bin/ld: cannot find -lthread
collect2: error: ld returned 1 exit status
configure:3207: $? = 1
configure: failed program was:
| /* confdefs.h */
| #define PACKAGE_NAME ""
| #define PACKAGE_TARNAME ""
| #define PACKAGE_VERSION ""
| #define PACKAGE_STRING ""
| #define PACKAGE_BUGREPORT ""
| #define PACKAGE_URL ""
| #define HAVE_LIBPTHREAD 1
| /* end confdefs.h.  */
| 
| /* Override any GCC internal prototype to avoid an error.
|    Use char because int might match the return type of a GCC
|    builtin and then its argument prototype would still apply.  */
| #ifdef __cplusplus
| extern "C"
| #endif
| char thr_create ();
| int
| main ()
| {
| return thr_create ();
|   ;
|   return 0;
| }
configure:3216: result: no
configure:3227: checking for sem_wait in -lposix4
configure:3252: gcc -o conftest -g -O2 -Wall   conftest.c -lposix4  -lpthread  >&5
/usr/bin/ld: cannot find -lposix4
collect2: error: ld returned 1 exit status
configure:3252: $? = 1
configure: failed program was:
| /* confdefs.h */
| #define PACKAGE_NAME ""
| #define PACKAGE_TARNAME ""
| #define PACKAGE_VERSION ""
| #define PACKAGE_STRING ""
| #define PACKAGE_BUGREPORT ""
| #define PACKAGE_URL ""
| #define HAVE_LIBPTHREAD 1
| /* end confdefs.h.  */
| 
| /* Override any GCC internal prototype to avoid an error.
|    Use char because int might match the return type of a GCC
|    builtin and then its argument prototype would still apply.  */
| #ifdef __cplusplus
| extern "C"
| #endif
| char sem_wait ();
| int
| main ()
| {
| return sem_wait ();
|   ;
|   return 0;
| }
configure:3261: result: no
configure:3272: checking for library containing shm_open
configure:3303: gcc -o conftest -g -O2 -Wall   conftest.c -lpthread  >&5
/usr/bin/ld: /tmp/ccjEiC85.o: in function `main':
/usr/local/spread/spread-src-5.0.1/stdutil/conftest.c:21: undefined reference to `shm_open'
collect2: error: ld returned 1 exit status
configure:3303: $? = 1
configure: failed program was:
| /* confdefs.h */
| #define PACKAGE_NAME ""
| #define PACKAGE_TARNAME ""
| #define PACKAGE_VERSION ""
| #define PACKAGE_STRING ""
| #define PACKAGE_BUGREPORT ""
| #define PACKAGE_URL ""
| #define HAVE_LIBPTHREAD 1
| /* end confdefs.h.  */
| 
| /* Override any GCC internal prototype to avoid an error.
|    Use char because int might match the return type of a GCC
|    builtin and then its argument prototype would still apply.  */
| #ifdef __cplusplus
| extern "C"
| #endif
| char shm_open ();
| int
| main ()
| {
| return shm_open ();
|   ;
|   return 0;
| }
configure:3303: gcc -o conftest -g -O2 -Wall   conftest.c -lrt  -lpthread  >&5
configure:3303: $? = 0
configure:3320: result: -lrt
configure:3328: checking for library containing nanosleep
configure:3359: gcc -o conftest -g -O2 -Wall   conftest.c -lrt -lpthread  >&5
configure:3359: $? = 0
configure:3376: result: none required
configure:3394: checking build system type
configure:3408: result: x86_64-unknown-linux-gnu
configure:3428: checking host system type
configure:3441: result: x86_64-unknown-linux-gnu
configure:3511: checking how to run the C preprocessor
configure:3542: gcc -E  conftest.c
configure:3542: $? = 0
configure:3556: gcc -E  conftest.c
conftest.c:10:10: fatal error: ac_nonexistent.h: No such file or directory
   10 | #include <ac_nonexistent.h>
      |          ^~~~~~~~~~~~~~~~~~
compilation terminated.
configure:3556: $? = 1
configure: failed program was:
| /* confdefs.h */
| #define PACKAGE_NAME ""
| #define PACKAGE_TARNAME ""
| #define PACKAGE_VERSION ""
| #define PACKAGE_STRING ""
| #define PACKAGE_BUGREPORT ""
| #define PACKAGE_URL ""
| #define HAVE_LIBPTHREAD 1
| /* end confdefs.h.  */
| #include <ac_nonexistent.h>
configure:3581: result: gcc -E
configure:3601: gcc -E  conftest.c
configure:3601: $? = 0
configure:3615: gcc -E  conftest.c
conftest.c:10:10: fatal error: ac_nonexistent.h: No such file or directory
   10 | #include <ac_nonexistent.h>
      |          ^~~~~~~~~~~~~~~~~~
compilation terminated.
configure:3615: $? = 1
configure: failed program was:
| /* confdefs.h */
| #define PACKAGE_NAME ""
| #define PACKAGE_TARNAME ""
| #define PACKAGE_VERSION ""
| #define PACKAGE_STRING ""
| #define PACKAGE_BUGREPORT ""
| #define PACKAGE_URL ""
| #define HAVE_LIBPTHREAD 1
| /* end confdefs.h.  */
| #include <ac_nonexistent.h>
configure:3644: checking for grep that handles long lines and -e
configure:3702: result: /usr/bin/grep
configure:3707: checking for egrep
configure:3769: result: /usr/bin/grep -E
configure:3774: checking for ANSI C header files
configure:3794: gcc -c -g -O2 -Wall  conftest.c >&5
configure:3794: $? = 0
configure:3867: gcc -o conftest -g -O2 -Wall   conftest.c  >&5
configure:3867: $? = 0
configure:3867: ./conftest
configure:3867: $? = 0
configure:3878: result: yes
configure:3891: checking for sys/types.h
configure:3891: gcc -c -g -O2 -Wall  conftest.c >&5
configure:3891: $? = 0
configure:3891: result: yes
configure:3891: checking for sys/stat.h
configure:3891: gcc -c -g -O2 -Wall  conftest.c >&5
configure:3891: $? = 0
configure:3891: result: yes
configure:3891: checking for stdlib.h
configure:3891: gcc -c -g -O2 -Wall  conftest.c >&5
configure:3891: $? = 0
configure:3891: result: yes
configure:3891: checking for string.h
configure:3891: gcc -c -g -O2 -Wall  conftest.c >&5
configure:3891: $? = 0
configure:3891: result: yes
configure:3891: checking for memory.h
configure:3891: gcc -c -g -O2 -Wall  conftest.c >&5
configure:3891: $? = 0
configure:3891: result: yes
configure:3891: checking for strings.h
configure:3891: gcc -c -g -O2 -Wall  conftest.c >&5
configure:3891: $? = 0
configure:3891: result: yes
configure:3891: checking for inttypes.h
configure:3891: gcc -c -g -O2 -Wall  conftest.c >&5
configure:3891: $? = 0
configure:3891: result: yes
configure:3891: checking for stdint.h
configure:3891: gcc -c -g -O2 -Wall  conftest.c >&5
configure:3891: $? = 0
configure:3891: result: yes
configure:3891: checking for unistd.h
configure:3891: gcc -c -g -O2 -Wall  conftest.c >&5
configure:3891: $? = 0
configure:3891: result: yes
configure:3907: checking size of char
configure:3912: gcc -o conftest -g -O2 -Wall   conftest.c  >&5
configure:3912: $? = 0
configure:3912: ./conftest
configure:3912: $? = 0
configure:3926: result: 1
configure:3940: checking size of short
configure:3945: gcc -o conftest -g -O2 -Wall   conftest.c  >&5
configure:3945: $? = 0
configure:3945: ./conftest
configure:3945: $? = 0
configure:3959: result: 2
configure:3973: checking size of int
configure:3978: gcc -o conftest -g -O2 -Wall   conftest.c  >&5
configure:3978: $? = 0
configure:3978: ./conftest
configure:3978: $? = 0
configure:3992: result: 4
configure:4006: checking size of long
configure:4011: gcc -o conftest -g -O2 -Wall   conftest.c  >&5
configure:4011: $? = 0
configure:4011: ./conftest
configure:4011: $? = 0
configure:4025: result: 8
configure:4039: checking size of long long
configure:4044: gcc -o conftest -g -O2 -Wall   conftest.c  >&5
configure:4044: $? = 0
configure:4044: ./conftest
configure:4044: $? = 0
configure:4058: result: 8
configure:4072: checking size of size_t
configure:4077: gcc -o conftest -g -O2 -Wall   conftest.c  >&5
configure:4077: $? = 0
configure:4077: ./conftest
configure:4077: $? = 0
configure:4091: result: 8
configure:4105: checking size of void *
configure:4110: gcc -o conftest -g -O2 -Wall   conftest.c  >&5
configure:4110: $? = 0
configure:4110: ./conftest
configure:4110: $? = 0
configure:4124: result: 8
configure:4135: checking checking all necessary integer types are available and appropriate
configure:4171: gcc -o conftest -g -O2 -Wall   conftest.c  >&5
configure:4171: $? = 0
configure:4171: ./conftest
configure:4171: $? = 0
configure:4172: result: yes
configure:4182: checking if NULL pointers are represented as all zeroes in memory
configure:4237: gcc -o conftest -g -O2 -Wall   conftest.c  >&5
configure:4237: $? = 0
configure:4237: ./conftest
configure:4237: $? = 0
configure:4239: result: yes
configure:4256: checking byte alignment requirements
configure:4329: gcc -o conftest -g -O2 -Wall   conftest.c  >&5
configure:4329: $? = 0
configure:4329: ./conftest
configure:4329: $? = 116
configure: program exited with status 116
configure: failed program was:
| /* confdefs.h */
| #define PACKAGE_NAME ""
| #define PACKAGE_TARNAME ""
| #define PACKAGE_VERSION ""
| #define PACKAGE_STRING ""
| #define PACKAGE_BUGREPORT ""
| #define PACKAGE_URL ""
| #define HAVE_LIBPTHREAD 1
| #define STDC_HEADERS 1
| #define HAVE_SYS_TYPES_H 1
| #define HAVE_SYS_STAT_H 1
| #define HAVE_STDLIB_H 1
| #define HAVE_STRING_H 1
| #define HAVE_MEMORY_H 1
| #define HAVE_STRINGS_H 1
| #define HAVE_INTTYPES_H 1
| #define HAVE_STDINT_H 1
| #define HAVE_UNISTD_H 1
| #define SIZEOF_CHAR 1
| #define SIZEOF_SHORT 2
| #define SIZEOF_INT 4
| #define SIZEOF_LONG 8
| #define SIZEOF_LONG_LONG 8
| #define SIZEOF_SIZE_T 8
| #define SIZEOF_VOID_P 8
| #define STDARCH_NULL_IS_ZERO 1
| /* end confdefs.h.  */
| 
| #include <stdlib.h>
| #include <stddef.h>
| 
| struct {
|   char x;
|   long y;
| 
| } long_test;
| 
| struct {
|   char x;
| #if defined(_MSC_VER)
|   __int64 y;
| #elif (SIZEOF_LONG == 8)
|   long y;
| #elif (SIZEOF_LONG_LONG == 8)
|   long long y;
| #endif
| 
| } int64_test;
| 
| struct {
|   char        x;
|   long double y;
| 
| } long_double_test;
| 
| struct {
|   char   x;
|   void * y;
| 
| } voidp_test;
| 
| int main()
| {
|   ptrdiff_t max = (char*) &long_test.y - (char*) &long_test.x;
|   ptrdiff_t tmp;
| 
|   tmp = (char*) &int64_test.y - (char*) &int64_test.x;
| 
|   if (tmp > max) {
|     max = tmp;
|   }
| 
|   tmp = (char*) &voidp_test.y - (char*) &voidp_test.x;
| 
|   if (tmp > max) {
|     max = tmp;
|   }
| 
|   tmp = (char*) &long_double_test.y - (char*) &long_double_test.x;
| 
|   if (tmp > max) {
|     max = tmp;
|   }
| 
|   exit(100 + (int) max);
|   return 100 + (int) max;
| }
| 
configure:4340: result: 16
configure:4352: checking endianness of architecture
configure:4374: gcc -o conftest -g -O2 -Wall   conftest.c  >&5
configure:4374: $? = 0
configure:4374: ./conftest
configure:4374: $? = 101
configure: program exited with status 101
configure: failed program was:
| /* confdefs.h */
| #define PACKAGE_NAME ""
| #define PACKAGE_TARNAME ""
| #define PACKAGE_VERSION ""
| #define PACKAGE_STRING ""
| #define PACKAGE_BUGREPORT ""
| #define PACKAGE_URL ""
| #define HAVE_LIBPTHREAD 1
| #define STDC_HEADERS 1
| #define HAVE_SYS_TYPES_H 1
| #define HAVE_SYS_STAT_H 1
| #define HAVE_STDLIB_H 1
| #define HAVE_STRING_H 1
| #define HAVE_MEMORY_H 1
| #define HAVE_STRINGS_H 1
| #define HAVE_INTTYPES_H 1
| #define HAVE_STDINT_H 1
| #define HAVE_UNISTD_H 1
| #define SIZEOF_CHAR 1
| #define SIZEOF_SHORT 2
| #define SIZEOF_INT 4
| #define SIZEOF_LONG 8
| #define SIZEOF_LONG_LONG 8
| #define SIZEOF_SIZE_T 8
| #define SIZEOF_VOID_P 8
| #define STDARCH_NULL_IS_ZERO 1
| #define STDARCH_MAX_BYTE_ALIGNMENT 16
| /* end confdefs.h.  */
| 
| #include <stdlib.h>
| 
| int main()
| {
|   short  x    = 0x1;
|   char * xptr = (char*) &x;
| 
|   exit(100 + (xptr[0] == 1));  /* return 101 if bytes are opposite of network order, else 100 */
|   return 100 + (xptr[0] == 1);
| }
| 
configure:4428: gcc -o conftest -g -O2 -Wall   conftest.c  >&5
configure:4428: $? = 0
configure:4428: ./conftest
configure:4428: $? = 103
configure: program exited with status 103
configure: failed program was:
| /* confdefs.h */
| #define PACKAGE_NAME ""
| #define PACKAGE_TARNAME ""
| #define PACKAGE_VERSION ""
| #define PACKAGE_STRING ""
| #define PACKAGE_BUGREPORT ""
| #define PACKAGE_URL ""
| #define HAVE_LIBPTHREAD 1
| #define STDC_HEADERS 1
| #define HAVE_SYS_TYPES_H 1
| #define HAVE_SYS_STAT_H 1
| #define HAVE_STDLIB_H 1
| #define HAVE_STRING_H 1
| #define HAVE_MEMORY_H 1
| #define HAVE_STRINGS_H 1
| #define HAVE_INTTYPES_H 1
| #define HAVE_STDINT_H 1
| #define HAVE_UNISTD_H 1
| #define SIZEOF_CHAR 1
| #define SIZEOF_SHORT 2
| #define SIZEOF_INT 4
| #define SIZEOF_LONG 8
| #define SIZEOF_LONG_LONG 8
| #define SIZEOF_SIZE_T 8
| #define SIZEOF_VOID_P 8
| #define STDARCH_NULL_IS_ZERO 1
| #define STDARCH_MAX_BYTE_ALIGNMENT 16
| #define STDENDIAN16_SWAP 1
| /* end confdefs.h.  */
| 
| #include <stdlib.h>
| 
| int main()
| {
| #if (SIZEOF_INT == 4)
|   int x = 0x1;
| #elif (SIZEOF_LONG == 4)
|   long x = 0x1;
| #endif
|   char * xptr = (char*) &x;
|   int        i;
| 
|   x <<= 24;
| 
|   for (i = 0; i < sizeof(x) && xptr[i] == 0; ++i);
| 
|   exit(100 + i);
|   return 100 + i;
| }
| 
configure:4486: gcc -o conftest -g -O2 -Wall   conftest.c  >&5
configure:4486: $? = 0
configure:4486: ./conftest
configure:4486: $? = 102
configure: program exited with status 102
configure: failed program was:
| /* confdefs.h */
| #define PACKAGE_NAME ""
| #define PACKAGE_TARNAME ""
| #define PACKAGE_VERSION ""
| #define PACKAGE_STRING ""
| #define PACKAGE_BUGREPORT ""
| #define PACKAGE_URL ""
| #define HAVE_LIBPTHREAD 1
| #define STDC_HEADERS 1
| #define HAVE_SYS_TYPES_H 1
| #define HAVE_SYS_STAT_H 1
| #define HAVE_STDLIB_H 1
| #define HAVE_STRING_H 1
| #define HAVE_MEMORY_H 1
| #define HAVE_STRINGS_H 1
| #define HAVE_INTTYPES_H 1
| #define HAVE_STDINT_H 1
| #define HAVE_UNISTD_H 1
| #define SIZEOF_CHAR 1
| #define SIZEOF_SHORT 2
| #define SIZEOF_INT 4
| #define SIZEOF_LONG 8
| #define SIZEOF_LONG_LONG 8
| #define SIZEOF_SIZE_T 8
| #define SIZEOF_VOID_P 8
| #define STDARCH_NULL_IS_ZERO 1
| #define STDARCH_MAX_BYTE_ALIGNMENT 16
| #define STDENDIAN16_SWAP 1
| #define STDENDIAN32_NET0_FROM_HOST 3
| #define STDENDIAN32_HOST3_FROM_NET 0
| /* end confdefs.h.  */
| 
| #include <stdlib.h>
| 
| int main()
| {
| #if (SIZEOF_INT == 4)
|   int x = 0x1;
| #elif (SIZEOF_LONG == 4)
|   long x = 0x1;
| #endif
|   char * xptr = (char*) &x;
|   int        i;
| 
|   x <<= 16;
| 
|   for (i = 0; i < sizeof(x) && xptr[i] == 0; ++i);
| 
|   exit(100 + i);
|   return 100 + i;
| }
| 
configure:4544: gcc -o conftest -g -O2 -Wall   conftest.c  >&5
configure:4544: $? = 0
configure:4544: ./conftest
configure:4544: $? = 101
configure: program exited with status 101
configure: failed program was:
| /* confdefs.h */
| #define PACKAGE_NAME ""
| #define PACKAGE_TARNAME ""
| #define PACKAGE_VERSION ""
| #define PACKAGE_STRING ""
| #define PACKAGE_BUGREPORT ""
| #define PACKAGE_URL ""
| #define HAVE_LIBPTHREAD 1
| #define STDC_HEADERS 1
| #define HAVE_SYS_TYPES_H 1
| #define HAVE_SYS_STAT_H 1
| #define HAVE_STDLIB_H 1
| #define HAVE_STRING_H 1
| #define HAVE_MEMORY_H 1
| #define HAVE_STRINGS_H 1
| #define HAVE_INTTYPES_H 1
| #define HAVE_STDINT_H 1
| #define HAVE_UNISTD_H 1
| #define SIZEOF_CHAR 1
| #define SIZEOF_SHORT 2
| #define SIZEOF_INT 4
| #define SIZEOF_LONG 8
| #define SIZEOF_LONG_LONG 8
| #define SIZEOF_SIZE_T 8
| #define SIZEOF_VOID_P 8
| #define STDARCH_NULL_IS_ZERO 1
| #define STDARCH_MAX_BYTE_ALIGNMENT 16
| #define STDENDIAN16_SWAP 1
| #define STDENDIAN32_NET0_FROM_HOST 3
| #define STDENDIAN32_HOST3_FROM_NET 0
| #define STDENDIAN32_NET1_FROM_HOST 2
| #define STDENDIAN32_HOST2_FROM_NET 1
| /* end confdefs.h.  */
| 
| #include <stdlib.h>
| 
| int main()
| {
| #if (SIZEOF_INT == 4)
|   int x = 0x1;
| #elif (SIZEOF_LONG == 4)
|   long x = 0x1;
| #endif
|   char * xptr = (char*) &x;
|   int        i;
| 
|   x <<= 8;
| 
|   for (i = 0; i < sizeof(x) && xptr[i] == 0; ++i);
| 
|   exit(100 + i);
|   return 100 + i;
| }
| 
configure:4602: gcc -o conftest -g -O2 -Wall   conftest.c  >&5
configure:4602: $? = 0
configure:4602: ./conftest
configure:4602: $? = 100
configure: program exited with status 100
configure: failed program was:
| /* confdefs.h */
| #define PACKAGE_NAME ""
| #define PACKAGE_TARNAME ""
| #define PACKAGE_VERSION ""
| #define PACKAGE_STRING ""
| #define PACKAGE_BUGREPORT ""
| #define PACKAGE_URL ""
| #define HAVE_LIBPTHREAD 1
| #define STDC_HEADERS 1
| #define HAVE_SYS_TYPES_H 1
| #define HAVE_SYS_STAT_H 1
| #define HAVE_STDLIB_H 1
| #define HAVE_STRING_H 1
| #define HAVE_MEMORY_H 1
| #define HAVE_STRINGS_H 1
| #define HAVE_INTTYPES_H 1
| #define HAVE_STDINT_H 1
| #define HAVE_UNISTD_H 1
| #define SIZEOF_CHAR 1
| #define SIZEOF_SHORT 2
| #define SIZEOF_INT 4
| #define SIZEOF_LONG 8
| #define SIZEOF_LONG_LONG 8
| #define SIZEOF_SIZE_T 8
| #define SIZEOF_VOID_P 8
| #define STDARCH_NULL_IS_ZERO 1
| #define STDARCH_MAX_BYTE_ALIGNMENT 16
| #define STDENDIAN16_SWAP 1
| #define STDENDIAN32_NET0_FROM_HOST 3
| #define STDENDIAN32_HOST3_FROM_NET 0
| #define STDENDIAN32_NET1_FROM_HOST 2
| #define STDENDIAN32_HOST2_FROM_NET 1
| #define STDENDIAN32_NET2_FROM_HOST 1
| #define STDENDIAN32_HOST1_FROM_NET 2
| /* end confdefs.h.  */
| 
| #include <stdlib.h>
| 
| int main()
| {
| #if (SIZEOF_INT == 4)
|   int x = 0x1;
| #elif (SIZEOF_LONG == 4)
|   long x = 0x1;
| #endif
|   char * xptr = (char*) &x;
|   int        i;
| 
|   x <<= 0;
| 
|   for (i = 0; i < sizeof(x) && xptr[i] == 0; ++i);
| 
|   exit(100 + i);
|   return 100 + i;
| }
| 
configure:4662: gcc -o conftest -g -O2 -Wall   conftest.c  >&5
configure:4662: $? = 0
configure:4662: ./conftest
configure:4662: $? = 107
configure: program exited with status 107
configure: failed program was:
| /* confdefs.h */
| #define PACKAGE_NAME ""
| #define PACKAGE_TARNAME ""
| #define PACKAGE_VERSION ""
| #define PACKAGE_STRING ""
| #define PACKAGE_BUGREPORT ""
| #define PACKAGE_URL ""
| #define HAVE_LIBPTHREAD 1
| #define STDC_HEADERS 1
| #define HAVE_SYS_TYPES_H 1
| #define HAVE_SYS_STAT_H 1
| #define HAVE_STDLIB_H 1
| #define HAVE_STRING_H 1
| #define HAVE_MEMORY_H 1
| #define HAVE_STRINGS_H 1
| #define HAVE_INTTYPES_H 1
| #define HAVE_STDINT_H 1
| #define HAVE_UNISTD_H 1
| #define SIZEOF_CHAR 1
| #define SIZEOF_SHORT 2
| #define SIZEOF_INT 4
| #define SIZEOF_LONG 8
| #define SIZEOF_LONG_LONG 8
| #define SIZEOF_SIZE_T 8
| #define SIZEOF_VOID_P 8
| #define STDARCH_NULL_IS_ZERO 1
| #define STDARCH_MAX_BYTE_ALIGNMENT 16
| #define STDENDIAN16_SWAP 1
| #define STDENDIAN32_NET0_FROM_HOST 3
| #define STDENDIAN32_HOST3_FROM_NET 0
| #define STDENDIAN32_NET1_FROM_HOST 2
| #define STDENDIAN32_HOST2_FROM_NET 1
| #define STDENDIAN32_NET2_FROM_HOST 1
| #define STDENDIAN32_HOST1_FROM_NET 2
| #define STDENDIAN32_NET3_FROM_HOST 0
| #define STDENDIAN32_HOST0_FROM_NET 3
| /* end confdefs.h.  */
| 
| #include <stdlib.h>
| 
| int main()
| {
| #if defined(_MSC_VER)
|   __int64 x = 0x1;
| #elif (SIZEOF_LONG == 8)
|   long x = 0x1;
| #elif (SIZEOF_LONG_LONG == 8)
|   long long x = 0x1;
| #endif
|   char * xptr = (char*) &x;
|   int        i;
| 
|   x <<= 56;
| 
|   for (i = 0; i < sizeof(x) && xptr[i] == 0; ++i);
| 
|   exit(100 + i);
|   return 100 + i;
| }
| 
configure:4722: gcc -o conftest -g -O2 -Wall   conftest.c  >&5
configure:4722: $? = 0
configure:4722: ./conftest
configure:4722: $? = 106
configure: program exited with status 106
configure: failed program was:
| /* confdefs.h */
| #define PACKAGE_NAME ""
| #define PACKAGE_TARNAME ""
| #define PACKAGE_VERSION ""
| #define PACKAGE_STRING ""
| #define PACKAGE_BUGREPORT ""
| #define PACKAGE_URL ""
| #define HAVE_LIBPTHREAD 1
| #define STDC_HEADERS 1
| #define HAVE_SYS_TYPES_H 1
| #define HAVE_SYS_STAT_H 1
| #define HAVE_STDLIB_H 1
| #define HAVE_STRING_H 1
| #define HAVE_MEMORY_H 1
| #define HAVE_STRINGS_H 1
| #define HAVE_INTTYPES_H 1
| #define HAVE_STDINT_H 1
| #define HAVE_UNISTD_H 1
| #define SIZEOF_CHAR 1
| #define SIZEOF_SHORT 2
| #define SIZEOF_INT 4
| #define SIZEOF_LONG 8
| #define SIZEOF_LONG_LONG 8
| #define SIZEOF_SIZE_T 8
| #define SIZEOF_VOID_P 8
| #define STDARCH_NULL_IS_ZERO 1
| #define STDARCH_MAX_BYTE_ALIGNMENT 16
| #define STDENDIAN16_SWAP 1
| #define STDENDIAN32_NET0_FROM_HOST 3
| #define STDENDIAN32_HOST3_FROM_NET 0
| #define STDENDIAN32_NET1_FROM_HOST 2
| #define STDENDIAN32_HOST2_FROM_NET 1
| #define STDENDIAN32_NET2_FROM_HOST 1
| #define STDENDIAN32_HOST1_FROM_NET 2
| #define STDENDIAN32_NET3_FROM_HOST 0
| #define STDENDIAN32_HOST0_FROM_NET 3
| #define STDENDIAN64_NET0_FROM_HOST 7
| #define STDENDIAN64_HOST7_FROM_NET 0
| /* end confdefs.h.  */
| 
| #include <stdlib.h>
| 
| int main()
| {
| #if defined(_MSC_VER)
|   __int64 x = 0x1;
| #elif (SIZEOF_LONG == 8)
|   long x = 0x1;
| #elif (SIZEOF_LONG_LONG == 8)
|   long long x = 0x1;
| #endif
|   char * xptr = (char*) &x;
|   int        i;
| 
|   x <<= 48;
| 
|   for (i = 0; i < sizeof(x) && xptr[i] == 0; ++i);
| 
|   exit(100 + i);
|   return 100 + i;
| }
| 
configure:4782: gcc -o conftest -g -O2 -Wall   conftest.c  >&5
configure:4782: $? = 0
configure:4782: ./conftest
configure:4782: $? = 105
configure: program exited with status 105
configure: failed program was:
| /* confdefs.h */
| #define PACKAGE_NAME ""
| #define PACKAGE_TARNAME ""
| #define PACKAGE_VERSION ""
| #define PACKAGE_STRING ""
| #define PACKAGE_BUGREPORT ""
| #define PACKAGE_URL ""
| #define HAVE_LIBPTHREAD 1
| #define STDC_HEADERS 1
| #define HAVE_SYS_TYPES_H 1
| #define HAVE_SYS_STAT_H 1
| #define HAVE_STDLIB_H 1
| #define HAVE_STRING_H 1
| #define HAVE_MEMORY_H 1
| #define HAVE_STRINGS_H 1
| #define HAVE_INTTYPES_H 1
| #define HAVE_STDINT_H 1
| #define HAVE_UNISTD_H 1
| #define SIZEOF_CHAR 1
| #define SIZEOF_SHORT 2
| #define SIZEOF_INT 4
| #define SIZEOF_LONG 8
| #define SIZEOF_LONG_LONG 8
| #define SIZEOF_SIZE_T 8
| #define SIZEOF_VOID_P 8
| #define STDARCH_NULL_IS_ZERO 1
| #define STDARCH_MAX_BYTE_ALIGNMENT 16
| #define STDENDIAN16_SWAP 1
| #define STDENDIAN32_NET0_FROM_HOST 3
| #define STDENDIAN32_HOST3_FROM_NET 0
| #define STDENDIAN32_NET1_FROM_HOST 2
| #define STDENDIAN32_HOST2_FROM_NET 1
| #define STDENDIAN32_NET2_FROM_HOST 1
| #define STDENDIAN32_HOST1_FROM_NET 2
| #define STDENDIAN32_NET3_FROM_HOST 0
| #define STDENDIAN32_HOST0_FROM_NET 3
| #define STDENDIAN64_NET0_FROM_HOST 7
| #define STDENDIAN64_HOST7_FROM_NET 0
| #define STDENDIAN64_NET1_FROM_HOST 6
| #define STDENDIAN64_HOST6_FROM_NET 1
| /* end confdefs.h.  */
| 
| #include <stdlib.h>
| 
| int main()
| {
| #if defined(_MSC_VER)
|   __int64 x = 0x1;
| #elif (SIZEOF_LONG == 8)
|   long x = 0x1;
| #elif (SIZEOF_LONG_LONG == 8)
|   long long x = 0x1;
| #endif
|   char * xptr = (char*) &x;
|   int        i;
| 
|   x <<= 40;
| 
|   for (i = 0; i < sizeof(x) && xptr[i] == 0; ++i);
| 
|   exit(100 + i);
|   return 100 + i;
| }
| 
configure:4842: gcc -o conftest -g -O2 -Wall   conftest.c  >&5
configure:4842: $? = 0
configure:4842: ./conftest
configure:4842: $? = 104
configure: program exited with status 104
configure: failed program was:
| /* confdefs.h */
| #define PACKAGE_NAME ""
| #define PACKAGE_TARNAME ""
| #define PACKAGE_VERSION ""
| #define PACKAGE_STRING ""
| #define PACKAGE_BUGREPORT ""
| #define PACKAGE_URL ""
| #define HAVE_LIBPTHREAD 1
| #define STDC_HEADERS 1
| #define HAVE_SYS_TYPES_H 1
| #define HAVE_SYS_STAT_H 1
| #define HAVE_STDLIB_H 1
| #define HAVE_STRING_H 1
| #define HAVE_MEMORY_H 1
| #define HAVE_STRINGS_H 1
| #define HAVE_INTTYPES_H 1
| #define HAVE_STDINT_H 1
| #define HAVE_UNISTD_H 1
| #define SIZEOF_CHAR 1
| #define SIZEOF_SHORT 2
| #define SIZEOF_INT 4
| #define SIZEOF_LONG 8
| #define SIZEOF_LONG_LONG 8
| #define SIZEOF_SIZE_T 8
| #define SIZEOF_VOID_P 8
| #define STDARCH_NULL_IS_ZERO 1
| #define STDARCH_MAX_BYTE_ALIGNMENT 16
| #define STDENDIAN16_SWAP 1
| #define STDENDIAN32_NET0_FROM_HOST 3
| #define STDENDIAN32_HOST3_FROM_NET 0
| #define STDENDIAN32_NET1_FROM_HOST 2
| #define STDENDIAN32_HOST2_FROM_NET 1
| #define STDENDIAN32_NET2_FROM_HOST 1
| #define STDENDIAN32_HOST1_FROM_NET 2
| #define STDENDIAN32_NET3_FROM_HOST 0
| #define STDENDIAN32_HOST0_FROM_NET 3
| #define STDENDIAN64_NET0_FROM_HOST 7
| #define STDENDIAN64_HOST7_FROM_NET 0
| #define STDENDIAN64_NET1_FROM_HOST 6
| #define STDENDIAN64_HOST6_FROM_NET 1
| #define STDENDIAN64_NET2_FROM_HOST 5
| #define STDENDIAN64_HOST5_FROM_NET 2
| /* end confdefs.h.  */
| 
| #include <stdlib.h>
| 
| int main()
| {
| #if defined(_MSC_VER)
|   __int64 x = 0x1;
| #elif (SIZEOF_LONG == 8)
|   long x = 0x1;
| #elif (SIZEOF_LONG_LONG == 8)
|   long long x = 0x1;
| #endif
|   char * xptr = (char*) &x;
|   int        i;
| 
|   x <<= 32;
| 
|   for (i = 0; i < sizeof(x) && xptr[i] == 0; ++i);
| 
|   exit(100 + i);
|   return 100 + i;
| }
| 
configure:4902: gcc -o conftest -g -O2 -Wall   conftest.c  >&5
configure:4902: $? = 0
configure:4902: ./conftest
configure:4902: $? = 103
configure: program exited with status 103
configure: failed program was:
| /* confdefs.h */
| #define PACKAGE_NAME ""
| #define PACKAGE_TARNAME ""
| #define PACKAGE_VERSION ""
| #define PACKAGE_STRING ""
| #define PACKAGE_BUGREPORT ""
| #define PACKAGE_URL ""
| #define HAVE_LIBPTHREAD 1
| #define STDC_HEADERS 1
| #define HAVE_SYS_TYPES_H 1
| #define HAVE_SYS_STAT_H 1
| #define HAVE_STDLIB_H 1
| #define HAVE_STRING_H 1
| #define HAVE_MEMORY_H 1
| #define HAVE_STRINGS_H 1
| #define HAVE_INTTYPES_H 1
| #define HAVE_STDINT_H 1
| #define HAVE_UNISTD_H 1
| #define SIZEOF_CHAR 1
| #define SIZEOF_SHORT 2
| #define SIZEOF_INT 4
| #define SIZEOF_LONG 8
| #define SIZEOF_LONG_LONG 8
| #define SIZEOF_SIZE_T 8
| #define SIZEOF_VOID_P 8
| #define STDARCH_NULL_IS_ZERO 1
| #define STDARCH_MAX_BYTE_ALIGNMENT 16
| #define STDENDIAN16_SWAP 1
| #define STDENDIAN32_NET0_FROM_HOST 3
| #define STDENDIAN32_HOST3_FROM_NET 0
| #define STDENDIAN32_NET1_FROM_HOST 2
| #define STDENDIAN32_HOST2_FROM_NET 1
| #define STDENDIAN32_NET2_FROM_HOST 1
| #define STDENDIAN32_HOST1_FROM_NET 2
| #define STDENDIAN32_NET3_FROM_HOST 0
| #define STDENDIAN32_HOST0_FROM_NET 3
| #define STDENDIAN64_NET0_FROM_HOST 7
| #define STDENDIAN64_HOST7_FROM_NET 0
| #define STDENDIAN64_NET1_FROM_HOST 6
| #define STDENDIAN64_HOST6_FROM_NET 1
| #define STDENDIAN64_NET2_FROM_HOST 5
| #define STDENDIAN64_HOST5_FROM_NET 2
| #define STDENDIAN64_NET3_FROM_HOST 4
| #define STDENDIAN64_HOST4_FROM_NET 3
| /* end confdefs.h.  */
| 
| #include <stdlib.h>
| 
| int main()
| {
| #if defined(_MSC_VER)
|   __int64 x = 0x1;
| #elif (SIZEOF_LONG == 8)
|   long x = 0x1;
| #elif (SIZEOF_LONG_LONG == 8)
|   long long x = 0x1;
| #endif
|   char * xptr = (char*) &x;
|   int        i;
| 
|   x <<= 24;
| 
|   for (i = 0; i < sizeof(x) && xptr[i] == 0; ++i);
| 
|   exit(100 + i);
|   return 100 + i;
| }
| 
configure:4962: gcc -o conftest -g -O2 -Wall   conftest.c  >&5
configure:4962: $? = 0
configure:4962: ./conftest
configure:4962: $? = 102
configure: program exited with status 102
configure: failed program was:
| /* confdefs.h */
| #define PACKAGE_NAME ""
| #define PACKAGE_TARNAME ""
| #define PACKAGE_VERSION ""
| #define PACKAGE_STRING ""
| #define PACKAGE_BUGREPORT ""
| #define PACKAGE_URL ""
| #define HAVE_LIBPTHREAD 1
| #define STDC_HEADERS 1
| #define HAVE_SYS_TYPES_H 1
| #define HAVE_SYS_STAT_H 1
| #define HAVE_STDLIB_H 1
| #define HAVE_STRING_H 1
| #define HAVE_MEMORY_H 1
| #define HAVE_STRINGS_H 1
| #define HAVE_INTTYPES_H 1
| #define HAVE_STDINT_H 1
| #define HAVE_UNISTD_H 1
| #define SIZEOF_CHAR 1
| #define SIZEOF_SHORT 2
| #define SIZEOF_INT 4
| #define SIZEOF_LONG 8
| #define SIZEOF_LONG_LONG 8
| #define SIZEOF_SIZE_T 8
| #define SIZEOF_VOID_P 8
| #define STDARCH_NULL_IS_ZERO 1
| #define STDARCH_MAX_BYTE_ALIGNMENT 16
| #define STDENDIAN16_SWAP 1
| #define STDENDIAN32_NET0_FROM_HOST 3
| #define STDENDIAN32_HOST3_FROM_NET 0
| #define STDENDIAN32_NET1_FROM_HOST 2
| #define STDENDIAN32_HOST2_FROM_NET 1
| #define STDENDIAN32_NET2_FROM_HOST 1
| #define STDENDIAN32_HOST1_FROM_NET 2
| #define STDENDIAN32_NET3_FROM_HOST 0
| #define STDENDIAN32_HOST0_FROM_NET 3
| #define STDENDIAN64_NET0_FROM_HOST 7
| #define STDENDIAN64_HOST7_FROM_NET 0
| #define STDENDIAN64_NET1_FROM_HOST 6
| #define STDENDIAN64_HOST6_FROM_NET 1
| #define STDENDIAN64_NET2_FROM_HOST 5
| #define STDENDIAN64_HOST5_FROM_NET 2
| #define STDENDIAN64_NET3_FROM_HOST 4
| #define STDENDIAN64_HOST4_FROM_NET 3
| #define STDENDIAN64_NET4_FROM_HOST 3
| #define STDENDIAN64_HOST3_FROM_NET 4
| /* end confdefs.h.  */
| 
| #include <stdlib.h>
| 
| int main()
| {
| #if defined(_MSC_VER)
|   __int64 x = 0x1;
| #elif (SIZEOF_LONG == 8)
|   long x = 0x1;
| #elif (SIZEOF_LONG_LONG == 8)
|   long long x = 0x1;
| #endif
|   char * xptr = (char*) &x;
|   int        i;
| 
|   x <<= 16;
| 
|   for (i = 0; i < sizeof(x) && xptr[i] == 0; ++i);
| 
|   exit(100 + i);
|   return 100 + i;
| }
| 
configure:5022: gcc -o conftest -g -O2 -Wall   conftest.c  >&5
configure:5022: $? = 0
configure:5022: ./conftest
configure:5022: $? = 101
configure: program exited with status 101
configure: failed program was:
| /* confdefs.h */
| #define PACKAGE_NAME ""
| #define PACKAGE_TARNAME ""
| #define PACKAGE_VERSION ""
| #define PACKAGE_STRING ""
| #define PACKAGE_BUGREPORT ""
| #define PACKAGE_URL ""
| #define HAVE_LIBPTHREAD 1
| #define STDC_HEADERS 1
| #define HAVE_SYS_TYPES_H 1
| #define HAVE_SYS_STAT_H 1
| #define HAVE_STDLIB_H 1
| #define HAVE_STRING_H 1
| #define HAVE_MEMORY_H 1
| #define HAVE_STRINGS_H 1
| #define HAVE_INTTYPES_H 1
| #define HAVE_STDINT_H 1
| #define HAVE_UNISTD_H 1
| #define SIZEOF_CHAR 1
| #define SIZEOF_SHORT 2
| #define SIZEOF_INT 4
| #define SIZEOF_LONG 8
| #define SIZEOF_LONG_LONG 8
| #define SIZEOF_SIZE_T 8
| #define SIZEOF_VOID_P 8
| #define STDARCH_NULL_IS_ZERO 1
| #define STDARCH_MAX_BYTE_ALIGNMENT 16
| #define STDENDIAN16_SWAP 1
| #define STDENDIAN32_NET0_FROM_HOST 3
| #define STDENDIAN32_HOST3_FROM_NET 0
| #define STDENDIAN32_NET1_FROM_HOST 2
| #define STDENDIAN32_HOST2_FROM_NET 1
| #define STDENDIAN32_NET2_FROM_HOST 1
| #define STDENDIAN32_HOST1_FROM_NET 2
| #define STDENDIAN32_NET3_FROM_HOST 0
| #define STDENDIAN32_HOST0_FROM_NET 3
| #define STDENDIAN64_NET0_FROM_HOST 7
| #define STDENDIAN64_HOST7_FROM_NET 0
| #define STDENDIAN64_NET1_FROM_HOST 6
| #define STDENDIAN64_HOST6_FROM_NET 1
| #define STDENDIAN64_NET2_FROM_HOST 5
| #define STDENDIAN64_HOST5_FROM_NET 2
| #define STDENDIAN64_NET3_FROM_HOST 4
| #define STDENDIAN64_HOST4_FROM_NET 3
| #define STDENDIAN64_NET4_FROM_HOST 3
| #define STDENDIAN64_HOST3_FROM_NET 4
| #define STDENDIAN64_NET5_FROM_HOST 2
| #define STDENDIAN64_HOST2_FROM_NET 5
| /* end confdefs.h.  */
| 
| #include <stdlib.h>
| 
| int main()
| {
| #if defined(_MSC_VER)
|   __int64 x = 0x1;
| #elif (SIZEOF_LONG == 8)
|   long x = 0x1;
| #elif (SIZEOF_LONG_LONG == 8)
|   long long x = 0x1;
| #endif
|   char * xptr = (char*) &x;
|   int        i;
| 
|   x <<= 8;
| 
|   for (i = 0; i < sizeof(x) && xptr[i] == 0; ++i);
| 
|   exit(100 + i);
|   return 100 + i;
| }
| 
configure:5083: gcc -o conftest -g -O2 -Wall   conftest.c  >&5
configure:5083: $? = 0
configure:5083: ./conftest
configure:5083: $? = 100
configure: program exited with status 100
configure: failed program was:
| /* confdefs.h */
| #define PACKAGE_NAME ""
| #define PACKAGE_TARNAME ""
| #define PACKAGE_VERSION ""
| #define PACKAGE_STRING ""
| #define PACKAGE_BUGREPORT ""
| #define PACKAGE_URL ""
| #define HAVE_LIBPTHREAD 1
| #define STDC_HEADERS 1
| #define HAVE_SYS_TYPES_H 1
| #define HAVE_SYS_STAT_H 1
| #define HAVE_STDLIB_H 1
| #define HAVE_STRING_H 1
| #define HAVE_MEMORY_H 1
| #define HAVE_STRINGS_H 1
| #define HAVE_INTTYPES_H 1
| #define HAVE_STDINT_H 1
| #define HAVE_UNISTD_H 1
| #define SIZEOF_CHAR 1
| #define SIZEOF_SHORT 2
| #define SIZEOF_INT 4
| #define SIZEOF_LONG 8
| #define SIZEOF_LONG_LONG 8
| #define SIZEOF_SIZE_T 8
| #define SIZEOF_VOID_P 8
| #define STDARCH_NULL_IS_ZERO 1
| #define STDARCH_MAX_BYTE_ALIGNMENT 16
| #define STDENDIAN16_SWAP 1
| #define STDENDIAN32_NET0_FROM_HOST 3
| #define STDENDIAN32_HOST3_FROM_NET 0
| #define STDENDIAN32_NET1_FROM_HOST 2
| #define STDENDIAN32_HOST2_FROM_NET 1
| #define STDENDIAN32_NET2_FROM_HOST 1
| #define STDENDIAN32_HOST1_FROM_NET 2
| #define STDENDIAN32_NET3_FROM_HOST 0
| #define STDENDIAN32_HOST0_FROM_NET 3
| #define STDENDIAN64_NET0_FROM_HOST 7
| #define STDENDIAN64_HOST7_FROM_NET 0
| #define STDENDIAN64_NET1_FROM_HOST 6
| #define STDENDIAN64_HOST6_FROM_NET 1
| #define STDENDIAN64_NET2_FROM_HOST 5
| #define STDENDIAN64_HOST5_FROM_NET 2
| #define STDENDIAN64_NET3_FROM_HOST 4
| #define STDENDIAN64_HOST4_FROM_NET 3
| #define STDENDIAN64_NET4_FROM_HOST 3
| #define STDENDIAN64_HOST3_FROM_NET 4
| #define STDENDIAN64_NET5_FROM_HOST 2
| #define STDENDIAN64_HOST2_FROM_NET 5
| #define STDENDIAN64_NET6_FROM_HOST 1
| #define STDENDIAN64_HOST1_FROM_NET 6
| /* end confdefs.h.  */
| 
| #include <stdlib.h>
| 
| int main()
| {
| #if defined(_MSC_VER)
|   __int64 x = 0x1;
| #elif (SIZEOF_LONG == 8)
|   long x = 0x1;
| #elif (SIZEOF_LONG_LONG == 8)
|   long long x = 0x1;
| #endif
|   char * xptr = (char*) &x;
|   int        i;
| 
|   x <<= 0;
| 
|   for (i = 0; i < sizeof(x) && xptr[i] == 0; ++i);
| 
|   exit(100 + i);
|   return 100 + i;
| }
| 
configure:5098: result: done
configure:5218: creating ./config.status

## ---------------------- ##
## Running config.status. ##
## ---------------------- ##

This file was extended by config.status, which was
generated by GNU Autoconf 2.69.  Invocation command line was

  CONFIG_FILES    = 
  CONFIG_HEADERS  = 
  CONFIG_LINKS    = 
  CONFIG_COMMANDS = 
  $ ./config.status 

on vm-ubuntu-java11

config.status:853: creating src/Makefile
config.status:853: creating src/stdutil/private/stdarch_autoconf.h

## ---------------- ##
## Cache variables. ##
## ---------------- ##

ac_cv_build=x86_64-unknown-linux-gnu
ac_cv_c_compiler_gnu=yes
ac_cv_env_CC_set=
ac_cv_env_CC_value=
ac_cv_env_CFLAGS_set=
ac_cv_env_CFLAGS_value=
ac_cv_env_CPPFLAGS_set=
ac_cv_env_CPPFLAGS_value=
ac_cv_env_CPP_set=
ac_cv_env_CPP_value=
ac_cv_env_LDFLAGS_set=
ac_cv_env_LDFLAGS_value=
ac_cv_env_LIBS_set=
ac_cv_env_LIBS_value=
ac_cv_env_build_alias_set=
ac_cv_env_build_alias_value=
ac_cv_env_host_alias_set=
ac_cv_env_host_alias_value=
ac_cv_env_target_alias_set=
ac_cv_env_target_alias_value=
ac_cv_header_inttypes_h=yes
ac_cv_header_memory_h=yes
ac_cv_header_stdc=yes
ac_cv_header_stdint_h=yes
ac_cv_header_stdlib_h=yes
ac_cv_header_string_h=yes
ac_cv_header_strings_h=yes
ac_cv_header_sys_stat_h=yes
ac_cv_header_sys_types_h=yes
ac_cv_header_unistd_h=yes
ac_cv_host=x86_64-unknown-linux-gnu
ac_cv_ldflag_pthread=yes
ac_cv_lib_posix4_sem_wait=no
ac_cv_lib_pthread_pthread_create=yes
ac_cv_lib_thread_thr_create=no
ac_cv_objext=o
ac_cv_path_AR=/usr/bin/ar
ac_cv_path_EGREP='/usr/bin/grep -E'
ac_cv_path_GREP=/usr/bin/grep
ac_cv_path_install='/usr/bin/install -c'
ac_cv_prog_CPP='gcc -E'
ac_cv_prog_ac_ct_CC=gcc
ac_cv_prog_cc_c89=
ac_cv_prog_cc_g=yes
ac_cv_search_nanosleep='none required'
ac_cv_search_shm_open=-lrt
ac_cv_sizeof_char=1
ac_cv_sizeof_int=4
ac_cv_sizeof_long=8
ac_cv_sizeof_long_long=8
ac_cv_sizeof_short=2
ac_cv_sizeof_size_t=8
ac_cv_sizeof_void_p=8

## ----------------- ##
## Output variables. ##
## ----------------- ##

AR='/usr/bin/ar'
CC='gcc'
CFLAGS='-g -O2 -Wall'
CPP='gcc -E'
CPPFLAGS=''
DEFS='-DHAVE_CONFIG_H'
DYNLIBEXT='so'
ECHO_C=''
ECHO_N='-n'
ECHO_T=''
EGREP='/usr/bin/grep -E'
EXEEXT=''
GREP='/usr/bin/grep'
INSTALL_DATA='${INSTALL} -m 644'
INSTALL_PROGRAM='${INSTALL}'
INSTALL_SCRIPT='${INSTALL}'
LDFLAGS=''
LIBOBJS=''
LIBS=''
LN_S='ln -s'
LTLIBOBJS=''
OBJEXT='o'
PACKAGE_BUGREPORT=''
PACKAGE_NAME=''
PACKAGE_STRING=''
PACKAGE_TARNAME=''
PACKAGE_URL=''
PACKAGE_VERSION=''
PATH_SEPARATOR=':'
SHARED_LIBS='$(SHARED_LIBS)'
SHCC='gcc'
SHCFLAGS='-g -O2 -Wall -fPIC'
SHCPPFLAGS=''
SHELL='/bin/bash'
SHLD='gcc -shared'
SHLDFLAGS=' '
SHLIBS=''
STANDARD_LIBS='$(STATIC_THREADED_DEBUG_LIB) $(STATIC_THREADED_RELEASE_LIB) $(SHARED_THREADED_DEBUG_LIB) $(SHARED_THREADED_RELEASE_LIB)'
THLDFLAGS='-pthread '
THLIBS='-lrt -lpthread '
ac_ct_CC='gcc'
bindir='${exec_prefix}/bin'
build='x86_64-unknown-linux-gnu'
build_alias=''
build_cpu='x86_64'
build_os='linux-gnu'
build_vendor='unknown'
datadir='${datarootdir}'
datarootdir='${prefix}/share'
docdir='${datarootdir}/doc/${PACKAGE}'
dvidir='${docdir}'
exec_prefix='${prefix}'
host='x86_64-unknown-linux-gnu'
host_alias=''
host_cpu='x86_64'
host_os='linux-gnu'
host_vendor='unknown'
htmldir='${docdir}'
includedir='${prefix}/include'
infodir='${datarootdir}/info'
libdir='${exec_prefix}/lib'
libexecdir='${exec_prefix}/libexec'
localedir='${datarootdir}/locale'
localstatedir='${prefix}/var'
mandir='${datarootdir}/man'
oldincludedir='/usr/include'
pdfdir='${docdir}'
prefix='/usr/local'
program_transform_name='s,x,x,'
psdir='${docdir}'
sbindir='${exec_prefix}/sbin'
sharedstatedir='${prefix}/com'
sysconfdir='${prefix}/etc'
target_alias=''

## ----------- ##
## confdefs.h. ##
## ----------- ##

/* confdefs.h */
#define PACKAGE_NAME ""
#define PACKAGE_TARNAME ""
#define PACKAGE_VERSION ""
#define PACKAGE_STRING ""
#define PACKAGE_BUGREPORT ""
#define PACKAGE_URL ""
#define HAVE_LIBPTHREAD 1
#define STDC_HEADERS 1
#define HAVE_SYS_TYPES_H 1
#define HAVE_SYS_STAT_H 1
#define HAVE_STDLIB_H 1
#define HAVE_STRING_H 1
#define HAVE_MEMORY_H 1
#define HAVE_STRINGS_H 1
#define HAVE_INTTYPES_H 1
#define HAVE_STDINT_H 1
#define HAVE_UNISTD_H 1
#define SIZEOF_CHAR 1
#define SIZEOF_SHORT 2
#define SIZEOF_INT 4
#define SIZEOF_LONG 8
#define SIZEOF_LONG_LONG 8
#define SIZEOF_SIZE_T 8
#define SIZEOF_VOID_P 8
#define STDARCH_NULL_IS_ZERO 1
#define STDARCH_MAX_BYTE_ALIGNMENT 16
#define STDENDIAN16_SWAP 1
#define STDENDIAN32_NET0_FROM_HOST 3
#define STDENDIAN32_HOST3_FROM_NET 0
#define STDENDIAN32_NET1_FROM_HOST 2
#define STDENDIAN32_HOST2_FROM_NET 1
#define STDENDIAN32_NET2_FROM_HOST 1
#define STDENDIAN32_HOST1_FROM_NET 2
#define STDENDIAN32_NET3_FROM_HOST 0
#define STDENDIAN32_HOST0_FROM_NET 3
#define STDENDIAN64_NET0_FROM_HOST 7
#define STDENDIAN64_HOST7_FROM_NET 0
#define STDENDIAN64_NET1_FROM_HOST 6
#define STDENDIAN64_HOST6_FROM_NET 1
#define STDENDIAN64_NET2_FROM_HOST 5
#define STDENDIAN64_HOST5_FROM_NET 2
#define STDENDIAN64_NET3_FROM_HOST 4
#define STDENDIAN64_HOST4_FROM_NET 3
#define STDENDIAN64_NET4_FROM_HOST 3
#define STDENDIAN64_HOST3_FROM_NET 4
#define STDENDIAN64_NET5_FROM_HOST 2
#define STDENDIAN64_HOST2_FROM_NET 5
#define STDENDIAN64_NET6_FROM_HOST 1
#define STDENDIAN64_HOST1_FROM_NET 6
#define STDENDIAN64_NET7_FROM_HOST 0
#define STDENDIAN64_HOST0_FROM_NET 7

configure: exit 0
