This file contains any messages produced by compilers while
running configure, to aid debugging if configure makes a mistake.

It was created by Spread_Util configure 5.0.0, which was
generated by GNU Autoconf 2.69.  Invocation command line was

  $ ./configure --prefix=/usr/local --cache-file=/dev/null --srcdir=.

## --------- ##
## Platform. ##
## --------- ##

hostname = vm-ubuntu-java11
uname -m = x86_64
uname -r = 5.15.0-1047-gcp
uname -s = Linux
uname -v = #55~20.04.1-Ubuntu SMP Wed Nov 15 11:38:25 UTC 2023

/usr/bin/uname -p = x86_64
/bin/uname -X     = unknown

/bin/arch              = x86_64
/usr/bin/arch -k       = unknown
/usr/convex/getsysinfo = unknown
/usr/bin/hostinfo      = unknown
/bin/machine           = unknown
/usr/bin/oslevel       = unknown
/bin/universe          = unknown

PATH: /usr/local/sbin
PATH: /usr/local/bin
PATH: /usr/sbin
PATH: /usr/bin
PATH: /sbin
PATH: /bin
PATH: /usr/games
PATH: /usr/local/games
PATH: /snap/bin


## ----------- ##
## Core tests. ##
## ----------- ##

configure:2357: checking build system type
configure:2371: result: x86_64-unknown-linux-gnu
configure:2391: checking host system type
configure:2404: result: x86_64-unknown-linux-gnu
configure:2480: checking for gcc
configure:2496: found /usr/bin/gcc
configure:2507: result: gcc
configure:2736: checking for C compiler version
configure:2745: gcc --version >&5
gcc (Ubuntu 9.4.0-1ubuntu1~20.04.2) 9.4.0
Copyright (C) 2019 Free Software Foundation, Inc.
This is free software; see the source for copying conditions.  There is NO
warranty; not even for MERCHANTABILITY or FITNESS FOR A PARTICULAR PURPOSE.

configure:2756: $? = 0
configure:2745: gcc -v >&5
Using built-in specs.
COLLECT_GCC=gcc
COLLECT_LTO_WRAPPER=/usr/lib/gcc/x86_64-linux-gnu/9/lto-wrapper
OFFLOAD_TARGET_NAMES=nvptx-none:hsa
OFFLOAD_TARGET_DEFAULT=1
Target: x86_64-linux-gnu
Configured with: ../src/configure -v --with-pkgversion='Ubuntu 9.4.0-1ubuntu1~20.04.2' --with-bugurl=file:///usr/share/doc/gcc-9/README.Bugs --enable-languages=c,ada,c++,go,brig,d,fortran,objc,obj-c++,gm2 --prefix=/usr --with-gcc-major-version-only --program-suffix=-9 --program-prefix=x86_64-linux-gnu- --enable-shared --enable-linker-build-id --libexecdir=/usr/lib --without-included-gettext --enable-threads=posix --libdir=/usr/lib --enable-nls --enable-clocale=gnu --enable-libstdcxx-debug --enable-libstdcxx-time=yes --with-default-libstdcxx-abi=new --enable-gnu-unique-object --disable-vtable-verify --enable-plugin --enable-default-pie --with-system-zlib --with-target-system-zlib=auto --enable-objc-gc=auto --enable-multiarch --disable-werror --with-arch-32=i686 --with-abi=m64 --with-multilib-list=m32,m64,mx32 --enable-multilib --with-tune=generic --enable-offload-targets=nvptx-none=/build/gcc-9-9QDOt0/gcc-9-9.4.0/debian/tmp-nvptx/usr,hsa --without-cuda-driver --enable-checking=release --build=x86_64-linux-gnu --host=x86_64-linux-gnu --target=x86_64-linux-gnu
Thread model: posix
gcc version 9.4.0 (Ubuntu 9.4.0-1ubuntu1~20.04.2) 
configure:2756: $? = 0
configure:2745: gcc -V >&5
gcc: error: unrecognized command line option '-V'
gcc: fatal error: no input files
compilation terminated.
configure:2756: $? = 1
configure:2745: gcc -qversion >&5
gcc: error: unrecognized command line option '-qversion'; did you mean '--version'?
gcc: fatal error: no input files
compilation terminated.
configure:2756: $? = 1
configure:2776: checking whether the C compiler works
configure:2798: gcc    conftest.c  >&5
configure:2802: $? = 0
configure:2850: result: yes
configure:2853: checking for C compiler default output file name
configure:2855: result: a.out
configure:2861: checking for suffix of executables
configure:2868: gcc -o conftest    conftest.c  >&5
configure:2872: $? = 0
configure:2894: result: 
configure:2916: checking whether we are cross compiling
configure:2924: gcc -o conftest    conftest.c  >&5
configure:2928: $? = 0
configure:2935: ./conftest
configure:2939: $? = 0
configure:2927: result: no
configure:2932: checking for suffix of object files
configure:2954: gcc -c   conftest.c >&5
configure:2958: $? = 0
configure:2979: result: o
configure:2983: checking whether we are using the GNU C compiler
configure:3002: gcc -c   conftest.c >&5
configure:3002: $? = 0
configure:3011: result: yes
configure:3020: checking whether gcc accepts -g
configure:3040: gcc -c -g  conftest.c >&5
configure:3040: $? = 0
configure:3081: result: yes
configure:3098: checking for gcc option to accept ISO C89
configure:3161: gcc  -c -g -O2  conftest.c >&5
configure:3161: $? = 0
configure:3174: result: none needed
configure:3200: checking how to run the C preprocessor
configure:3231: gcc -E  conftest.c
configure:3231: $? = 0
configure:3245: gcc -E  conftest.c
conftest.c:9:10: fatal error: ac_nonexistent.h: No such file or directory
    9 | #include <ac_nonexistent.h>
      |          ^~~~~~~~~~~~~~~~~~
compilation terminated.
configure:3245: $? = 1
configure: failed program was:
| /* confdefs.h */
| #define PACKAGE_NAME "Spread_Util"
| #define PACKAGE_TARNAME "spread_util"
| #define PACKAGE_VERSION "5.0.0"
| #define PACKAGE_STRING "Spread_Util 5.0.0"
| #define PACKAGE_BUGREPORT ""
| #define PACKAGE_URL ""
| /* end confdefs.h.  */
| #include <ac_nonexistent.h>
configure:3270: result: gcc -E
configure:3290: gcc -E  conftest.c
configure:3290: $? = 0
configure:3304: gcc -E  conftest.c
conftest.c:9:10: fatal error: ac_nonexistent.h: No such file or directory
    9 | #include <ac_nonexistent.h>
      |          ^~~~~~~~~~~~~~~~~~
compilation terminated.
configure:3304: $? = 1
configure: failed program was:
| /* confdefs.h */
| #define PACKAGE_NAME "Spread_Util"
| #define PACKAGE_TARNAME "spread_util"
| #define PACKAGE_VERSION "5.0.0"
| #define PACKAGE_STRING "Spread_Util 5.0.0"
| #define PACKAGE_BUGREPORT ""
| #define PACKAGE_URL ""
| /* end confdefs.h.  */
| #include <ac_nonexistent.h>
configure:3333: checking for grep that handles long lines and -e
configure:3391: result: /usr/bin/grep
configure:3396: checking for egrep
configure:3458: result: /usr/bin/grep -E
configure:3463: checking for ANSI C header files
configure:3483: gcc -c -g -O2  conftest.c >&5
configure:3483: $? = 0
configure:3556: gcc -o conftest -g -O2   conftest.c  >&5
configure:3556: $? = 0
configure:3556: ./conftest
configure:3556: $? = 0
configure:3567: result: yes
configure:3580: checking for sys/types.h
configure:3580: gcc -c -g -O2  conftest.c >&5
configure:3580: $? = 0
configure:3580: result: yes
configure:3580: checking for sys/stat.h
configure:3580: gcc -c -g -O2  conftest.c >&5
configure:3580: $? = 0
configure:3580: result: yes
configure:3580: checking for stdlib.h
configure:3580: gcc -c -g -O2  conftest.c >&5
configure:3580: $? = 0
configure:3580: result: yes
configure:3580: checking for string.h
configure:3580: gcc -c -g -O2  conftest.c >&5
configure:3580: $? = 0
configure:3580: result: yes
configure:3580: checking for memory.h
configure:3580: gcc -c -g -O2  conftest.c >&5
configure:3580: $? = 0
configure:3580: result: yes
configure:3580: checking for strings.h
configure:3580: gcc -c -g -O2  conftest.c >&5
configure:3580: $? = 0
configure:3580: result: yes
configure:3580: checking for inttypes.h
configure:3580: gcc -c -g -O2  conftest.c >&5
configure:3580: $? = 0
configure:3580: result: yes
configure:3580: checking for stdint.h
configure:3580: gcc -c -g -O2  conftest.c >&5
configure:3580: $? = 0
configure:3580: result: yes
configure:3580: checking for unistd.h
configure:3580: gcc -c -g -O2  conftest.c >&5
configure:3580: $? = 0
configure:3580: result: yes
configure:3592: checking whether byte ordering is bigendian
configure:3607: gcc -c -g -O2  conftest.c >&5
conftest.c:20:9: error: unknown type name 'not'
   20 |         not a universal capable compiler
      |         ^~~
conftest.c:20:15: error: expected '=', ',', ';', 'asm' or '__attribute__' before 'universal'
   20 |         not a universal capable compiler
      |               ^~~~~~~~~
conftest.c:20:15: error: unknown type name 'universal'
configure:3607: $? = 1
configure: failed program was:
| /* confdefs.h */
| #define PACKAGE_NAME "Spread_Util"
| #define PACKAGE_TARNAME "spread_util"
| #define PACKAGE_VERSION "5.0.0"
| #define PACKAGE_STRING "Spread_Util 5.0.0"
| #define PACKAGE_BUGREPORT ""
| #define PACKAGE_URL ""
| #define STDC_HEADERS 1
| #define HAVE_SYS_TYPES_H 1
| #define HAVE_SYS_STAT_H 1
| #define HAVE_STDLIB_H 1
| #define HAVE_STRING_H 1
| #define HAVE_MEMORY_H 1
| #define HAVE_STRINGS_H 1
| #define HAVE_INTTYPES_H 1
| #define HAVE_STDINT_H 1
| #define HAVE_UNISTD_H 1
| /* end confdefs.h.  */
| #ifndef __APPLE_CC__
| 	       not a universal capable compiler
| 	     #endif
| 	     typedef int dummy;
| 
configure:3652: gcc -c -g -O2  conftest.c >&5
configure:3652: $? = 0
configure:3670: gcc -c -g -O2  conftest.c >&5
conftest.c: In function 'main':
conftest.c:26:4: error: unknown type name 'not'; did you mean 'ino_t'?
   26 |    not big endian
      |    ^~~
      |    ino_t
conftest.c:26:12: error: expected '=', ',', ';', 'asm' or '__attribute__' before 'endian'
   26 |    not big endian
      |            ^~~~~~
configure:3670: $? = 1
configure: failed program was:
| /* confdefs.h */
| #define PACKAGE_NAME "Spread_Util"
| #define PACKAGE_TARNAME "spread_util"
| #define PACKAGE_VERSION "5.0.0"
| #define PACKAGE_STRING "Spread_Util 5.0.0"
| #define PACKAGE_BUGREPORT ""
| #define PACKAGE_URL ""
| #define STDC_HEADERS 1
| #define HAVE_SYS_TYPES_H 1
| #define HAVE_SYS_STAT_H 1
| #define HAVE_STDLIB_H 1
| #define HAVE_STRING_H 1
| #define HAVE_MEMORY_H 1
| #define HAVE_STRINGS_H 1
| #define HAVE_INTTYPES_H 1
| #define HAVE_STDINT_H 1
| #define HAVE_UNISTD_H 1
| /* end confdefs.h.  */
| #include <sys/types.h>
| 		#include <sys/param.h>
| 
| int
| main ()
| {
| #if BYTE_ORDER != BIG_ENDIAN
| 		 not big endian
| 		#endif
| 
|   ;
|   return 0;
| }
configure:3798: result: no
configure:3823: checking how to run the C preprocessor
configure:3893: result: gcc -E
configure:3913: gcc -E  conftest.c
configure:3913: $? = 0
configure:3927: gcc -E  conftest.c
conftest.c:19:10: fatal error: ac_nonexistent.h: No such file or directory
   19 | #include <ac_nonexistent.h>
      |          ^~~~~~~~~~~~~~~~~~
compilation terminated.
configure:3927: $? = 1
configure: failed program was:
| /* confdefs.h */
| #define PACKAGE_NAME "Spread_Util"
| #define PACKAGE_TARNAME "spread_util"
| #define PACKAGE_VERSION "5.0.0"
| #define PACKAGE_STRING "Spread_Util 5.0.0"
| #define PACKAGE_BUGREPORT ""
| #define PACKAGE_URL ""
| #define STDC_HEADERS 1
| #define HAVE_SYS_TYPES_H 1
| #define HAVE_SYS_STAT_H 1
| #define HAVE_STDLIB_H 1
| #define HAVE_STRING_H 1
| #define HAVE_MEMORY_H 1
| #define HAVE_STRINGS_H 1
| #define HAVE_INTTYPES_H 1
| #define HAVE_STDINT_H 1
| #define HAVE_UNISTD_H 1
| /* end confdefs.h.  */
| #include <ac_nonexistent.h>
configure:3998: checking for ranlib
configure:4014: found /usr/bin/ranlib
configure:4025: result: ranlib
configure:4061: checking for a BSD-compatible install
configure:4129: result: /usr/bin/install -c
configure:4140: checking whether ln -s works
configure:4144: result: yes
configure:4153: checking for ar
configure:4171: found /usr/bin/ar
configure:4183: result: /usr/bin/ar
configure:4195: checking for perl5
configure:4228: result: no
configure:4195: checking for perl
configure:4213: found /usr/bin/perl
configure:4225: result: /usr/bin/perl
configure:4248: checking for inline
configure:4264: gcc -c -g -O2  conftest.c >&5
configure:4264: $? = 0
configure:4272: result: inline
configure:4343: checking if we need -pthread for threads
configure:4361: gcc -o conftest -g -O2 -Wall  -pthread  conftest.c  >&5
configure:4361: $? = 0
configure:4373: result: yes
configure:4386: checking for pthread_create in -lpthread
configure:4411: gcc -o conftest -g -O2 -Wall   conftest.c -lpthread   >&5
configure:4411: $? = 0
configure:4420: result: yes
configure:4431: checking for thr_create in -lthread
configure:4456: gcc -o conftest -g -O2 -Wall   conftest.c -lthread  -lpthread  >&5
/usr/bin/ld: cannot find -lthread
collect2: error: ld returned 1 exit status
configure:4456: $? = 1
configure: failed program was:
| /* confdefs.h */
| #define PACKAGE_NAME "Spread_Util"
| #define PACKAGE_TARNAME "spread_util"
| #define PACKAGE_VERSION "5.0.0"
| #define PACKAGE_STRING "Spread_Util 5.0.0"
| #define PACKAGE_BUGREPORT ""
| #define PACKAGE_URL ""
| #define STDC_HEADERS 1
| #define HAVE_SYS_TYPES_H 1
| #define HAVE_SYS_STAT_H 1
| #define HAVE_STDLIB_H 1
| #define HAVE_STRING_H 1
| #define HAVE_MEMORY_H 1
| #define HAVE_STRINGS_H 1
| #define HAVE_INTTYPES_H 1
| #define HAVE_STDINT_H 1
| #define HAVE_UNISTD_H 1
| #define HAVE_LIBPTHREAD 1
| /* end confdefs.h.  */
| 
| /* Override any GCC internal prototype to avoid an error.
|    Use char because int might match the return type of a GCC
|    builtin and then its argument prototype would still apply.  */
| #ifdef __cplusplus
| extern "C"
| #endif
| char thr_create ();
| int
| main ()
| {
| return thr_create ();
|   ;
|   return 0;
| }
configure:4465: result: no
configure:4476: checking for sem_wait in -lposix4
configure:4501: gcc -o conftest -g -O2 -Wall   conftest.c -lposix4  -lpthread  >&5
/usr/bin/ld: cannot find -lposix4
collect2: error: ld returned 1 exit status
configure:4501: $? = 1
configure: failed program was:
| /* confdefs.h */
| #define PACKAGE_NAME "Spread_Util"
| #define PACKAGE_TARNAME "spread_util"
| #define PACKAGE_VERSION "5.0.0"
| #define PACKAGE_STRING "Spread_Util 5.0.0"
| #define PACKAGE_BUGREPORT ""
| #define PACKAGE_URL ""
| #define STDC_HEADERS 1
| #define HAVE_SYS_TYPES_H 1
| #define HAVE_SYS_STAT_H 1
| #define HAVE_STDLIB_H 1
| #define HAVE_STRING_H 1
| #define HAVE_MEMORY_H 1
| #define HAVE_STRINGS_H 1
| #define HAVE_INTTYPES_H 1
| #define HAVE_STDINT_H 1
| #define HAVE_UNISTD_H 1
| #define HAVE_LIBPTHREAD 1
| /* end confdefs.h.  */
| 
| /* Override any GCC internal prototype to avoid an error.
|    Use char because int might match the return type of a GCC
|    builtin and then its argument prototype would still apply.  */
| #ifdef __cplusplus
| extern "C"
| #endif
| char sem_wait ();
| int
| main ()
| {
| return sem_wait ();
|   ;
|   return 0;
| }
configure:4510: result: no
configure:4525: checking for pthread_atfork
configure:4525: gcc -o conftest -g -O2 -Wall   conftest.c -lpthread  >&5
configure:4525: $? = 0
configure:4525: result: yes
configure:4536: checking for gethostbyaddr in -lnsl
configure:4561: gcc -o conftest -g -O2 -Wall   conftest.c -lnsl   >&5
configure:4561: $? = 0
configure:4570: result: yes
configure:4581: checking for socket in -lsocket
configure:4606: gcc -o conftest -g -O2 -Wall   conftest.c -lsocket  -lnsl  >&5
/usr/bin/ld: cannot find -lsocket
collect2: error: ld returned 1 exit status
configure:4606: $? = 1
configure: failed program was:
| /* confdefs.h */
| #define PACKAGE_NAME "Spread_Util"
| #define PACKAGE_TARNAME "spread_util"
| #define PACKAGE_VERSION "5.0.0"
| #define PACKAGE_STRING "Spread_Util 5.0.0"
| #define PACKAGE_BUGREPORT ""
| #define PACKAGE_URL ""
| #define STDC_HEADERS 1
| #define HAVE_SYS_TYPES_H 1
| #define HAVE_SYS_STAT_H 1
| #define HAVE_STDLIB_H 1
| #define HAVE_STRING_H 1
| #define HAVE_MEMORY_H 1
| #define HAVE_STRINGS_H 1
| #define HAVE_INTTYPES_H 1
| #define HAVE_STDINT_H 1
| #define HAVE_UNISTD_H 1
| #define HAVE_LIBPTHREAD 1
| #define HAVE_PTHREAD_ATFORK 1
| #define HAVE_LIBNSL 1
| /* end confdefs.h.  */
| 
| /* Override any GCC internal prototype to avoid an error.
|    Use char because int might match the return type of a GCC
|    builtin and then its argument prototype would still apply.  */
| #ifdef __cplusplus
| extern "C"
| #endif
| char socket ();
| int
| main ()
| {
| return socket ();
|   ;
|   return 0;
| }
configure:4615: result: no
configure:4626: checking for library containing shm_open
configure:4657: gcc -o conftest -g -O2 -Wall   conftest.c -lnsl  >&5
/usr/bin/ld: /tmp/ccsqjeTC.o: in function `main':
/usr/local/spread/spread-src-5.0.1/libspread-util/conftest.c:33: undefined reference to `shm_open'
collect2: error: ld returned 1 exit status
configure:4657: $? = 1
configure: failed program was:
| /* confdefs.h */
| #define PACKAGE_NAME "Spread_Util"
| #define PACKAGE_TARNAME "spread_util"
| #define PACKAGE_VERSION "5.0.0"
| #define PACKAGE_STRING "Spread_Util 5.0.0"
| #define PACKAGE_BUGREPORT ""
| #define PACKAGE_URL ""
| #define STDC_HEADERS 1
| #define HAVE_SYS_TYPES_H 1
| #define HAVE_SYS_STAT_H 1
| #define HAVE_STDLIB_H 1
| #define HAVE_STRING_H 1
| #define HAVE_MEMORY_H 1
| #define HAVE_STRINGS_H 1
| #define HAVE_INTTYPES_H 1
| #define HAVE_STDINT_H 1
| #define HAVE_UNISTD_H 1
| #define HAVE_LIBPTHREAD 1
| #define HAVE_PTHREAD_ATFORK 1
| #define HAVE_LIBNSL 1
| /* end confdefs.h.  */
| 
| /* Override any GCC internal prototype to avoid an error.
|    Use char because int might match the return type of a GCC
|    builtin and then its argument prototype would still apply.  */
| #ifdef __cplusplus
| extern "C"
| #endif
| char shm_open ();
| int
| main ()
| {
| return shm_open ();
|   ;
|   return 0;
| }
configure:4657: gcc -o conftest -g -O2 -Wall   conftest.c -lrt  -lnsl  >&5
configure:4657: $? = 0
configure:4674: result: -lrt
configure:4682: checking for library containing nanosleep
configure:4713: gcc -o conftest -g -O2 -Wall   conftest.c -lrt -lnsl  >&5
configure:4713: $? = 0
configure:4730: result: none required
configure:4738: checking for sqrt in -lm
configure:4763: gcc -o conftest -g -O2 -Wall   conftest.c -lm  -lrt -lnsl  >&5
conftest.c:29:6: warning: conflicting types for built-in function 'sqrt'; expected 'double(double)' [-Wbuiltin-declaration-mismatch]
   29 | char sqrt ();
      |      ^~~~
conftest.c:1:1: note: 'sqrt' is declared in header '<math.h>'
    1 | /* confdefs.h */
configure:4763: $? = 0
configure:4772: result: yes
configure:4786: checking for strftime
configure:4786: gcc -o conftest -g -O2 -Wall   conftest.c -lm -lrt -lnsl  >&5
conftest.c:46:6: warning: conflicting types for built-in function 'strftime'; expected 'long unsigned int(char *, long unsigned int,  const char *, const void *)' [-Wbuiltin-declaration-mismatch]
   46 | char strftime ();
      |      ^~~~~~~~
conftest.c:34:1: note: 'strftime' is declared in header '<time.h>'
   33 | # include <limits.h>
   34 | #else
configure:4786: $? = 0
configure:4786: result: yes
configure:4844: checking arpa/inet.h usability
configure:4844: gcc -c -g -O2 -Wall  conftest.c >&5
configure:4844: $? = 0
configure:4844: result: yes
configure:4844: checking arpa/inet.h presence
configure:4844: gcc -E  conftest.c
configure:4844: $? = 0
configure:4844: result: yes
configure:4844: checking for arpa/inet.h
configure:4844: result: yes
configure:4844: checking assert.h usability
configure:4844: gcc -c -g -O2 -Wall  conftest.c >&5
configure:4844: $? = 0
configure:4844: result: yes
configure:4844: checking assert.h presence
configure:4844: gcc -E  conftest.c
configure:4844: $? = 0
configure:4844: result: yes
configure:4844: checking for assert.h
configure:4844: result: yes
configure:4844: checking errno.h usability
configure:4844: gcc -c -g -O2 -Wall  conftest.c >&5
configure:4844: $? = 0
configure:4844: result: yes
configure:4844: checking errno.h presence
configure:4844: gcc -E  conftest.c
configure:4844: $? = 0
configure:4844: result: yes
configure:4844: checking for errno.h
configure:4844: result: yes
configure:4844: checking grp.h usability
configure:4844: gcc -c -g -O2 -Wall  conftest.c >&5
configure:4844: $? = 0
configure:4844: result: yes
configure:4844: checking grp.h presence
configure:4844: gcc -E  conftest.c
configure:4844: $? = 0
configure:4844: result: yes
configure:4844: checking for grp.h
configure:4844: result: yes
configure:4844: checking limits.h usability
configure:4844: gcc -c -g -O2 -Wall  conftest.c >&5
configure:4844: $? = 0
configure:4844: result: yes
configure:4844: checking limits.h presence
configure:4844: gcc -E  conftest.c
configure:4844: $? = 0
configure:4844: result: yes
configure:4844: checking for limits.h
configure:4844: result: yes
configure:4844: checking netdb.h usability
configure:4844: gcc -c -g -O2 -Wall  conftest.c >&5
configure:4844: $? = 0
configure:4844: result: yes
configure:4844: checking netdb.h presence
configure:4844: gcc -E  conftest.c
configure:4844: $? = 0
configure:4844: result: yes
configure:4844: checking for netdb.h
configure:4844: result: yes
configure:4844: checking netinet/in.h usability
configure:4844: gcc -c -g -O2 -Wall  conftest.c >&5
configure:4844: $? = 0
configure:4844: result: yes
configure:4844: checking netinet/in.h presence
configure:4844: gcc -E  conftest.c
configure:4844: $? = 0
configure:4844: result: yes
configure:4844: checking for netinet/in.h
configure:4844: result: yes
configure:4844: checking netinet/tcp.h usability
configure:4844: gcc -c -g -O2 -Wall  conftest.c >&5
configure:4844: $? = 0
configure:4844: result: yes
configure:4844: checking netinet/tcp.h presence
configure:4844: gcc -E  conftest.c
configure:4844: $? = 0
configure:4844: result: yes
configure:4844: checking for netinet/tcp.h
configure:4844: result: yes
configure:4844: checking process.h usability
configure:4844: gcc -c -g -O2 -Wall  conftest.c >&5
conftest.c:65:10: fatal error: process.h: No such file or directory
   65 | #include <process.h>
      |          ^~~~~~~~~~~
compilation terminated.
configure:4844: $? = 1
configure: failed program was:
| /* confdefs.h */
| #define PACKAGE_NAME "Spread_Util"
| #define PACKAGE_TARNAME "spread_util"
| #define PACKAGE_VERSION "5.0.0"
| #define PACKAGE_STRING "Spread_Util 5.0.0"
| #define PACKAGE_BUGREPORT ""
| #define PACKAGE_URL ""
| #define STDC_HEADERS 1
| #define HAVE_SYS_TYPES_H 1
| #define HAVE_SYS_STAT_H 1
| #define HAVE_STDLIB_H 1
| #define HAVE_STRING_H 1
| #define HAVE_MEMORY_H 1
| #define HAVE_STRINGS_H 1
| #define HAVE_INTTYPES_H 1
| #define HAVE_STDINT_H 1
| #define HAVE_UNISTD_H 1
| #define HAVE_LIBPTHREAD 1
| #define HAVE_PTHREAD_ATFORK 1
| #define HAVE_LIBNSL 1
| #define HAVE_LIBM 1
| #define HAVE_STRFTIME 1
| #define HAVE_ARPA_INET_H 1
| #define HAVE_ASSERT_H 1
| #define HAVE_ERRNO_H 1
| #define HAVE_GRP_H 1
| #define HAVE_LIMITS_H 1
| #define HAVE_NETDB_H 1
| #define HAVE_NETINET_IN_H 1
| #define HAVE_NETINET_TCP_H 1
| /* end confdefs.h.  */
| #include <stdio.h>
| #ifdef HAVE_SYS_TYPES_H
| # include <sys/types.h>
| #endif
| #ifdef HAVE_SYS_STAT_H
| # include <sys/stat.h>
| #endif
| #ifdef STDC_HEADERS
| # include <stdlib.h>
| # include <stddef.h>
| #else
| # ifdef HAVE_STDLIB_H
| #  include <stdlib.h>
| # endif
| #endif
| #ifdef HAVE_STRING_H
| # if !defined STDC_HEADERS && defined HAVE_MEMORY_H
| #  include <memory.h>
| # endif
| # include <string.h>
| #endif
| #ifdef HAVE_STRINGS_H
| # include <strings.h>
| #endif
| #ifdef HAVE_INTTYPES_H
| # include <inttypes.h>
| #endif
| #ifdef HAVE_STDINT_H
| # include <stdint.h>
| #endif
| #ifdef HAVE_UNISTD_H
| # include <unistd.h>
| #endif
| #include <process.h>
configure:4844: result: no
configure:4844: checking process.h presence
configure:4844: gcc -E  conftest.c
conftest.c:32:10: fatal error: process.h: No such file or directory
   32 | #include <process.h>
      |          ^~~~~~~~~~~
compilation terminated.
configure:4844: $? = 1
configure: failed program was:
| /* confdefs.h */
| #define PACKAGE_NAME "Spread_Util"
| #define PACKAGE_TARNAME "spread_util"
| #define PACKAGE_VERSION "5.0.0"
| #define PACKAGE_STRING "Spread_Util 5.0.0"
| #define PACKAGE_BUGREPORT ""
| #define PACKAGE_URL ""
| #define STDC_HEADERS 1
| #define HAVE_SYS_TYPES_H 1
| #define HAVE_SYS_STAT_H 1
| #define HAVE_STDLIB_H 1
| #define HAVE_STRING_H 1
| #define HAVE_MEMORY_H 1
| #define HAVE_STRINGS_H 1
| #define HAVE_INTTYPES_H 1
| #define HAVE_STDINT_H 1
| #define HAVE_UNISTD_H 1
| #define HAVE_LIBPTHREAD 1
| #define HAVE_PTHREAD_ATFORK 1
| #define HAVE_LIBNSL 1
| #define HAVE_LIBM 1
| #define HAVE_STRFTIME 1
| #define HAVE_ARPA_INET_H 1
| #define HAVE_ASSERT_H 1
| #define HAVE_ERRNO_H 1
| #define HAVE_GRP_H 1
| #define HAVE_LIMITS_H 1
| #define HAVE_NETDB_H 1
| #define HAVE_NETINET_IN_H 1
| #define HAVE_NETINET_TCP_H 1
| /* end confdefs.h.  */
| #include <process.h>
configure:4844: result: no
configure:4844: checking for process.h
configure:4844: result: no
configure:4844: checking pthread.h usability
configure:4844: gcc -c -g -O2 -Wall  conftest.c >&5
configure:4844: $? = 0
configure:4844: result: yes
configure:4844: checking pthread.h presence
configure:4844: gcc -E  conftest.c
configure:4844: $? = 0
configure:4844: result: yes
configure:4844: checking for pthread.h
configure:4844: result: yes
configure:4844: checking pwd.h usability
configure:4844: gcc -c -g -O2 -Wall  conftest.c >&5
configure:4844: $? = 0
configure:4844: result: yes
configure:4844: checking pwd.h presence
configure:4844: gcc -E  conftest.c
configure:4844: $? = 0
configure:4844: result: yes
configure:4844: checking for pwd.h
configure:4844: result: yes
configure:4844: checking signal.h usability
configure:4844: gcc -c -g -O2 -Wall  conftest.c >&5
configure:4844: $? = 0
configure:4844: result: yes
configure:4844: checking signal.h presence
configure:4844: gcc -E  conftest.c
configure:4844: $? = 0
configure:4844: result: yes
configure:4844: checking for signal.h
configure:4844: result: yes
configure:4844: checking stdarg.h usability
configure:4844: gcc -c -g -O2 -Wall  conftest.c >&5
configure:4844: $? = 0
configure:4844: result: yes
configure:4844: checking stdarg.h presence
configure:4844: gcc -E  conftest.c
configure:4844: $? = 0
configure:4844: result: yes
configure:4844: checking for stdarg.h
configure:4844: result: yes
configure:4844: checking for stdint.h
configure:4844: result: yes
configure:4844: checking stdio.h usability
configure:4844: gcc -c -g -O2 -Wall  conftest.c >&5
configure:4844: $? = 0
configure:4844: result: yes
configure:4844: checking stdio.h presence
configure:4844: gcc -E  conftest.c
configure:4844: $? = 0
configure:4844: result: yes
configure:4844: checking for stdio.h
configure:4844: result: yes
configure:4844: checking for stdlib.h
configure:4844: result: yes
configure:4844: checking for string.h
configure:4844: result: yes
configure:4844: checking sys/inttypes.h usability
configure:4844: gcc -c -g -O2 -Wall  conftest.c >&5
conftest.c:73:10: fatal error: sys/inttypes.h: No such file or directory
   73 | #include <sys/inttypes.h>
      |          ^~~~~~~~~~~~~~~~
compilation terminated.
configure:4844: $? = 1
configure: failed program was:
| /* confdefs.h */
| #define PACKAGE_NAME "Spread_Util"
| #define PACKAGE_TARNAME "spread_util"
| #define PACKAGE_VERSION "5.0.0"
| #define PACKAGE_STRING "Spread_Util 5.0.0"
| #define PACKAGE_BUGREPORT ""
| #define PACKAGE_URL ""
| #define STDC_HEADERS 1
| #define HAVE_SYS_TYPES_H 1
| #define HAVE_SYS_STAT_H 1
| #define HAVE_STDLIB_H 1
| #define HAVE_STRING_H 1
| #define HAVE_MEMORY_H 1
| #define HAVE_STRINGS_H 1
| #define HAVE_INTTYPES_H 1
| #define HAVE_STDINT_H 1
| #define HAVE_UNISTD_H 1
| #define HAVE_LIBPTHREAD 1
| #define HAVE_PTHREAD_ATFORK 1
| #define HAVE_LIBNSL 1
| #define HAVE_LIBM 1
| #define HAVE_STRFTIME 1
| #define HAVE_ARPA_INET_H 1
| #define HAVE_ASSERT_H 1
| #define HAVE_ERRNO_H 1
| #define HAVE_GRP_H 1
| #define HAVE_LIMITS_H 1
| #define HAVE_NETDB_H 1
| #define HAVE_NETINET_IN_H 1
| #define HAVE_NETINET_TCP_H 1
| #define HAVE_PTHREAD_H 1
| #define HAVE_PWD_H 1
| #define HAVE_SIGNAL_H 1
| #define HAVE_STDARG_H 1
| #define HAVE_STDINT_H 1
| #define HAVE_STDIO_H 1
| #define HAVE_STDLIB_H 1
| #define HAVE_STRING_H 1
| /* end confdefs.h.  */
| #include <stdio.h>
| #ifdef HAVE_SYS_TYPES_H
| # include <sys/types.h>
| #endif
| #ifdef HAVE_SYS_STAT_H
| # include <sys/stat.h>
| #endif
| #ifdef STDC_HEADERS
| # include <stdlib.h>
| # include <stddef.h>
| #else
| # ifdef HAVE_STDLIB_H
| #  include <stdlib.h>
| # endif
| #endif
| #ifdef HAVE_STRING_H
| # if !defined STDC_HEADERS && defined HAVE_MEMORY_H
| #  include <memory.h>
| # endif
| # include <string.h>
| #endif
| #ifdef HAVE_STRINGS_H
| # include <strings.h>
| #endif
| #ifdef HAVE_INTTYPES_H
| # include <inttypes.h>
| #endif
| #ifdef HAVE_STDINT_H
| # include <stdint.h>
| #endif
| #ifdef HAVE_UNISTD_H
| # include <unistd.h>
| #endif
| #include <sys/inttypes.h>
configure:4844: result: no
configure:4844: checking sys/inttypes.h presence
configure:4844: gcc -E  conftest.c
conftest.c:40:10: fatal error: sys/inttypes.h: No such file or directory
   40 | #include <sys/inttypes.h>
      |          ^~~~~~~~~~~~~~~~
compilation terminated.
configure:4844: $? = 1
configure: failed program was:
| /* confdefs.h */
| #define PACKAGE_NAME "Spread_Util"
| #define PACKAGE_TARNAME "spread_util"
| #define PACKAGE_VERSION "5.0.0"
| #define PACKAGE_STRING "Spread_Util 5.0.0"
| #define PACKAGE_BUGREPORT ""
| #define PACKAGE_URL ""
| #define STDC_HEADERS 1
| #define HAVE_SYS_TYPES_H 1
| #define HAVE_SYS_STAT_H 1
| #define HAVE_STDLIB_H 1
| #define HAVE_STRING_H 1
| #define HAVE_MEMORY_H 1
| #define HAVE_STRINGS_H 1
| #define HAVE_INTTYPES_H 1
| #define HAVE_STDINT_H 1
| #define HAVE_UNISTD_H 1
| #define HAVE_LIBPTHREAD 1
| #define HAVE_PTHREAD_ATFORK 1
| #define HAVE_LIBNSL 1
| #define HAVE_LIBM 1
| #define HAVE_STRFTIME 1
| #define HAVE_ARPA_INET_H 1
| #define HAVE_ASSERT_H 1
| #define HAVE_ERRNO_H 1
| #define HAVE_GRP_H 1
| #define HAVE_LIMITS_H 1
| #define HAVE_NETDB_H 1
| #define HAVE_NETINET_IN_H 1
| #define HAVE_NETINET_TCP_H 1
| #define HAVE_PTHREAD_H 1
| #define HAVE_PWD_H 1
| #define HAVE_SIGNAL_H 1
| #define HAVE_STDARG_H 1
| #define HAVE_STDINT_H 1
| #define HAVE_STDIO_H 1
| #define HAVE_STDLIB_H 1
| #define HAVE_STRING_H 1
| /* end confdefs.h.  */
| #include <sys/inttypes.h>
configure:4844: result: no
configure:4844: checking for sys/inttypes.h
configure:4844: result: no
configure:4844: checking sys/ioctl.h usability
configure:4844: gcc -c -g -O2 -Wall  conftest.c >&5
configure:4844: $? = 0
configure:4844: result: yes
configure:4844: checking sys/ioctl.h presence
configure:4844: gcc -E  conftest.c
configure:4844: $? = 0
configure:4844: result: yes
configure:4844: checking for sys/ioctl.h
configure:4844: result: yes
configure:4844: checking sys/param.h usability
configure:4844: gcc -c -g -O2 -Wall  conftest.c >&5
configure:4844: $? = 0
configure:4844: result: yes
configure:4844: checking sys/param.h presence
configure:4844: gcc -E  conftest.c
configure:4844: $? = 0
configure:4844: result: yes
configure:4844: checking for sys/param.h
configure:4844: result: yes
configure:4844: checking sys/socket.h usability
configure:4844: gcc -c -g -O2 -Wall  conftest.c >&5
configure:4844: $? = 0
configure:4844: result: yes
configure:4844: checking sys/socket.h presence
configure:4844: gcc -E  conftest.c
configure:4844: $? = 0
configure:4844: result: yes
configure:4844: checking for sys/socket.h
configure:4844: result: yes
configure:4844: checking for sys/stat.h
configure:4844: result: yes
configure:4844: checking sys/time.h usability
configure:4844: gcc -c -g -O2 -Wall  conftest.c >&5
configure:4844: $? = 0
configure:4844: result: yes
configure:4844: checking sys/time.h presence
configure:4844: gcc -E  conftest.c
configure:4844: $? = 0
configure:4844: result: yes
configure:4844: checking for sys/time.h
configure:4844: result: yes
configure:4844: checking sys/timeb.h usability
configure:4844: gcc -c -g -O2 -Wall  conftest.c >&5
configure:4844: $? = 0
configure:4844: result: yes
configure:4844: checking sys/timeb.h presence
configure:4844: gcc -E  conftest.c
configure:4844: $? = 0
configure:4844: result: yes
configure:4844: checking for sys/timeb.h
configure:4844: result: yes
configure:4844: checking for sys/types.h
configure:4844: result: yes
configure:4844: checking sys/uio.h usability
configure:4844: gcc -c -g -O2 -Wall  conftest.c >&5
configure:4844: $? = 0
configure:4844: result: yes
configure:4844: checking sys/uio.h presence
configure:4844: gcc -E  conftest.c
configure:4844: $? = 0
configure:4844: result: yes
configure:4844: checking for sys/uio.h
configure:4844: result: yes
configure:4844: checking sys/un.h usability
configure:4844: gcc -c -g -O2 -Wall  conftest.c >&5
configure:4844: $? = 0
configure:4844: result: yes
configure:4844: checking sys/un.h presence
configure:4844: gcc -E  conftest.c
configure:4844: $? = 0
configure:4844: result: yes
configure:4844: checking for sys/un.h
configure:4844: result: yes
configure:4844: checking sys/filio.h usability
configure:4844: gcc -c -g -O2 -Wall  conftest.c >&5
conftest.c:82:10: fatal error: sys/filio.h: No such file or directory
   82 | #include <sys/filio.h>
      |          ^~~~~~~~~~~~~
compilation terminated.
configure:4844: $? = 1
configure: failed program was:
| /* confdefs.h */
| #define PACKAGE_NAME "Spread_Util"
| #define PACKAGE_TARNAME "spread_util"
| #define PACKAGE_VERSION "5.0.0"
| #define PACKAGE_STRING "Spread_Util 5.0.0"
| #define PACKAGE_BUGREPORT ""
| #define PACKAGE_URL ""
| #define STDC_HEADERS 1
| #define HAVE_SYS_TYPES_H 1
| #define HAVE_SYS_STAT_H 1
| #define HAVE_STDLIB_H 1
| #define HAVE_STRING_H 1
| #define HAVE_MEMORY_H 1
| #define HAVE_STRINGS_H 1
| #define HAVE_INTTYPES_H 1
| #define HAVE_STDINT_H 1
| #define HAVE_UNISTD_H 1
| #define HAVE_LIBPTHREAD 1
| #define HAVE_PTHREAD_ATFORK 1
| #define HAVE_LIBNSL 1
| #define HAVE_LIBM 1
| #define HAVE_STRFTIME 1
| #define HAVE_ARPA_INET_H 1
| #define HAVE_ASSERT_H 1
| #define HAVE_ERRNO_H 1
| #define HAVE_GRP_H 1
| #define HAVE_LIMITS_H 1
| #define HAVE_NETDB_H 1
| #define HAVE_NETINET_IN_H 1
| #define HAVE_NETINET_TCP_H 1
| #define HAVE_PTHREAD_H 1
| #define HAVE_PWD_H 1
| #define HAVE_SIGNAL_H 1
| #define HAVE_STDARG_H 1
| #define HAVE_STDINT_H 1
| #define HAVE_STDIO_H 1
| #define HAVE_STDLIB_H 1
| #define HAVE_STRING_H 1
| #define HAVE_SYS_IOCTL_H 1
| #define HAVE_SYS_PARAM_H 1
| #define HAVE_SYS_SOCKET_H 1
| #define HAVE_SYS_STAT_H 1
| #define HAVE_SYS_TIME_H 1
| #define HAVE_SYS_TIMEB_H 1
| #define HAVE_SYS_TYPES_H 1
| #define HAVE_SYS_UIO_H 1
| #define HAVE_SYS_UN_H 1
| /* end confdefs.h.  */
| #include <stdio.h>
| #ifdef HAVE_SYS_TYPES_H
| # include <sys/types.h>
| #endif
| #ifdef HAVE_SYS_STAT_H
| # include <sys/stat.h>
| #endif
| #ifdef STDC_HEADERS
| # include <stdlib.h>
| # include <stddef.h>
| #else
| # ifdef HAVE_STDLIB_H
| #  include <stdlib.h>
| # endif
| #endif
| #ifdef HAVE_STRING_H
| # if !defined STDC_HEADERS && defined HAVE_MEMORY_H
| #  include <memory.h>
| # endif
| # include <string.h>
| #endif
| #ifdef HAVE_STRINGS_H
| # include <strings.h>
| #endif
| #ifdef HAVE_INTTYPES_H
| # include <inttypes.h>
| #endif
| #ifdef HAVE_STDINT_H
| # include <stdint.h>
| #endif
| #ifdef HAVE_UNISTD_H
| # include <unistd.h>
| #endif
| #include <sys/filio.h>
configure:4844: result: no
configure:4844: checking sys/filio.h presence
configure:4844: gcc -E  conftest.c
conftest.c:49:10: fatal error: sys/filio.h: No such file or directory
   49 | #include <sys/filio.h>
      |          ^~~~~~~~~~~~~
compilation terminated.
configure:4844: $? = 1
configure: failed program was:
| /* confdefs.h */
| #define PACKAGE_NAME "Spread_Util"
| #define PACKAGE_TARNAME "spread_util"
| #define PACKAGE_VERSION "5.0.0"
| #define PACKAGE_STRING "Spread_Util 5.0.0"
| #define PACKAGE_BUGREPORT ""
| #define PACKAGE_URL ""
| #define STDC_HEADERS 1
| #define HAVE_SYS_TYPES_H 1
| #define HAVE_SYS_STAT_H 1
| #define HAVE_STDLIB_H 1
| #define HAVE_STRING_H 1
| #define HAVE_MEMORY_H 1
| #define HAVE_STRINGS_H 1
| #define HAVE_INTTYPES_H 1
| #define HAVE_STDINT_H 1
| #define HAVE_UNISTD_H 1
| #define HAVE_LIBPTHREAD 1
| #define HAVE_PTHREAD_ATFORK 1
| #define HAVE_LIBNSL 1
| #define HAVE_LIBM 1
| #define HAVE_STRFTIME 1
| #define HAVE_ARPA_INET_H 1
| #define HAVE_ASSERT_H 1
| #define HAVE_ERRNO_H 1
| #define HAVE_GRP_H 1
| #define HAVE_LIMITS_H 1
| #define HAVE_NETDB_H 1
| #define HAVE_NETINET_IN_H 1
| #define HAVE_NETINET_TCP_H 1
| #define HAVE_PTHREAD_H 1
| #define HAVE_PWD_H 1
| #define HAVE_SIGNAL_H 1
| #define HAVE_STDARG_H 1
| #define HAVE_STDINT_H 1
| #define HAVE_STDIO_H 1
| #define HAVE_STDLIB_H 1
| #define HAVE_STRING_H 1
| #define HAVE_SYS_IOCTL_H 1
| #define HAVE_SYS_PARAM_H 1
| #define HAVE_SYS_SOCKET_H 1
| #define HAVE_SYS_STAT_H 1
| #define HAVE_SYS_TIME_H 1
| #define HAVE_SYS_TIMEB_H 1
| #define HAVE_SYS_TYPES_H 1
| #define HAVE_SYS_UIO_H 1
| #define HAVE_SYS_UN_H 1
| /* end confdefs.h.  */
| #include <sys/filio.h>
configure:4844: result: no
configure:4844: checking for sys/filio.h
configure:4844: result: no
configure:4844: checking time.h usability
configure:4844: gcc -c -g -O2 -Wall  conftest.c >&5
configure:4844: $? = 0
configure:4844: result: yes
configure:4844: checking time.h presence
configure:4844: gcc -E  conftest.c
configure:4844: $? = 0
configure:4844: result: yes
configure:4844: checking for time.h
configure:4844: result: yes
configure:4844: checking for unistd.h
configure:4844: result: yes
configure:4844: checking winsock2.h usability
configure:4844: gcc -c -g -O2 -Wall  conftest.c >&5
conftest.c:84:10: fatal error: winsock2.h: No such file or directory
   84 | #include <winsock2.h>
      |          ^~~~~~~~~~~~
compilation terminated.
configure:4844: $? = 1
configure: failed program was:
| /* confdefs.h */
| #define PACKAGE_NAME "Spread_Util"
| #define PACKAGE_TARNAME "spread_util"
| #define PACKAGE_VERSION "5.0.0"
| #define PACKAGE_STRING "Spread_Util 5.0.0"
| #define PACKAGE_BUGREPORT ""
| #define PACKAGE_URL ""
| #define STDC_HEADERS 1
| #define HAVE_SYS_TYPES_H 1
| #define HAVE_SYS_STAT_H 1
| #define HAVE_STDLIB_H 1
| #define HAVE_STRING_H 1
| #define HAVE_MEMORY_H 1
| #define HAVE_STRINGS_H 1
| #define HAVE_INTTYPES_H 1
| #define HAVE_STDINT_H 1
| #define HAVE_UNISTD_H 1
| #define HAVE_LIBPTHREAD 1
| #define HAVE_PTHREAD_ATFORK 1
| #define HAVE_LIBNSL 1
| #define HAVE_LIBM 1
| #define HAVE_STRFTIME 1
| #define HAVE_ARPA_INET_H 1
| #define HAVE_ASSERT_H 1
| #define HAVE_ERRNO_H 1
| #define HAVE_GRP_H 1
| #define HAVE_LIMITS_H 1
| #define HAVE_NETDB_H 1
| #define HAVE_NETINET_IN_H 1
| #define HAVE_NETINET_TCP_H 1
| #define HAVE_PTHREAD_H 1
| #define HAVE_PWD_H 1
| #define HAVE_SIGNAL_H 1
| #define HAVE_STDARG_H 1
| #define HAVE_STDINT_H 1
| #define HAVE_STDIO_H 1
| #define HAVE_STDLIB_H 1
| #define HAVE_STRING_H 1
| #define HAVE_SYS_IOCTL_H 1
| #define HAVE_SYS_PARAM_H 1
| #define HAVE_SYS_SOCKET_H 1
| #define HAVE_SYS_STAT_H 1
| #define HAVE_SYS_TIME_H 1
| #define HAVE_SYS_TIMEB_H 1
| #define HAVE_SYS_TYPES_H 1
| #define HAVE_SYS_UIO_H 1
| #define HAVE_SYS_UN_H 1
| #define HAVE_TIME_H 1
| #define HAVE_UNISTD_H 1
| /* end confdefs.h.  */
| #include <stdio.h>
| #ifdef HAVE_SYS_TYPES_H
| # include <sys/types.h>
| #endif
| #ifdef HAVE_SYS_STAT_H
| # include <sys/stat.h>
| #endif
| #ifdef STDC_HEADERS
| # include <stdlib.h>
| # include <stddef.h>
| #else
| # ifdef HAVE_STDLIB_H
| #  include <stdlib.h>
| # endif
| #endif
| #ifdef HAVE_STRING_H
| # if !defined STDC_HEADERS && defined HAVE_MEMORY_H
| #  include <memory.h>
| # endif
| # include <string.h>
| #endif
| #ifdef HAVE_STRINGS_H
| # include <strings.h>
| #endif
| #ifdef HAVE_INTTYPES_H
| # include <inttypes.h>
| #endif
| #ifdef HAVE_STDINT_H
| # include <stdint.h>
| #endif
| #ifdef HAVE_UNISTD_H
| # include <unistd.h>
| #endif
| #include <winsock2.h>
configure:4844: result: no
configure:4844: checking winsock2.h presence
configure:4844: gcc -E  conftest.c
conftest.c:51:10: fatal error: winsock2.h: No such file or directory
   51 | #include <winsock2.h>
      |          ^~~~~~~~~~~~
compilation terminated.
configure:4844: $? = 1
configure: failed program was:
| /* confdefs.h */
| #define PACKAGE_NAME "Spread_Util"
| #define PACKAGE_TARNAME "spread_util"
| #define PACKAGE_VERSION "5.0.0"
| #define PACKAGE_STRING "Spread_Util 5.0.0"
| #define PACKAGE_BUGREPORT ""
| #define PACKAGE_URL ""
| #define STDC_HEADERS 1
| #define HAVE_SYS_TYPES_H 1
| #define HAVE_SYS_STAT_H 1
| #define HAVE_STDLIB_H 1
| #define HAVE_STRING_H 1
| #define HAVE_MEMORY_H 1
| #define HAVE_STRINGS_H 1
| #define HAVE_INTTYPES_H 1
| #define HAVE_STDINT_H 1
| #define HAVE_UNISTD_H 1
| #define HAVE_LIBPTHREAD 1
| #define HAVE_PTHREAD_ATFORK 1
| #define HAVE_LIBNSL 1
| #define HAVE_LIBM 1
| #define HAVE_STRFTIME 1
| #define HAVE_ARPA_INET_H 1
| #define HAVE_ASSERT_H 1
| #define HAVE_ERRNO_H 1
| #define HAVE_GRP_H 1
| #define HAVE_LIMITS_H 1
| #define HAVE_NETDB_H 1
| #define HAVE_NETINET_IN_H 1
| #define HAVE_NETINET_TCP_H 1
| #define HAVE_PTHREAD_H 1
| #define HAVE_PWD_H 1
| #define HAVE_SIGNAL_H 1
| #define HAVE_STDARG_H 1
| #define HAVE_STDINT_H 1
| #define HAVE_STDIO_H 1
| #define HAVE_STDLIB_H 1
| #define HAVE_STRING_H 1
| #define HAVE_SYS_IOCTL_H 1
| #define HAVE_SYS_PARAM_H 1
| #define HAVE_SYS_SOCKET_H 1
| #define HAVE_SYS_STAT_H 1
| #define HAVE_SYS_TIME_H 1
| #define HAVE_SYS_TIMEB_H 1
| #define HAVE_SYS_TYPES_H 1
| #define HAVE_SYS_UIO_H 1
| #define HAVE_SYS_UN_H 1
| #define HAVE_TIME_H 1
| #define HAVE_UNISTD_H 1
| /* end confdefs.h.  */
| #include <winsock2.h>
configure:4844: result: no
configure:4844: checking for winsock2.h
configure:4844: result: no
configure:4844: checking ws2tcpip.h usability
configure:4844: gcc -c -g -O2 -Wall  conftest.c >&5
conftest.c:84:10: fatal error: ws2tcpip.h: No such file or directory
   84 | #include <ws2tcpip.h>
      |          ^~~~~~~~~~~~
compilation terminated.
configure:4844: $? = 1
configure: failed program was:
| /* confdefs.h */
| #define PACKAGE_NAME "Spread_Util"
| #define PACKAGE_TARNAME "spread_util"
| #define PACKAGE_VERSION "5.0.0"
| #define PACKAGE_STRING "Spread_Util 5.0.0"
| #define PACKAGE_BUGREPORT ""
| #define PACKAGE_URL ""
| #define STDC_HEADERS 1
| #define HAVE_SYS_TYPES_H 1
| #define HAVE_SYS_STAT_H 1
| #define HAVE_STDLIB_H 1
| #define HAVE_STRING_H 1
| #define HAVE_MEMORY_H 1
| #define HAVE_STRINGS_H 1
| #define HAVE_INTTYPES_H 1
| #define HAVE_STDINT_H 1
| #define HAVE_UNISTD_H 1
| #define HAVE_LIBPTHREAD 1
| #define HAVE_PTHREAD_ATFORK 1
| #define HAVE_LIBNSL 1
| #define HAVE_LIBM 1
| #define HAVE_STRFTIME 1
| #define HAVE_ARPA_INET_H 1
| #define HAVE_ASSERT_H 1
| #define HAVE_ERRNO_H 1
| #define HAVE_GRP_H 1
| #define HAVE_LIMITS_H 1
| #define HAVE_NETDB_H 1
| #define HAVE_NETINET_IN_H 1
| #define HAVE_NETINET_TCP_H 1
| #define HAVE_PTHREAD_H 1
| #define HAVE_PWD_H 1
| #define HAVE_SIGNAL_H 1
| #define HAVE_STDARG_H 1
| #define HAVE_STDINT_H 1
| #define HAVE_STDIO_H 1
| #define HAVE_STDLIB_H 1
| #define HAVE_STRING_H 1
| #define HAVE_SYS_IOCTL_H 1
| #define HAVE_SYS_PARAM_H 1
| #define HAVE_SYS_SOCKET_H 1
| #define HAVE_SYS_STAT_H 1
| #define HAVE_SYS_TIME_H 1
| #define HAVE_SYS_TIMEB_H 1
| #define HAVE_SYS_TYPES_H 1
| #define HAVE_SYS_UIO_H 1
| #define HAVE_SYS_UN_H 1
| #define HAVE_TIME_H 1
| #define HAVE_UNISTD_H 1
| /* end confdefs.h.  */
| #include <stdio.h>
| #ifdef HAVE_SYS_TYPES_H
| # include <sys/types.h>
| #endif
| #ifdef HAVE_SYS_STAT_H
| # include <sys/stat.h>
| #endif
| #ifdef STDC_HEADERS
| # include <stdlib.h>
| # include <stddef.h>
| #else
| # ifdef HAVE_STDLIB_H
| #  include <stdlib.h>
| # endif
| #endif
| #ifdef HAVE_STRING_H
| # if !defined STDC_HEADERS && defined HAVE_MEMORY_H
| #  include <memory.h>
| # endif
| # include <string.h>
| #endif
| #ifdef HAVE_STRINGS_H
| # include <strings.h>
| #endif
| #ifdef HAVE_INTTYPES_H
| # include <inttypes.h>
| #endif
| #ifdef HAVE_STDINT_H
| # include <stdint.h>
| #endif
| #ifdef HAVE_UNISTD_H
| # include <unistd.h>
| #endif
| #include <ws2tcpip.h>
configure:4844: result: no
configure:4844: checking ws2tcpip.h presence
configure:4844: gcc -E  conftest.c
conftest.c:51:10: fatal error: ws2tcpip.h: No such file or directory
   51 | #include <ws2tcpip.h>
      |          ^~~~~~~~~~~~
compilation terminated.
configure:4844: $? = 1
configure: failed program was:
| /* confdefs.h */
| #define PACKAGE_NAME "Spread_Util"
| #define PACKAGE_TARNAME "spread_util"
| #define PACKAGE_VERSION "5.0.0"
| #define PACKAGE_STRING "Spread_Util 5.0.0"
| #define PACKAGE_BUGREPORT ""
| #define PACKAGE_URL ""
| #define STDC_HEADERS 1
| #define HAVE_SYS_TYPES_H 1
| #define HAVE_SYS_STAT_H 1
| #define HAVE_STDLIB_H 1
| #define HAVE_STRING_H 1
| #define HAVE_MEMORY_H 1
| #define HAVE_STRINGS_H 1
| #define HAVE_INTTYPES_H 1
| #define HAVE_STDINT_H 1
| #define HAVE_UNISTD_H 1
| #define HAVE_LIBPTHREAD 1
| #define HAVE_PTHREAD_ATFORK 1
| #define HAVE_LIBNSL 1
| #define HAVE_LIBM 1
| #define HAVE_STRFTIME 1
| #define HAVE_ARPA_INET_H 1
| #define HAVE_ASSERT_H 1
| #define HAVE_ERRNO_H 1
| #define HAVE_GRP_H 1
| #define HAVE_LIMITS_H 1
| #define HAVE_NETDB_H 1
| #define HAVE_NETINET_IN_H 1
| #define HAVE_NETINET_TCP_H 1
| #define HAVE_PTHREAD_H 1
| #define HAVE_PWD_H 1
| #define HAVE_SIGNAL_H 1
| #define HAVE_STDARG_H 1
| #define HAVE_STDINT_H 1
| #define HAVE_STDIO_H 1
| #define HAVE_STDLIB_H 1
| #define HAVE_STRING_H 1
| #define HAVE_SYS_IOCTL_H 1
| #define HAVE_SYS_PARAM_H 1
| #define HAVE_SYS_SOCKET_H 1
| #define HAVE_SYS_STAT_H 1
| #define HAVE_SYS_TIME_H 1
| #define HAVE_SYS_TIMEB_H 1
| #define HAVE_SYS_TYPES_H 1
| #define HAVE_SYS_UIO_H 1
| #define HAVE_SYS_UN_H 1
| #define HAVE_TIME_H 1
| #define HAVE_UNISTD_H 1
| /* end confdefs.h.  */
| #include <ws2tcpip.h>
configure:4844: result: no
configure:4844: checking for ws2tcpip.h
configure:4844: result: no
configure:4858: checking for bcopy
configure:4858: gcc -o conftest -g -O2 -Wall   conftest.c -lm -lrt -lnsl  >&5
conftest.c:74:6: warning: conflicting types for built-in function 'bcopy'; expected 'void(const void *, void *, long unsigned int)' [-Wbuiltin-declaration-mismatch]
   74 | char bcopy ();
      |      ^~~~~
configure:4858: $? = 0
configure:4858: result: yes
configure:4858: checking for inet_aton
configure:4858: gcc -o conftest -g -O2 -Wall   conftest.c -lm -lrt -lnsl  >&5
configure:4858: $? = 0
configure:4858: result: yes
configure:4858: checking for inet_ntoa
configure:4858: gcc -o conftest -g -O2 -Wall   conftest.c -lm -lrt -lnsl  >&5
configure:4858: $? = 0
configure:4858: result: yes
configure:4858: checking for inet_ntop
configure:4858: gcc -o conftest -g -O2 -Wall   conftest.c -lm -lrt -lnsl  >&5
configure:4858: $? = 0
configure:4858: result: yes
configure:4858: checking for memmove
configure:4858: gcc -o conftest -g -O2 -Wall   conftest.c -lm -lrt -lnsl  >&5
conftest.c:78:6: warning: conflicting types for built-in function 'memmove'; expected 'void *(void *, const void *, long unsigned int)' [-Wbuiltin-declaration-mismatch]
   78 | char memmove ();
      |      ^~~~~~~
conftest.c:66:1: note: 'memmove' is declared in header '<string.h>'
   65 | # include <limits.h>
   66 | #else
configure:4858: $? = 0
configure:4858: result: yes
configure:4858: checking for setsid
configure:4858: gcc -o conftest -g -O2 -Wall   conftest.c -lm -lrt -lnsl  >&5
configure:4858: $? = 0
configure:4858: result: yes
configure:4858: checking for snprintf
configure:4858: gcc -o conftest -g -O2 -Wall   conftest.c -lm -lrt -lnsl  >&5
conftest.c:80:6: warning: conflicting types for built-in function 'snprintf'; expected 'int(char *, long unsigned int,  const char *, ...)' [-Wbuiltin-declaration-mismatch]
   80 | char snprintf ();
      |      ^~~~~~~~
conftest.c:68:1: note: 'snprintf' is declared in header '<stdio.h>'
   67 | # include <limits.h>
   68 | #else
configure:4858: $? = 0
configure:4858: result: yes
configure:4858: checking for strerror
configure:4858: gcc -o conftest -g -O2 -Wall   conftest.c -lm -lrt -lnsl  >&5
configure:4858: $? = 0
configure:4858: result: yes
configure:4858: checking for lrand48
configure:4858: gcc -o conftest -g -O2 -Wall   conftest.c -lm -lrt -lnsl  >&5
configure:4858: $? = 0
configure:4858: result: yes
configure:4870: checking for gettimeofday
configure:4870: gcc -o conftest -g -O2 -Wall   conftest.c -lm -lrt -lnsl  >&5
configure:4870: $? = 0
configure:4870: result: yes
configure:4870: checking for time
configure:4870: gcc -o conftest -g -O2 -Wall   conftest.c -lm -lrt -lnsl  >&5
configure:4870: $? = 0
configure:4870: result: yes
configure:4881: checking for clock_gettime(CLOCK_MONOTONIC)
configure:4898: gcc -o conftest -g -O2 -Wall   conftest.c -lm -lrt -lnsl  >&5
configure:4898: $? = 0
configure:4898: ./conftest
configure:4898: $? = 0
configure:4910: result: yes
configure:4919: checking for library containing dladdr
configure:4950: gcc -o conftest -g -O2 -Wall   conftest.c -lm -lrt -lnsl  >&5
/usr/bin/ld: /tmp/ccebEUwO.o: in function `main':
/usr/local/spread/spread-src-5.0.1/libspread-util/conftest.c:74: undefined reference to `dladdr'
collect2: error: ld returned 1 exit status
configure:4950: $? = 1
configure: failed program was:
| /* confdefs.h */
| #define PACKAGE_NAME "Spread_Util"
| #define PACKAGE_TARNAME "spread_util"
| #define PACKAGE_VERSION "5.0.0"
| #define PACKAGE_STRING "Spread_Util 5.0.0"
| #define PACKAGE_BUGREPORT ""
| #define PACKAGE_URL ""
| #define STDC_HEADERS 1
| #define HAVE_SYS_TYPES_H 1
| #define HAVE_SYS_STAT_H 1
| #define HAVE_STDLIB_H 1
| #define HAVE_STRING_H 1
| #define HAVE_MEMORY_H 1
| #define HAVE_STRINGS_H 1
| #define HAVE_INTTYPES_H 1
| #define HAVE_STDINT_H 1
| #define HAVE_UNISTD_H 1
| #define HAVE_LIBPTHREAD 1
| #define HAVE_PTHREAD_ATFORK 1
| #define HAVE_LIBNSL 1
| #define HAVE_LIBM 1
| #define HAVE_STRFTIME 1
| #define HAVE_ARPA_INET_H 1
| #define HAVE_ASSERT_H 1
| #define HAVE_ERRNO_H 1
| #define HAVE_GRP_H 1
| #define HAVE_LIMITS_H 1
| #define HAVE_NETDB_H 1
| #define HAVE_NETINET_IN_H 1
| #define HAVE_NETINET_TCP_H 1
| #define HAVE_PTHREAD_H 1
| #define HAVE_PWD_H 1
| #define HAVE_SIGNAL_H 1
| #define HAVE_STDARG_H 1
| #define HAVE_STDINT_H 1
| #define HAVE_STDIO_H 1
| #define HAVE_STDLIB_H 1
| #define HAVE_STRING_H 1
| #define HAVE_SYS_IOCTL_H 1
| #define HAVE_SYS_PARAM_H 1
| #define HAVE_SYS_SOCKET_H 1
| #define HAVE_SYS_STAT_H 1
| #define HAVE_SYS_TIME_H 1
| #define HAVE_SYS_TIMEB_H 1
| #define HAVE_SYS_TYPES_H 1
| #define HAVE_SYS_UIO_H 1
| #define HAVE_SYS_UN_H 1
| #define HAVE_TIME_H 1
| #define HAVE_UNISTD_H 1
| #define HAVE_BCOPY 1
| #define HAVE_INET_ATON 1
| #define HAVE_INET_NTOA 1
| #define HAVE_INET_NTOP 1
| #define HAVE_MEMMOVE 1
| #define HAVE_SETSID 1
| #define HAVE_SNPRINTF 1
| #define HAVE_STRERROR 1
| #define HAVE_LRAND48 1
| #define HAVE_GETTIMEOFDAY 1
| #define HAVE_TIME 1
| #define HAVE_CLOCK_GETTIME_CLOCK_MONOTONIC 1
| /* end confdefs.h.  */
| 
| /* Override any GCC internal prototype to avoid an error.
|    Use char because int might match the return type of a GCC
|    builtin and then its argument prototype would still apply.  */
| #ifdef __cplusplus
| extern "C"
| #endif
| char dladdr ();
| int
| main ()
| {
| return dladdr ();
|   ;
|   return 0;
| }
configure:4950: gcc -o conftest -g -O2 -Wall   conftest.c -ldl  -lm -lrt -lnsl  >&5
configure:4950: $? = 0
configure:4967: result: -ldl
configure:4980: checking for dladdr
configure:5001: gcc -c -g -O2 -Wall  conftest.c >&5
conftest.c: In function 'main':
conftest.c:71:4: warning: argument 2 null where non-null expected [-Wnonnull]
   71 |    dladdr(0, info);
      |    ^~~~~~~~~~~~~~~
In file included from conftest.c:66:
/usr/include/dlfcn.h:98:12: note: in a call to function 'dladdr' declared here
   98 | extern int dladdr (const void *__address, Dl_info *__info)
      |            ^~~~~~
configure:5001: $? = 0
configure:5010: result: yes
configure:5021: checking whether snprintf correctly terminates long strings
configure:5036: gcc -o conftest -g -O2 -Wall   conftest.c -ldl -lm -lrt -lnsl  >&5
conftest.c: In function 'main':
conftest.c:66:45: warning: '123456789' directive output truncated writing 9 bytes into a region of size 5 [-Wformat-truncation=]
   66 | int main(void){char b[5];snprintf(b,5,"123456789");return(b[4]!='\0');}
      |                                        ~~~~~^~~~
In file included from /usr/include/stdio.h:867,
                 from conftest.c:65:
/usr/include/x86_64-linux-gnu/bits/stdio2.h:67:10: note: '__builtin_snprintf' output 10 bytes into a destination of size 5
   67 |   return __builtin___snprintf_chk (__s, __n, __USE_FORTIFY_LEVEL - 1,
      |          ^~~~~~~~~~~~~~~~~~~~~~~~~~~~~~~~~~~~~~~~~~~~~~~~~~~~~~~~~~~~
   68 |        __bos (__s), __fmt, __va_arg_pack ());
      |        ~~~~~~~~~~~~~~~~~~~~~~~~~~~~~~~~~~~~~
configure:5036: $? = 0
configure:5036: ./conftest
configure:5036: $? = 0
configure:5037: result: yes
configure:5067: checking size of char
configure:5072: gcc -o conftest -g -O2 -Wall   conftest.c -ldl -lm -lrt -lnsl  >&5
configure:5072: $? = 0
configure:5072: ./conftest
configure:5072: $? = 0
configure:5086: result: 1
configure:5100: checking size of short int
configure:5105: gcc -o conftest -g -O2 -Wall   conftest.c -ldl -lm -lrt -lnsl  >&5
configure:5105: $? = 0
configure:5105: ./conftest
configure:5105: $? = 0
configure:5119: result: 2
configure:5133: checking size of int
configure:5138: gcc -o conftest -g -O2 -Wall   conftest.c -ldl -lm -lrt -lnsl  >&5
configure:5138: $? = 0
configure:5138: ./conftest
configure:5138: $? = 0
configure:5152: result: 4
configure:5166: checking size of long int
configure:5171: gcc -o conftest -g -O2 -Wall   conftest.c -ldl -lm -lrt -lnsl  >&5
configure:5171: $? = 0
configure:5171: ./conftest
configure:5171: $? = 0
configure:5185: result: 8
configure:5199: checking size of long long int
configure:5204: gcc -o conftest -g -O2 -Wall   conftest.c -ldl -lm -lrt -lnsl  >&5
configure:5204: $? = 0
configure:5204: ./conftest
configure:5204: $? = 0
configure:5218: result: 8
configure:5230: checking for windows arch
configure:5247: gcc -c -g -O2 -Wall  conftest.c >&5
conftest.c:69:11: fatal error: process.h: No such file or directory
   69 |  #include <process.h>
      |           ^~~~~~~~~~~
compilation terminated.
configure:5247: $? = 1
configure: failed program was:
| /* confdefs.h */
| #define PACKAGE_NAME "Spread_Util"
| #define PACKAGE_TARNAME "spread_util"
| #define PACKAGE_VERSION "5.0.0"
| #define PACKAGE_STRING "Spread_Util 5.0.0"
| #define PACKAGE_BUGREPORT ""
| #define PACKAGE_URL ""
| #define STDC_HEADERS 1
| #define HAVE_SYS_TYPES_H 1
| #define HAVE_SYS_STAT_H 1
| #define HAVE_STDLIB_H 1
| #define HAVE_STRING_H 1
| #define HAVE_MEMORY_H 1
| #define HAVE_STRINGS_H 1
| #define HAVE_INTTYPES_H 1
| #define HAVE_STDINT_H 1
| #define HAVE_UNISTD_H 1
| #define HAVE_LIBPTHREAD 1
| #define HAVE_PTHREAD_ATFORK 1
| #define HAVE_LIBNSL 1
| #define HAVE_LIBM 1
| #define HAVE_STRFTIME 1
| #define HAVE_ARPA_INET_H 1
| #define HAVE_ASSERT_H 1
| #define HAVE_ERRNO_H 1
| #define HAVE_GRP_H 1
| #define HAVE_LIMITS_H 1
| #define HAVE_NETDB_H 1
| #define HAVE_NETINET_IN_H 1
| #define HAVE_NETINET_TCP_H 1
| #define HAVE_PTHREAD_H 1
| #define HAVE_PWD_H 1
| #define HAVE_SIGNAL_H 1
| #define HAVE_STDARG_H 1
| #define HAVE_STDINT_H 1
| #define HAVE_STDIO_H 1
| #define HAVE_STDLIB_H 1
| #define HAVE_STRING_H 1
| #define HAVE_SYS_IOCTL_H 1
| #define HAVE_SYS_PARAM_H 1
| #define HAVE_SYS_SOCKET_H 1
| #define HAVE_SYS_STAT_H 1
| #define HAVE_SYS_TIME_H 1
| #define HAVE_SYS_TIMEB_H 1
| #define HAVE_SYS_TYPES_H 1
| #define HAVE_SYS_UIO_H 1
| #define HAVE_SYS_UN_H 1
| #define HAVE_TIME_H 1
| #define HAVE_UNISTD_H 1
| #define HAVE_BCOPY 1
| #define HAVE_INET_ATON 1
| #define HAVE_INET_NTOA 1
| #define HAVE_INET_NTOP 1
| #define HAVE_MEMMOVE 1
| #define HAVE_SETSID 1
| #define HAVE_SNPRINTF 1
| #define HAVE_STRERROR 1
| #define HAVE_LRAND48 1
| #define HAVE_GETTIMEOFDAY 1
| #define HAVE_TIME 1
| #define HAVE_CLOCK_GETTIME_CLOCK_MONOTONIC 1
| #define HAVE_DLADDR 1
| #define SIZEOF_CHAR 1
| #define SIZEOF_SHORT_INT 2
| #define SIZEOF_INT 4
| #define SIZEOF_LONG_INT 8
| #define SIZEOF_LONG_LONG_INT 8
| /* end confdefs.h.  */
|  #include <process.h>
| int
| main ()
| {
|  CRITICAL_SECTION mutex; InitializeCriticalSection(mutex);
|   ;
|   return 0;
| }
configure:5256: result: no
configure:5264: checking for struct timezone type
configure:5283: gcc -c -g -O2 -Wall  conftest.c >&5
conftest.c: In function 'main':
conftest.c:75:18: warning: unused variable 'opt' [-Wunused-variable]
   75 |  struct timezone opt;
      |                  ^~~
configure:5283: $? = 0
configure:5292: result: yes
configure:5300: checking for struct sockopt_len_t type
configure:5318: gcc -c -g -O2 -Wall  conftest.c >&5
conftest.c: In function 'main':
conftest.c:75:9: error: unknown type name 'sockopt_len_t'
   75 |  static sockopt_len_t opt; opt=0;
      |         ^~~~~~~~~~~~~
conftest.c:75:23: warning: variable 'opt' set but not used [-Wunused-but-set-variable]
   75 |  static sockopt_len_t opt; opt=0;
      |                       ^~~
configure:5318: $? = 1
configure: failed program was:
| /* confdefs.h */
| #define PACKAGE_NAME "Spread_Util"
| #define PACKAGE_TARNAME "spread_util"
| #define PACKAGE_VERSION "5.0.0"
| #define PACKAGE_STRING "Spread_Util 5.0.0"
| #define PACKAGE_BUGREPORT ""
| #define PACKAGE_URL ""
| #define STDC_HEADERS 1
| #define HAVE_SYS_TYPES_H 1
| #define HAVE_SYS_STAT_H 1
| #define HAVE_STDLIB_H 1
| #define HAVE_STRING_H 1
| #define HAVE_MEMORY_H 1
| #define HAVE_STRINGS_H 1
| #define HAVE_INTTYPES_H 1
| #define HAVE_STDINT_H 1
| #define HAVE_UNISTD_H 1
| #define HAVE_LIBPTHREAD 1
| #define HAVE_PTHREAD_ATFORK 1
| #define HAVE_LIBNSL 1
| #define HAVE_LIBM 1
| #define HAVE_STRFTIME 1
| #define HAVE_ARPA_INET_H 1
| #define HAVE_ASSERT_H 1
| #define HAVE_ERRNO_H 1
| #define HAVE_GRP_H 1
| #define HAVE_LIMITS_H 1
| #define HAVE_NETDB_H 1
| #define HAVE_NETINET_IN_H 1
| #define HAVE_NETINET_TCP_H 1
| #define HAVE_PTHREAD_H 1
| #define HAVE_PWD_H 1
| #define HAVE_SIGNAL_H 1
| #define HAVE_STDARG_H 1
| #define HAVE_STDINT_H 1
| #define HAVE_STDIO_H 1
| #define HAVE_STDLIB_H 1
| #define HAVE_STRING_H 1
| #define HAVE_SYS_IOCTL_H 1
| #define HAVE_SYS_PARAM_H 1
| #define HAVE_SYS_SOCKET_H 1
| #define HAVE_SYS_STAT_H 1
| #define HAVE_SYS_TIME_H 1
| #define HAVE_SYS_TIMEB_H 1
| #define HAVE_SYS_TYPES_H 1
| #define HAVE_SYS_UIO_H 1
| #define HAVE_SYS_UN_H 1
| #define HAVE_TIME_H 1
| #define HAVE_UNISTD_H 1
| #define HAVE_BCOPY 1
| #define HAVE_INET_ATON 1
| #define HAVE_INET_NTOA 1
| #define HAVE_INET_NTOP 1
| #define HAVE_MEMMOVE 1
| #define HAVE_SETSID 1
| #define HAVE_SNPRINTF 1
| #define HAVE_STRERROR 1
| #define HAVE_LRAND48 1
| #define HAVE_GETTIMEOFDAY 1
| #define HAVE_TIME 1
| #define HAVE_CLOCK_GETTIME_CLOCK_MONOTONIC 1
| #define HAVE_DLADDR 1
| #define SIZEOF_CHAR 1
| #define SIZEOF_SHORT_INT 2
| #define SIZEOF_INT 4
| #define SIZEOF_LONG_INT 8
| #define SIZEOF_LONG_LONG_INT 8
| #define HAVE_STRUCT_TIMEZONE 1
| /* end confdefs.h.  */
|  #include <sys/types.h>
| 		  #include <sys/socket.h>
| int
| main ()
| {
|  static sockopt_len_t opt; opt=0;
|   ;
|   return 0;
| }
configure:5327: result: no
configure:5335: checking for struct msghdr type
configure:5353: gcc -c -g -O2 -Wall  conftest.c >&5
conftest.c: In function 'main':
conftest.c:75:25: warning: variable 'msg' set but not used [-Wunused-but-set-variable]
   75 |  static  struct  msghdr msg; msg.msg_name = 0; msg.msg_namelen = 1; msg.msg_iov = 0; msg.msg_iovlen = 0;
      |                         ^~~
configure:5353: $? = 0
configure:5362: result: yes
configure:5370: checking for struct msghdr accrights
configure:5388: gcc -c -g -O2 -Wall  conftest.c >&5
conftest.c: In function 'main':
conftest.c:75:33: error: 'struct msghdr' has no member named 'msg_accrightslen'
   75 |  static  struct  msghdr msg; msg.msg_accrightslen = 0;
      |                                 ^
conftest.c:75:25: warning: variable 'msg' set but not used [-Wunused-but-set-variable]
   75 |  static  struct  msghdr msg; msg.msg_accrightslen = 0;
      |                         ^~~
configure:5388: $? = 1
configure: failed program was:
| /* confdefs.h */
| #define PACKAGE_NAME "Spread_Util"
| #define PACKAGE_TARNAME "spread_util"
| #define PACKAGE_VERSION "5.0.0"
| #define PACKAGE_STRING "Spread_Util 5.0.0"
| #define PACKAGE_BUGREPORT ""
| #define PACKAGE_URL ""
| #define STDC_HEADERS 1
| #define HAVE_SYS_TYPES_H 1
| #define HAVE_SYS_STAT_H 1
| #define HAVE_STDLIB_H 1
| #define HAVE_STRING_H 1
| #define HAVE_MEMORY_H 1
| #define HAVE_STRINGS_H 1
| #define HAVE_INTTYPES_H 1
| #define HAVE_STDINT_H 1
| #define HAVE_UNISTD_H 1
| #define HAVE_LIBPTHREAD 1
| #define HAVE_PTHREAD_ATFORK 1
| #define HAVE_LIBNSL 1
| #define HAVE_LIBM 1
| #define HAVE_STRFTIME 1
| #define HAVE_ARPA_INET_H 1
| #define HAVE_ASSERT_H 1
| #define HAVE_ERRNO_H 1
| #define HAVE_GRP_H 1
| #define HAVE_LIMITS_H 1
| #define HAVE_NETDB_H 1
| #define HAVE_NETINET_IN_H 1
| #define HAVE_NETINET_TCP_H 1
| #define HAVE_PTHREAD_H 1
| #define HAVE_PWD_H 1
| #define HAVE_SIGNAL_H 1
| #define HAVE_STDARG_H 1
| #define HAVE_STDINT_H 1
| #define HAVE_STDIO_H 1
| #define HAVE_STDLIB_H 1
| #define HAVE_STRING_H 1
| #define HAVE_SYS_IOCTL_H 1
| #define HAVE_SYS_PARAM_H 1
| #define HAVE_SYS_SOCKET_H 1
| #define HAVE_SYS_STAT_H 1
| #define HAVE_SYS_TIME_H 1
| #define HAVE_SYS_TIMEB_H 1
| #define HAVE_SYS_TYPES_H 1
| #define HAVE_SYS_UIO_H 1
| #define HAVE_SYS_UN_H 1
| #define HAVE_TIME_H 1
| #define HAVE_UNISTD_H 1
| #define HAVE_BCOPY 1
| #define HAVE_INET_ATON 1
| #define HAVE_INET_NTOA 1
| #define HAVE_INET_NTOP 1
| #define HAVE_MEMMOVE 1
| #define HAVE_SETSID 1
| #define HAVE_SNPRINTF 1
| #define HAVE_STRERROR 1
| #define HAVE_LRAND48 1
| #define HAVE_GETTIMEOFDAY 1
| #define HAVE_TIME 1
| #define HAVE_CLOCK_GETTIME_CLOCK_MONOTONIC 1
| #define HAVE_DLADDR 1
| #define SIZEOF_CHAR 1
| #define SIZEOF_SHORT_INT 2
| #define SIZEOF_INT 4
| #define SIZEOF_LONG_INT 8
| #define SIZEOF_LONG_LONG_INT 8
| #define HAVE_STRUCT_TIMEZONE 1
| /* end confdefs.h.  */
|  #include <sys/types.h>
| 		  #include <sys/socket.h>
| int
| main ()
| {
|  static  struct  msghdr msg; msg.msg_accrightslen = 0;
|   ;
|   return 0;
| }
configure:5397: result: no
configure:5406: checking for struct msghdr control
configure:5424: gcc -c -g -O2 -Wall  conftest.c >&5
conftest.c: In function 'main':
conftest.c:75:25: warning: variable 'msg' set but not used [-Wunused-but-set-variable]
   75 |  static  struct  msghdr msg; msg.msg_controllen = 0;
      |                         ^~~
configure:5424: $? = 0
configure:5433: result: yes
configure:5447: checking for u_int type
configure:5464: gcc -c -g -O2 -Wall  conftest.c >&5
conftest.c: In function 'main':
conftest.c:75:8: warning: variable 'a' set but not used [-Wunused-but-set-variable]
   75 |  u_int a; a = 1;
      |        ^
configure:5464: $? = 0
configure:5473: result: yes
configure:5482: checking for intXX_t types
configure:5499: gcc -c -g -O2 -Wall  conftest.c >&5
conftest.c: In function 'main':
conftest.c:76:9: warning: variable 'a' set but not used [-Wunused-but-set-variable]
   76 |  int8_t a; int16_t b; int32_t c; a = b = c = 1;
      |         ^
configure:5499: $? = 0
configure:5508: result: yes
configure:5517: checking for int64_t type
configure:5534: gcc -c -g -O2 -Wall  conftest.c >&5
conftest.c: In function 'main':
conftest.c:77:10: warning: variable 'a' set but not used [-Wunused-but-set-variable]
   77 |  int64_t a; a = 1;
      |          ^
configure:5534: $? = 0
configure:5543: result: yes
configure:5552: checking for u_intXX_t types
configure:5569: gcc -c -g -O2 -Wall  conftest.c >&5
conftest.c: In function 'main':
conftest.c:78:11: warning: variable 'a' set but not used [-Wunused-but-set-variable]
   78 |  u_int8_t a; u_int16_t b; u_int32_t c; a = b = c = 1;
      |           ^
configure:5569: $? = 0
configure:5578: result: yes
configure:5587: checking for u_int64_t types
configure:5604: gcc -c -g -O2 -Wall  conftest.c >&5
conftest.c: In function 'main':
conftest.c:79:12: warning: variable 'a' set but not used [-Wunused-but-set-variable]
   79 |  u_int64_t a; a = 1;
      |            ^
configure:5604: $? = 0
configure:5613: result: yes
configure:5699: checking for socklen_t
configure:5719: gcc -c -g -O2 -Wall  conftest.c >&5
conftest.c: In function 'main':
conftest.c:83:11: warning: variable 'foo' set but not used [-Wunused-but-set-variable]
   83 | socklen_t foo; foo = 1235;
      |           ^~~
configure:5719: $? = 0
configure:5728: result: yes
configure:5736: checking for size_t
configure:5755: gcc -c -g -O2 -Wall  conftest.c >&5
conftest.c: In function 'main':
conftest.c:83:9: warning: variable 'foo' set but not used [-Wunused-but-set-variable]
   83 |  size_t foo; foo = 1235;
      |         ^~~
configure:5755: $? = 0
configure:5764: result: yes
configure:5772: checking for ssize_t
configure:5791: gcc -c -g -O2 -Wall  conftest.c >&5
conftest.c: In function 'main':
conftest.c:84:10: warning: variable 'foo' set but not used [-Wunused-but-set-variable]
   84 |  ssize_t foo; foo = 1235;
      |          ^~~
configure:5791: $? = 0
configure:5800: result: yes
configure:5808: checking for clock_t
configure:5827: gcc -c -g -O2 -Wall  conftest.c >&5
conftest.c: In function 'main':
conftest.c:85:10: warning: variable 'foo' set but not used [-Wunused-but-set-variable]
   85 |  clock_t foo; foo = 1235;
      |          ^~~
configure:5827: $? = 0
configure:5836: result: yes
configure:5844: checking for sa_family_t
configure:5864: gcc -c -g -O2 -Wall  conftest.c >&5
conftest.c: In function 'main':
conftest.c:87:14: warning: variable 'foo' set but not used [-Wunused-but-set-variable]
   87 |  sa_family_t foo; foo = 1235;
      |              ^~~
configure:5864: $? = 0
configure:5894: result: yes
configure:5903: checking for struct sockaddr_storage
configure:5923: gcc -c -g -O2 -Wall  conftest.c >&5
conftest.c: In function 'main':
conftest.c:88:26: warning: unused variable 's' [-Wunused-variable]
   88 |  struct sockaddr_storage s;
      |                          ^
configure:5923: $? = 0
configure:5932: result: yes
configure:5940: checking for struct sockaddr_in6
configure:5960: gcc -c -g -O2 -Wall  conftest.c >&5
conftest.c: In function 'main':
conftest.c:89:22: warning: variable 's' set but not used [-Wunused-but-set-variable]
   89 |  struct sockaddr_in6 s; s.sin6_family = 0;
      |                      ^
configure:5960: $? = 0
configure:5969: result: yes
configure:5977: checking for struct in6_addr
configure:5997: gcc -c -g -O2 -Wall  conftest.c >&5
conftest.c: In function 'main':
conftest.c:90:18: warning: variable 's' set but not used [-Wunused-but-set-variable]
   90 |  struct in6_addr s; s.s6_addr[0] = 0;
      |                  ^
configure:5997: $? = 0
configure:6006: result: yes
configure:6014: checking for struct addrinfo
configure:6035: gcc -c -g -O2 -Wall  conftest.c >&5
conftest.c: In function 'main':
conftest.c:92:18: warning: variable 's' set but not used [-Wunused-but-set-variable]
   92 |  struct addrinfo s; s.ai_flags = AI_PASSIVE;
      |                  ^
configure:6035: $? = 0
configure:6044: result: yes
configure:6052: checking for struct timeval
configure:6069: gcc -c -g -O2 -Wall  conftest.c >&5
conftest.c: In function 'main':
conftest.c:89:17: warning: variable 'tv' set but not used [-Wunused-but-set-variable]
   89 |  struct timeval tv; tv.tv_sec = 1;
      |                 ^~
configure:6069: $? = 0
configure:6078: result: yes
configure:6087: checking for sun_len field in struct sockaddr_un
configure:6107: gcc -c -g -O2 -Wall  conftest.c >&5
conftest.c: In function 'main':
conftest.c:93:21: error: storage size of 's' isn't known
   93 |  struct sockaddr_un s; s.sun_len = 1;
      |                     ^
conftest.c:93:21: warning: unused variable 's' [-Wunused-variable]
configure:6107: $? = 1
configure: failed program was:
| /* confdefs.h */
| #define PACKAGE_NAME "Spread_Util"
| #define PACKAGE_TARNAME "spread_util"
| #define PACKAGE_VERSION "5.0.0"
| #define PACKAGE_STRING "Spread_Util 5.0.0"
| #define PACKAGE_BUGREPORT ""
| #define PACKAGE_URL ""
| #define STDC_HEADERS 1
| #define HAVE_SYS_TYPES_H 1
| #define HAVE_SYS_STAT_H 1
| #define HAVE_STDLIB_H 1
| #define HAVE_STRING_H 1
| #define HAVE_MEMORY_H 1
| #define HAVE_STRINGS_H 1
| #define HAVE_INTTYPES_H 1
| #define HAVE_STDINT_H 1
| #define HAVE_UNISTD_H 1
| #define HAVE_LIBPTHREAD 1
| #define HAVE_PTHREAD_ATFORK 1
| #define HAVE_LIBNSL 1
| #define HAVE_LIBM 1
| #define HAVE_STRFTIME 1
| #define HAVE_ARPA_INET_H 1
| #define HAVE_ASSERT_H 1
| #define HAVE_ERRNO_H 1
| #define HAVE_GRP_H 1
| #define HAVE_LIMITS_H 1
| #define HAVE_NETDB_H 1
| #define HAVE_NETINET_IN_H 1
| #define HAVE_NETINET_TCP_H 1
| #define HAVE_PTHREAD_H 1
| #define HAVE_PWD_H 1
| #define HAVE_SIGNAL_H 1
| #define HAVE_STDARG_H 1
| #define HAVE_STDINT_H 1
| #define HAVE_STDIO_H 1
| #define HAVE_STDLIB_H 1
| #define HAVE_STRING_H 1
| #define HAVE_SYS_IOCTL_H 1
| #define HAVE_SYS_PARAM_H 1
| #define HAVE_SYS_SOCKET_H 1
| #define HAVE_SYS_STAT_H 1
| #define HAVE_SYS_TIME_H 1
| #define HAVE_SYS_TIMEB_H 1
| #define HAVE_SYS_TYPES_H 1
| #define HAVE_SYS_UIO_H 1
| #define HAVE_SYS_UN_H 1
| #define HAVE_TIME_H 1
| #define HAVE_UNISTD_H 1
| #define HAVE_BCOPY 1
| #define HAVE_INET_ATON 1
| #define HAVE_INET_NTOA 1
| #define HAVE_INET_NTOP 1
| #define HAVE_MEMMOVE 1
| #define HAVE_SETSID 1
| #define HAVE_SNPRINTF 1
| #define HAVE_STRERROR 1
| #define HAVE_LRAND48 1
| #define HAVE_GETTIMEOFDAY 1
| #define HAVE_TIME 1
| #define HAVE_CLOCK_GETTIME_CLOCK_MONOTONIC 1
| #define HAVE_DLADDR 1
| #define SIZEOF_CHAR 1
| #define SIZEOF_SHORT_INT 2
| #define SIZEOF_INT 4
| #define SIZEOF_LONG_INT 8
| #define SIZEOF_LONG_LONG_INT 8
| #define HAVE_STRUCT_TIMEZONE 1
| #define ARCH_SCATTER_CONTROL 1
| #define HAVE_U_INT 1
| #define HAVE_INTXX_T 1
| #define HAVE_INT64_T 1
| #define HAVE_U_INTXX_T 1
| #define HAVE_U_INT64_T 1
| #define HAVE_SOCKLEN_T 1
| #define HAVE_SIZE_T 1
| #define HAVE_SSIZE_T 1
| #define HAVE_CLOCK_T 1
| #define HAVE_SA_FAMILY_T 1
| #define HAVE_STRUCT_SOCKADDR_STORAGE 1
| #define HAVE_STRUCT_SOCKADDR_IN6 1
| #define HAVE_STRUCT_IN6_ADDR 1
| #define HAVE_STRUCT_ADDRINFO 1
| #define HAVE_STRUCT_TIMEVAL 1
| /* end confdefs.h.  */
| 
| #include <sys/types.h>
| #include <sys/socket.h>
| 
| int
| main ()
| {
|  struct sockaddr_un s; s.sun_len = 1;
|   ;
|   return 0;
| }
configure:6115: result: no
configure:6123: checking for sin_len field in sockaddr_in
configure:6144: gcc -c -g -O2 -Wall  conftest.c >&5
conftest.c: In function 'main':
conftest.c:94:25: error: 'struct sockaddr_in' has no member named 'sin_len'
   94 |  struct sockaddr_in s; s.sin_len = sizeof(s);
      |                         ^
configure:6144: $? = 1
configure: failed program was:
| /* confdefs.h */
| #define PACKAGE_NAME "Spread_Util"
| #define PACKAGE_TARNAME "spread_util"
| #define PACKAGE_VERSION "5.0.0"
| #define PACKAGE_STRING "Spread_Util 5.0.0"
| #define PACKAGE_BUGREPORT ""
| #define PACKAGE_URL ""
| #define STDC_HEADERS 1
| #define HAVE_SYS_TYPES_H 1
| #define HAVE_SYS_STAT_H 1
| #define HAVE_STDLIB_H 1
| #define HAVE_STRING_H 1
| #define HAVE_MEMORY_H 1
| #define HAVE_STRINGS_H 1
| #define HAVE_INTTYPES_H 1
| #define HAVE_STDINT_H 1
| #define HAVE_UNISTD_H 1
| #define HAVE_LIBPTHREAD 1
| #define HAVE_PTHREAD_ATFORK 1
| #define HAVE_LIBNSL 1
| #define HAVE_LIBM 1
| #define HAVE_STRFTIME 1
| #define HAVE_ARPA_INET_H 1
| #define HAVE_ASSERT_H 1
| #define HAVE_ERRNO_H 1
| #define HAVE_GRP_H 1
| #define HAVE_LIMITS_H 1
| #define HAVE_NETDB_H 1
| #define HAVE_NETINET_IN_H 1
| #define HAVE_NETINET_TCP_H 1
| #define HAVE_PTHREAD_H 1
| #define HAVE_PWD_H 1
| #define HAVE_SIGNAL_H 1
| #define HAVE_STDARG_H 1
| #define HAVE_STDINT_H 1
| #define HAVE_STDIO_H 1
| #define HAVE_STDLIB_H 1
| #define HAVE_STRING_H 1
| #define HAVE_SYS_IOCTL_H 1
| #define HAVE_SYS_PARAM_H 1
| #define HAVE_SYS_SOCKET_H 1
| #define HAVE_SYS_STAT_H 1
| #define HAVE_SYS_TIME_H 1
| #define HAVE_SYS_TIMEB_H 1
| #define HAVE_SYS_TYPES_H 1
| #define HAVE_SYS_UIO_H 1
| #define HAVE_SYS_UN_H 1
| #define HAVE_TIME_H 1
| #define HAVE_UNISTD_H 1
| #define HAVE_BCOPY 1
| #define HAVE_INET_ATON 1
| #define HAVE_INET_NTOA 1
| #define HAVE_INET_NTOP 1
| #define HAVE_MEMMOVE 1
| #define HAVE_SETSID 1
| #define HAVE_SNPRINTF 1
| #define HAVE_STRERROR 1
| #define HAVE_LRAND48 1
| #define HAVE_GETTIMEOFDAY 1
| #define HAVE_TIME 1
| #define HAVE_CLOCK_GETTIME_CLOCK_MONOTONIC 1
| #define HAVE_DLADDR 1
| #define SIZEOF_CHAR 1
| #define SIZEOF_SHORT_INT 2
| #define SIZEOF_INT 4
| #define SIZEOF_LONG_INT 8
| #define SIZEOF_LONG_LONG_INT 8
| #define HAVE_STRUCT_TIMEZONE 1
| #define ARCH_SCATTER_CONTROL 1
| #define HAVE_U_INT 1
| #define HAVE_INTXX_T 1
| #define HAVE_INT64_T 1
| #define HAVE_U_INTXX_T 1
| #define HAVE_U_INT64_T 1
| #define HAVE_SOCKLEN_T 1
| #define HAVE_SIZE_T 1
| #define HAVE_SSIZE_T 1
| #define HAVE_CLOCK_T 1
| #define HAVE_SA_FAMILY_T 1
| #define HAVE_STRUCT_SOCKADDR_STORAGE 1
| #define HAVE_STRUCT_SOCKADDR_IN6 1
| #define HAVE_STRUCT_IN6_ADDR 1
| #define HAVE_STRUCT_ADDRINFO 1
| #define HAVE_STRUCT_TIMEVAL 1
| /* end confdefs.h.  */
| 
| #include <sys/types.h>
| #include <sys/socket.h>
| #include <netinet/in.h>
| 
| int
| main ()
| {
|  struct sockaddr_in s; s.sin_len = sizeof(s);
|   ;
|   return 0;
| }
configure:6152: result: no
configure:6160: checking for ss_family field in struct sockaddr_storage
configure:6180: gcc -c -g -O2 -Wall  conftest.c >&5
conftest.c: In function 'main':
conftest.c:93:26: warning: variable 's' set but not used [-Wunused-but-set-variable]
   93 |  struct sockaddr_storage s; s.ss_family = 1;
      |                          ^
configure:6180: $? = 0
configure:6188: result: yes
configure:6196: checking for __ss_family field in struct sockaddr_storage
configure:6216: gcc -c -g -O2 -Wall  conftest.c >&5
conftest.c: In function 'main':
conftest.c:94:31: error: 'struct sockaddr_storage' has no member named '__ss_family'; did you mean 'ss_family'?
   94 |  struct sockaddr_storage s; s.__ss_family = 1;
      |                               ^~~~~~~~~~~
      |                               ss_family
conftest.c:94:26: warning: variable 's' set but not used [-Wunused-but-set-variable]
   94 |  struct sockaddr_storage s; s.__ss_family = 1;
      |                          ^
configure:6216: $? = 1
configure: failed program was:
| /* confdefs.h */
| #define PACKAGE_NAME "Spread_Util"
| #define PACKAGE_TARNAME "spread_util"
| #define PACKAGE_VERSION "5.0.0"
| #define PACKAGE_STRING "Spread_Util 5.0.0"
| #define PACKAGE_BUGREPORT ""
| #define PACKAGE_URL ""
| #define STDC_HEADERS 1
| #define HAVE_SYS_TYPES_H 1
| #define HAVE_SYS_STAT_H 1
| #define HAVE_STDLIB_H 1
| #define HAVE_STRING_H 1
| #define HAVE_MEMORY_H 1
| #define HAVE_STRINGS_H 1
| #define HAVE_INTTYPES_H 1
| #define HAVE_STDINT_H 1
| #define HAVE_UNISTD_H 1
| #define HAVE_LIBPTHREAD 1
| #define HAVE_PTHREAD_ATFORK 1
| #define HAVE_LIBNSL 1
| #define HAVE_LIBM 1
| #define HAVE_STRFTIME 1
| #define HAVE_ARPA_INET_H 1
| #define HAVE_ASSERT_H 1
| #define HAVE_ERRNO_H 1
| #define HAVE_GRP_H 1
| #define HAVE_LIMITS_H 1
| #define HAVE_NETDB_H 1
| #define HAVE_NETINET_IN_H 1
| #define HAVE_NETINET_TCP_H 1
| #define HAVE_PTHREAD_H 1
| #define HAVE_PWD_H 1
| #define HAVE_SIGNAL_H 1
| #define HAVE_STDARG_H 1
| #define HAVE_STDINT_H 1
| #define HAVE_STDIO_H 1
| #define HAVE_STDLIB_H 1
| #define HAVE_STRING_H 1
| #define HAVE_SYS_IOCTL_H 1
| #define HAVE_SYS_PARAM_H 1
| #define HAVE_SYS_SOCKET_H 1
| #define HAVE_SYS_STAT_H 1
| #define HAVE_SYS_TIME_H 1
| #define HAVE_SYS_TIMEB_H 1
| #define HAVE_SYS_TYPES_H 1
| #define HAVE_SYS_UIO_H 1
| #define HAVE_SYS_UN_H 1
| #define HAVE_TIME_H 1
| #define HAVE_UNISTD_H 1
| #define HAVE_BCOPY 1
| #define HAVE_INET_ATON 1
| #define HAVE_INET_NTOA 1
| #define HAVE_INET_NTOP 1
| #define HAVE_MEMMOVE 1
| #define HAVE_SETSID 1
| #define HAVE_SNPRINTF 1
| #define HAVE_STRERROR 1
| #define HAVE_LRAND48 1
| #define HAVE_GETTIMEOFDAY 1
| #define HAVE_TIME 1
| #define HAVE_CLOCK_GETTIME_CLOCK_MONOTONIC 1
| #define HAVE_DLADDR 1
| #define SIZEOF_CHAR 1
| #define SIZEOF_SHORT_INT 2
| #define SIZEOF_INT 4
| #define SIZEOF_LONG_INT 8
| #define SIZEOF_LONG_LONG_INT 8
| #define HAVE_STRUCT_TIMEZONE 1
| #define ARCH_SCATTER_CONTROL 1
| #define HAVE_U_INT 1
| #define HAVE_INTXX_T 1
| #define HAVE_INT64_T 1
| #define HAVE_U_INTXX_T 1
| #define HAVE_U_INT64_T 1
| #define HAVE_SOCKLEN_T 1
| #define HAVE_SIZE_T 1
| #define HAVE_SSIZE_T 1
| #define HAVE_CLOCK_T 1
| #define HAVE_SA_FAMILY_T 1
| #define HAVE_STRUCT_SOCKADDR_STORAGE 1
| #define HAVE_STRUCT_SOCKADDR_IN6 1
| #define HAVE_STRUCT_IN6_ADDR 1
| #define HAVE_STRUCT_ADDRINFO 1
| #define HAVE_STRUCT_TIMEVAL 1
| #define HAVE_SS_FAMILY_IN_SS 1
| /* end confdefs.h.  */
| 
| #include <sys/types.h>
| #include <sys/socket.h>
| 
| int
| main ()
| {
|  struct sockaddr_storage s; s.__ss_family = 1;
|   ;
|   return 0;
| }
configure:6225: result: no
configure:6233: checking for pid_t
configure:6252: gcc -c -g -O2 -Wall  conftest.c >&5
conftest.c: In function 'main':
conftest.c:93:8: warning: variable 'foo' set but not used [-Wunused-but-set-variable]
   93 |  pid_t foo; foo = 1235;
      |        ^~~
configure:6252: $? = 0
configure:6261: result: yes
configure:6269: checking if libc defines __progname
configure:6286: gcc -o conftest -g -O2 -Wall   conftest.c -ldl -lm -lrt -lnsl  >&5
conftest.c: In function 'main':
conftest.c:92:27: warning: implicit declaration of function 'printf' [-Wimplicit-function-declaration]
   92 |  extern char *__progname; printf("%s", __progname);
      |                           ^~~~~~
conftest.c:92:27: warning: incompatible implicit declaration of built-in function 'printf'
conftest.c:1:1: note: include '<stdio.h>' or provide a declaration of 'printf'
    1 | /* confdefs.h */
configure:6286: $? = 0
configure:6296: result: yes
configure:6305: checking if libc defines sys_errlist
configure:6322: gcc -o conftest -g -O2 -Wall   conftest.c -ldl -lm -lrt -lnsl  >&5
conftest.c: In function 'main':
conftest.c:93:42: warning: implicit declaration of function 'printf' [-Wimplicit-function-declaration]
   93 |  extern const char *const sys_errlist[]; printf("%s", sys_errlist[0]);
      |                                          ^~~~~~
conftest.c:93:42: warning: incompatible implicit declaration of built-in function 'printf'
conftest.c:1:1: note: include '<stdio.h>' or provide a declaration of 'printf'
    1 | /* confdefs.h */
/usr/bin/ld: /tmp/ccEInKQT.o: in function `main':
/usr/local/spread/spread-src-5.0.1/libspread-util/conftest.c:93: warning: `sys_errlist' is deprecated; use `strerror' or `strerror_r' instead
configure:6322: $? = 0
configure:6332: result: yes
configure:6341: checking if libc defines sys_nerr
configure:6358: gcc -o conftest -g -O2 -Wall   conftest.c -ldl -lm -lrt -lnsl  >&5
conftest.c: In function 'main':
conftest.c:94:23: warning: implicit declaration of function 'printf' [-Wimplicit-function-declaration]
   94 |  extern int sys_nerr; printf("%i", sys_nerr);
      |                       ^~~~~~
conftest.c:94:23: warning: incompatible implicit declaration of built-in function 'printf'
conftest.c:1:1: note: include '<stdio.h>' or provide a declaration of 'printf'
    1 | /* confdefs.h */
/usr/bin/ld: /tmp/ccmOmbgP.o: in function `main':
/usr/local/spread/spread-src-5.0.1/libspread-util/conftest.c:94: warning: `sys_nerr' is deprecated; use `strerror' or `strerror_r' instead
configure:6358: $? = 0
configure:6368: result: yes
configure:6399: checking for nroff
configure:6418: found /usr/bin/nroff
configure:6430: result: /usr/bin/nroff
configure:6678: creating ./config.status

## ---------------------- ##
## Running config.status. ##
## ---------------------- ##

This file was extended by Spread_Util config.status 5.0.0, which was
generated by GNU Autoconf 2.69.  Invocation command line was

  CONFIG_FILES    = 
  CONFIG_HEADERS  = 
  CONFIG_LINKS    = 
  CONFIG_COMMANDS = 
  $ ./config.status 

on vm-ubuntu-java11

config.status:901: creating Makefile
config.status:901: creating src/Makefile
config.status:901: creating docs/Makefile
config.status:901: creating include/Makefile
config.status:901: creating src/config.h

## ---------------- ##
## Cache variables. ##
## ---------------- ##

ac_cv_arch_win=no
ac_cv_build=x86_64-unknown-linux-gnu
ac_cv_c_bigendian=no
ac_cv_c_compiler_gnu=yes
ac_cv_c_inline=inline
ac_cv_clock_gettime_monotonic=yes
ac_cv_env_CC_set=
ac_cv_env_CC_value=
ac_cv_env_CFLAGS_set=
ac_cv_env_CFLAGS_value=
ac_cv_env_CPPFLAGS_set=
ac_cv_env_CPPFLAGS_value=
ac_cv_env_CPP_set=
ac_cv_env_CPP_value=
ac_cv_env_LDFLAGS_set=
ac_cv_env_LDFLAGS_value=
ac_cv_env_LIBS_set=
ac_cv_env_LIBS_value=
ac_cv_env_build_alias_set=
ac_cv_env_build_alias_value=
ac_cv_env_host_alias_set=
ac_cv_env_host_alias_value=
ac_cv_env_target_alias_set=
ac_cv_env_target_alias_value=
ac_cv_func_bcopy=yes
ac_cv_func_gettimeofday=yes
ac_cv_func_inet_aton=yes
ac_cv_func_inet_ntoa=yes
ac_cv_func_inet_ntop=yes
ac_cv_func_lrand48=yes
ac_cv_func_memmove=yes
ac_cv_func_pthread_atfork=yes
ac_cv_func_setsid=yes
ac_cv_func_snprintf=yes
ac_cv_func_strerror=yes
ac_cv_func_strftime=yes
ac_cv_func_time=yes
ac_cv_have___ss_family_in_struct_ss=no
ac_cv_have_clock_t=yes
ac_cv_have_dladdr=yes
ac_cv_have_int64_t=yes
ac_cv_have_intxx_t=yes
ac_cv_have_pid_t=yes
ac_cv_have_sa_family_t=yes
ac_cv_have_sin_len_in_struct_sockaddr_in=no
ac_cv_have_size_t=yes
ac_cv_have_socklen_t=yes
ac_cv_have_sockopt_len_t=no
ac_cv_have_ss_family_in_struct_ss=yes
ac_cv_have_ssize_t=yes
ac_cv_have_struct_addrinfo=yes
ac_cv_have_struct_in6_addr=yes
ac_cv_have_struct_msghdr=yes
ac_cv_have_struct_msghdr_acc=no
ac_cv_have_struct_msghdr_ctl=yes
ac_cv_have_struct_sockaddr_in6=yes
ac_cv_have_struct_sockaddr_storage=yes
ac_cv_have_struct_timeval=yes
ac_cv_have_struct_timezone=yes
ac_cv_have_sun_len_in_struct_sockaddr_un=no
ac_cv_have_u_int64_t=yes
ac_cv_have_u_int=yes
ac_cv_have_u_intxx_t=yes
ac_cv_header_arpa_inet_h=yes
ac_cv_header_assert_h=yes
ac_cv_header_errno_h=yes
ac_cv_header_grp_h=yes
ac_cv_header_inttypes_h=yes
ac_cv_header_limits_h=yes
ac_cv_header_memory_h=yes
ac_cv_header_netdb_h=yes
ac_cv_header_netinet_in_h=yes
ac_cv_header_netinet_tcp_h=yes
ac_cv_header_process_h=no
ac_cv_header_pthread_h=yes
ac_cv_header_pwd_h=yes
ac_cv_header_signal_h=yes
ac_cv_header_stdarg_h=yes
ac_cv_header_stdc=yes
ac_cv_header_stdint_h=yes
ac_cv_header_stdio_h=yes
ac_cv_header_stdlib_h=yes
ac_cv_header_string_h=yes
ac_cv_header_strings_h=yes
ac_cv_header_sys_filio_h=no
ac_cv_header_sys_inttypes_h=no
ac_cv_header_sys_ioctl_h=yes
ac_cv_header_sys_param_h=yes
ac_cv_header_sys_socket_h=yes
ac_cv_header_sys_stat_h=yes
ac_cv_header_sys_time_h=yes
ac_cv_header_sys_timeb_h=yes
ac_cv_header_sys_types_h=yes
ac_cv_header_sys_uio_h=yes
ac_cv_header_sys_un_h=yes
ac_cv_header_time_h=yes
ac_cv_header_unistd_h=yes
ac_cv_header_winsock2_h=no
ac_cv_header_ws2tcpip_h=no
ac_cv_host=x86_64-unknown-linux-gnu
ac_cv_ldflag_pthread=yes
ac_cv_lib_m_sqrt=yes
ac_cv_lib_nsl_gethostbyaddr=yes
ac_cv_lib_posix4_sem_wait=no
ac_cv_lib_pthread_pthread_create=yes
ac_cv_lib_socket_socket=no
ac_cv_lib_thread_thr_create=no
ac_cv_libc_defines___progname=yes
ac_cv_libc_defines_sys_errlist=yes
ac_cv_libc_defines_sys_nerr=yes
ac_cv_objext=o
ac_cv_path_AR=/usr/bin/ar
ac_cv_path_EGREP='/usr/bin/grep -E'
ac_cv_path_GREP=/usr/bin/grep
ac_cv_path_NROFF=/usr/bin/nroff
ac_cv_path_PERL=/usr/bin/perl
ac_cv_path_install='/usr/bin/install -c'
ac_cv_prog_CPP='gcc -E'
ac_cv_prog_ac_ct_CC=gcc
ac_cv_prog_ac_ct_RANLIB=ranlib
ac_cv_prog_cc_c89=
ac_cv_prog_cc_g=yes
ac_cv_search_dladdr=-ldl
ac_cv_search_nanosleep='none required'
ac_cv_search_shm_open=-lrt
ac_cv_sizeof_char=1
ac_cv_sizeof_int=4
ac_cv_sizeof_long_int=8
ac_cv_sizeof_long_long_int=8
ac_cv_sizeof_short_int=2

## ----------------- ##
## Output variables. ##
## ----------------- ##

AR='/usr/bin/ar'
CC='gcc'
CFLAGS='-g -O2 -Wall'
CPP='gcc -E'
CPPFLAGS=''
DEFS='-DHAVE_CONFIG_H'
ECHO_C=''
ECHO_N='-n'
ECHO_T=''
EGREP='/usr/bin/grep -E'
EXEEXT=''
GREP='/usr/bin/grep'
INSTALL_DATA='${INSTALL} -m 644'
INSTALL_PROGRAM='${INSTALL}'
INSTALL_SCRIPT='${INSTALL}'
LD='gcc'
LDFLAGS=''
LIBOBJS=''
LIBS='-ldl -lm -lrt -lnsl '
LIBSPSO='libspread-util.so'
LN_S='ln -s'
LTLIBOBJS=''
MANTYPE='doc'
NROFF='/usr/bin/nroff'
OBJEXT='o'
PACKAGE_BUGREPORT=''
PACKAGE_NAME='Spread_Util'
PACKAGE_STRING='Spread_Util 5.0.0'
PACKAGE_TARNAME='spread_util'
PACKAGE_URL=''
PACKAGE_VERSION='5.0.0'
PATH_SEPARATOR=':'
PERL='/usr/bin/perl'
RANLIB='ranlib'
SHCC='gcc'
SHCFLAGS='-g -O2 -Wall -fPIC'
SHCPPFLAGS=''
SHELL='/bin/bash'
SHLD='gcc -shared'
SHLDCONVERTSTATIC='-Wl,-whole-archive'
SHLDCONVERTSTATICEND='-Wl,-no-whole-archive'
SHLDFLAGS=' '
SHLDNAME='-soname,'
SHLDOPTION='-Wl,'
SHLIBS='-ldl -lm -lrt -lnsl '
THLDFLAGS=''
THLIBS='-lpthread '
ac_ct_CC='gcc'
bindir='${exec_prefix}/bin'
build='x86_64-unknown-linux-gnu'
build_alias=''
build_cpu='x86_64'
build_os='linux-gnu'
build_vendor='unknown'
datadir='${datarootdir}'
datarootdir='${prefix}/share'
docdir='${datadir}/doc/libspread-util'
dvidir='${docdir}'
exec_prefix='${prefix}'
host='x86_64-unknown-linux-gnu'
host_alias=''
host_cpu='x86_64'
host_os='linux-gnu'
host_vendor='unknown'
htmldir='${docdir}'
includedir='${prefix}/include'
infodir='${datarootdir}/info'
libdir='${exec_prefix}/lib'
libexecdir='${exec_prefix}/libexec'
localedir='${datarootdir}/locale'
localstatedir='${prefix}/var'
mandir='${datarootdir}/man'
mansubdir='man'
oldincludedir='/usr/include'
pdfdir='${docdir}'
prefix='/usr/local'
program_transform_name='s,x,x,'
psdir='${docdir}'
sbindir='${exec_prefix}/sbin'
sharedstatedir='${prefix}/com'
sysconfdir='${prefix}/etc'
target_alias=''

## ----------- ##
## confdefs.h. ##
## ----------- ##

/* confdefs.h */
#define PACKAGE_NAME "Spread_Util"
#define PACKAGE_TARNAME "spread_util"
#define PACKAGE_VERSION "5.0.0"
#define PACKAGE_STRING "Spread_Util 5.0.0"
#define PACKAGE_BUGREPORT ""
#define PACKAGE_URL ""
#define STDC_HEADERS 1
#define HAVE_SYS_TYPES_H 1
#define HAVE_SYS_STAT_H 1
#define HAVE_STDLIB_H 1
#define HAVE_STRING_H 1
#define HAVE_MEMORY_H 1
#define HAVE_STRINGS_H 1
#define HAVE_INTTYPES_H 1
#define HAVE_STDINT_H 1
#define HAVE_UNISTD_H 1
#define HAVE_LIBPTHREAD 1
#define HAVE_PTHREAD_ATFORK 1
#define HAVE_LIBNSL 1
#define HAVE_LIBM 1
#define HAVE_STRFTIME 1
#define HAVE_ARPA_INET_H 1
#define HAVE_ASSERT_H 1
#define HAVE_ERRNO_H 1
#define HAVE_GRP_H 1
#define HAVE_LIMITS_H 1
#define HAVE_NETDB_H 1
#define HAVE_NETINET_IN_H 1
#define HAVE_NETINET_TCP_H 1
#define HAVE_PTHREAD_H 1
#define HAVE_PWD_H 1
#define HAVE_SIGNAL_H 1
#define HAVE_STDARG_H 1
#define HAVE_STDINT_H 1
#define HAVE_STDIO_H 1
#define HAVE_STDLIB_H 1
#define HAVE_STRING_H 1
#define HAVE_SYS_IOCTL_H 1
#define HAVE_SYS_PARAM_H 1
#define HAVE_SYS_SOCKET_H 1
#define HAVE_SYS_STAT_H 1
#define HAVE_SYS_TIME_H 1
#define HAVE_SYS_TIMEB_H 1
#define HAVE_SYS_TYPES_H 1
#define HAVE_SYS_UIO_H 1
#define HAVE_SYS_UN_H 1
#define HAVE_TIME_H 1
#define HAVE_UNISTD_H 1
#define HAVE_BCOPY 1
#define HAVE_INET_ATON 1
#define HAVE_INET_NTOA 1
#define HAVE_INET_NTOP 1
#define HAVE_MEMMOVE 1
#define HAVE_SETSID 1
#define HAVE_SNPRINTF 1
#define HAVE_STRERROR 1
#define HAVE_LRAND48 1
#define HAVE_GETTIMEOFDAY 1
#define HAVE_TIME 1
#define HAVE_CLOCK_GETTIME_CLOCK_MONOTONIC 1
#define HAVE_DLADDR 1
#define SIZEOF_CHAR 1
#define SIZEOF_SHORT_INT 2
#define SIZEOF_INT 4
#define SIZEOF_LONG_INT 8
#define SIZEOF_LONG_LONG_INT 8
#define HAVE_STRUCT_TIMEZONE 1
#define ARCH_SCATTER_CONTROL 1
#define HAVE_U_INT 1
#define HAVE_INTXX_T 1
#define HAVE_INT64_T 1
#define HAVE_U_INTXX_T 1
#define HAVE_U_INT64_T 1
#define HAVE_SOCKLEN_T 1
#define HAVE_SIZE_T 1
#define HAVE_SSIZE_T 1
#define HAVE_CLOCK_T 1
#define HAVE_SA_FAMILY_T 1
#define HAVE_STRUCT_SOCKADDR_STORAGE 1
#define HAVE_STRUCT_SOCKADDR_IN6 1
#define HAVE_STRUCT_IN6_ADDR 1
#define HAVE_STRUCT_ADDRINFO 1
#define HAVE_STRUCT_TIMEVAL 1
#define HAVE_SS_FAMILY_IN_SS 1
#define HAVE_PID_T 1
#define HAVE___PROGNAME 1
#define HAVE_SYS_ERRLIST 1
#define HAVE_SYS_NERR 1

configure: exit 0
